[ 2017-09-15T08:32:17+08:00 ] 192.168.254.1 /
INFO: [ app_init ] --START--
INFO: Run Behavior\BuildLiteBehavior [ RunTime:0.000026s ]
INFO: [ app_init ] --END-- [ RunTime:0.019607s ]
INFO: [ app_begin ] --START--
INFO: Run Behavior\ReadHtmlCacheBehavior [ RunTime:0.000912s ]
INFO: [ app_begin ] --END-- [ RunTime:0.001018s ]
NOTIC: [2] mdecrypt_generic(): An empty string was passed /opt/www/crap/ThinkPHP/Library/Org/Util/AES.class.php 第 51 行.
NOTIC: [2] preg_match(): Null byte in regex /opt/www/crap/ThinkPHP/Library/Org/Util/AES.class.php 第 80 行.

[ 2017-09-15T08:32:18+08:00 ] 192.168.254.1 /
INFO: [ app_init ] --START--
INFO: Run Behavior\BuildLiteBehavior [ RunTime:0.000011s ]
INFO: [ app_init ] --END-- [ RunTime:0.000307s ]
INFO: [ app_begin ] --START--
INFO: Run Behavior\ReadHtmlCacheBehavior [ RunTime:0.000317s ]
INFO: [ app_begin ] --END-- [ RunTime:0.000372s ]
NOTIC: [2] mdecrypt_generic(): An empty string was passed /opt/www/crap/ThinkPHP/Library/Org/Util/AES.class.php 第 51 行.
NOTIC: [2] preg_match(): Null byte in regex /opt/www/crap/ThinkPHP/Library/Org/Util/AES.class.php 第 80 行.

[ 2017-09-15T08:32:18+08:00 ] 192.168.254.1 /
INFO: [ app_init ] --START--
INFO: Run Behavior\BuildLiteBehavior [ RunTime:0.000019s ]
INFO: [ app_init ] --END-- [ RunTime:0.000420s ]
INFO: [ app_begin ] --START--
INFO: Run Behavior\ReadHtmlCacheBehavior [ RunTime:0.000385s ]
INFO: [ app_begin ] --END-- [ RunTime:0.000435s ]
NOTIC: [2] mdecrypt_generic(): An empty string was passed /opt/www/crap/ThinkPHP/Library/Org/Util/AES.class.php 第 51 行.
NOTIC: [2] preg_match(): Null byte in regex /opt/www/crap/ThinkPHP/Library/Org/Util/AES.class.php 第 80 行.

[ 2017-09-15T08:32:19+08:00 ] 192.168.254.1 /
INFO: [ app_init ] --START--
INFO: Run Behavior\BuildLiteBehavior [ RunTime:0.000018s ]
INFO: [ app_init ] --END-- [ RunTime:0.000471s ]
INFO: [ app_begin ] --START--
INFO: Run Behavior\ReadHtmlCacheBehavior [ RunTime:0.000626s ]
INFO: [ app_begin ] --END-- [ RunTime:0.000701s ]
NOTIC: [2] mdecrypt_generic(): An empty string was passed /opt/www/crap/ThinkPHP/Library/Org/Util/AES.class.php 第 51 行.
NOTIC: [2] preg_match(): Null byte in regex /opt/www/crap/ThinkPHP/Library/Org/Util/AES.class.php 第 80 行.

[ 2017-09-15T08:32:19+08:00 ] 192.168.254.1 /
INFO: [ app_init ] --START--
INFO: Run Behavior\BuildLiteBehavior [ RunTime:0.000020s ]
INFO: [ app_init ] --END-- [ RunTime:0.000652s ]
INFO: [ app_begin ] --START--
INFO: Run Behavior\ReadHtmlCacheBehavior [ RunTime:0.000751s ]
INFO: [ app_begin ] --END-- [ RunTime:0.000869s ]
NOTIC: [2] mdecrypt_generic(): An empty string was passed /opt/www/crap/ThinkPHP/Library/Org/Util/AES.class.php 第 51 行.
NOTIC: [2] preg_match(): Null byte in regex /opt/www/crap/ThinkPHP/Library/Org/Util/AES.class.php 第 80 行.

[ 2017-09-15T08:32:20+08:00 ] 192.168.254.1 /
INFO: [ app_init ] --START--
INFO: Run Behavior\BuildLiteBehavior [ RunTime:0.000012s ]
INFO: [ app_init ] --END-- [ RunTime:0.000370s ]
INFO: [ app_begin ] --START--
INFO: Run Behavior\ReadHtmlCacheBehavior [ RunTime:0.000309s ]
INFO: [ app_begin ] --END-- [ RunTime:0.000344s ]
NOTIC: [2] mdecrypt_generic(): An empty string was passed /opt/www/crap/ThinkPHP/Library/Org/Util/AES.class.php 第 51 行.
NOTIC: [2] preg_match(): Null byte in regex /opt/www/crap/ThinkPHP/Library/Org/Util/AES.class.php 第 80 行.

[ 2017-09-15T08:32:20+08:00 ] 192.168.254.1 /
INFO: [ app_init ] --START--
INFO: Run Behavior\BuildLiteBehavior [ RunTime:0.000040s ]
INFO: [ app_init ] --END-- [ RunTime:0.000848s ]
INFO: [ app_begin ] --START--
INFO: Run Behavior\ReadHtmlCacheBehavior [ RunTime:0.000344s ]
INFO: [ app_begin ] --END-- [ RunTime:0.000384s ]
NOTIC: [2] mdecrypt_generic(): An empty string was passed /opt/www/crap/ThinkPHP/Library/Org/Util/AES.class.php 第 51 行.
NOTIC: [2] preg_match(): Null byte in regex /opt/www/crap/ThinkPHP/Library/Org/Util/AES.class.php 第 80 行.

[ 2017-09-15T08:32:54+08:00 ] 192.168.254.1 /
INFO: [ app_init ] --START--
INFO: Run Behavior\BuildLiteBehavior [ RunTime:0.000036s ]
INFO: [ app_init ] --END-- [ RunTime:0.000264s ]
INFO: [ app_begin ] --START--
INFO: Run Behavior\ReadHtmlCacheBehavior [ RunTime:0.000351s ]
INFO: [ app_begin ] --END-- [ RunTime:0.000386s ]
NOTIC: [2] mdecrypt_generic(): An empty string was passed /opt/www/crap/ThinkPHP/Library/Org/Util/AES.class.php 第 51 行.
NOTIC: [2] preg_match(): Null byte in regex /opt/www/crap/ThinkPHP/Library/Org/Util/AES.class.php 第 80 行.

