[ 2017-09-15T08:34:25+08:00 ] 192.168.254.1 /admin
INFO: [ app_init ] --START--
INFO: Run Behavior\BuildLiteBehavior [ RunTime:0.000016s ]
INFO: [ app_init ] --END-- [ RunTime:0.000502s ]
INFO: [ app_begin ] --START--
INFO: Run Behavior\ReadHtmlCacheBehavior [ RunTime:0.000589s ]
INFO: [ app_begin ] --END-- [ RunTime:0.000648s ]
NOTIC: [2] mdecrypt_generic(): An empty string was passed /opt/www/crap/ThinkPHP/Library/Org/Util/AES.class.php 第 51 行.
NOTIC: [2] preg_match(): Null byte in regex /opt/www/crap/ThinkPHP/Library/Org/Util/AES.class.php 第 80 行.
INFO: [ view_parse ] --START--
INFO: [ template_filter ] --START--
INFO: Run Behavior\ContentReplaceBehavior [ RunTime:0.036281s ]
INFO: [ template_filter ] --END-- [ RunTime:0.036596s ]
INFO: Run Behavior\ParseTemplateBehavior [ RunTime:0.195049s ]
INFO: [ view_parse ] --END-- [ RunTime:0.195210s ]
INFO: [ view_filter ] --START--
INFO: Run Behavior\WriteHtmlCacheBehavior [ RunTime:0.001779s ]
INFO: [ view_filter ] --END-- [ RunTime:0.001890s ]

[ 2017-09-15T08:34:27+08:00 ] 192.168.254.1 /Admin/Login/login
INFO: [ app_init ] --START--
INFO: Run Behavior\BuildLiteBehavior [ RunTime:0.000036s ]
INFO: [ app_init ] --END-- [ RunTime:0.001215s ]
INFO: [ app_begin ] --START--
INFO: Run Behavior\ReadHtmlCacheBehavior [ RunTime:0.001076s ]
INFO: [ app_begin ] --END-- [ RunTime:0.001191s ]
NOTIC: [2] mdecrypt_generic(): An empty string was passed /opt/www/crap/ThinkPHP/Library/Org/Util/AES.class.php 第 51 行.
NOTIC: [2] preg_match(): Null byte in regex /opt/www/crap/ThinkPHP/Library/Org/Util/AES.class.php 第 80 行.
NOTIC: [2048] Declaration of Application\BaseModel::add() should be compatible with Think\Model::add($data = '', $options = Array, $replace = false) /opt/www/crap/Application/BaseModel.class.php 第 12 行.

[ 2017-09-15T14:06:45+08:00 ] 192.168.254.1 /Admin/index
INFO: [ app_init ] --START--
INFO: Run Behavior\BuildLiteBehavior [ RunTime:0.000021s ]
INFO: [ app_init ] --END-- [ RunTime:0.000479s ]
INFO: [ app_begin ] --START--
INFO: Run Behavior\ReadHtmlCacheBehavior [ RunTime:0.000787s ]
INFO: [ app_begin ] --END-- [ RunTime:0.000864s ]
NOTIC: [2] mdecrypt_generic(): An empty string was passed /opt/www/crap/ThinkPHP/Library/Org/Util/AES.class.php 第 51 行.
NOTIC: [2] preg_match(): Null byte in regex /opt/www/crap/ThinkPHP/Library/Org/Util/AES.class.php 第 80 行.
NOTIC: [2048] Declaration of Application\BaseModel::add() should be compatible with Think\Model::add($data = '', $options = Array, $replace = false) /opt/www/crap/Application/BaseModel.class.php 第 12 行.
NOTIC: [8] Undefined variable: userCount /opt/www/crap/Application/Admin/Controller/IndexController.class.php 第 36 行.
NOTIC: [8] Undefined variable: channelCount /opt/www/crap/Application/Admin/Controller/IndexController.class.php 第 37 行.
NOTIC: [8] Undefined variable: loginCount /opt/www/crap/Application/Admin/Controller/IndexController.class.php 第 41 行.
NOTIC: [8] Undefined variable: recommendJobCount /opt/www/crap/Application/Admin/Controller/IndexController.class.php 第 46 行.
NOTIC: [8] Undefined variable: recommendResumeCount /opt/www/crap/Application/Admin/Controller/IndexController.class.php 第 47 行.
NOTIC: [8] Undefined variable: invitBySmsCount /opt/www/crap/Application/Admin/Controller/IndexController.class.php 第 48 行.
NOTIC: [8] Undefined variable: receiveCount /opt/www/crap/Application/Admin/Controller/IndexController.class.php 第 49 行.
NOTIC: [8] Undefined variable: autoReceiveCount /opt/www/crap/Application/Admin/Controller/IndexController.class.php 第 50 行.
NOTIC: [8] Undefined variable: rejectCount /opt/www/crap/Application/Admin/Controller/IndexController.class.php 第 51 行.
INFO: [ view_parse ] --START--
INFO: [ template_filter ] --START--
INFO: Run Behavior\ContentReplaceBehavior [ RunTime:0.000064s ]
INFO: [ template_filter ] --END-- [ RunTime:0.000110s ]
NOTIC: [8] Undefined variable: currentPage /opt/www/crap/Runtime/Cache/Admin/53ba6b9177d3b17ee3b89aee36ab9c4d.php 第 10 行.
NOTIC: [8] Use of undefined constant today - assumed 'today' /opt/www/crap/Runtime/Cache/Admin/53ba6b9177d3b17ee3b89aee36ab9c4d.php 第 182 行.
NOTIC: [8] Use of undefined constant yesterday - assumed 'yesterday' /opt/www/crap/Runtime/Cache/Admin/53ba6b9177d3b17ee3b89aee36ab9c4d.php 第 183 行.
NOTIC: [8] Use of undefined constant week - assumed 'week' /opt/www/crap/Runtime/Cache/Admin/53ba6b9177d3b17ee3b89aee36ab9c4d.php 第 184 行.
NOTIC: [8] Use of undefined constant month - assumed 'month' /opt/www/crap/Runtime/Cache/Admin/53ba6b9177d3b17ee3b89aee36ab9c4d.php 第 185 行.
NOTIC: [8] Use of undefined constant all - assumed 'all' /opt/www/crap/Runtime/Cache/Admin/53ba6b9177d3b17ee3b89aee36ab9c4d.php 第 186 行.
INFO: Run Behavior\ParseTemplateBehavior [ RunTime:0.015807s ]
INFO: [ view_parse ] --END-- [ RunTime:0.015852s ]
INFO: [ view_filter ] --START--
INFO: Run Behavior\WriteHtmlCacheBehavior [ RunTime:0.000194s ]
INFO: [ view_filter ] --END-- [ RunTime:0.000242s ]
INFO: [ app_end ] --START--
INFO: Run Behavior\ShowPageTraceBehavior [ RunTime:0.000496s ]
INFO: [ app_end ] --END-- [ RunTime:0.000557s ]

[ 2017-09-15T14:06:47+08:00 ] 192.168.254.1 /Admin/index
INFO: [ app_init ] --START--
INFO: Run Behavior\BuildLiteBehavior [ RunTime:0.000009s ]
INFO: [ app_init ] --END-- [ RunTime:0.000229s ]
INFO: [ app_begin ] --START--
INFO: Run Behavior\ReadHtmlCacheBehavior [ RunTime:0.000671s ]
INFO: [ app_begin ] --END-- [ RunTime:0.000740s ]
NOTIC: [2] mdecrypt_generic(): An empty string was passed /opt/www/crap/ThinkPHP/Library/Org/Util/AES.class.php 第 51 行.
NOTIC: [2] preg_match(): Null byte in regex /opt/www/crap/ThinkPHP/Library/Org/Util/AES.class.php 第 80 行.
NOTIC: [2048] Declaration of Application\BaseModel::add() should be compatible with Think\Model::add($data = '', $options = Array, $replace = false) /opt/www/crap/Application/BaseModel.class.php 第 12 行.
NOTIC: [8] Undefined variable: userCount /opt/www/crap/Application/Admin/Controller/IndexController.class.php 第 36 行.
NOTIC: [8] Undefined variable: channelCount /opt/www/crap/Application/Admin/Controller/IndexController.class.php 第 37 行.
NOTIC: [8] Undefined variable: loginCount /opt/www/crap/Application/Admin/Controller/IndexController.class.php 第 41 行.
NOTIC: [8] Undefined variable: recommendJobCount /opt/www/crap/Application/Admin/Controller/IndexController.class.php 第 46 行.
NOTIC: [8] Undefined variable: recommendResumeCount /opt/www/crap/Application/Admin/Controller/IndexController.class.php 第 47 行.
NOTIC: [8] Undefined variable: invitBySmsCount /opt/www/crap/Application/Admin/Controller/IndexController.class.php 第 48 行.
NOTIC: [8] Undefined variable: receiveCount /opt/www/crap/Application/Admin/Controller/IndexController.class.php 第 49 行.
NOTIC: [8] Undefined variable: autoReceiveCount /opt/www/crap/Application/Admin/Controller/IndexController.class.php 第 50 行.
NOTIC: [8] Undefined variable: rejectCount /opt/www/crap/Application/Admin/Controller/IndexController.class.php 第 51 行.
INFO: [ view_parse ] --START--
INFO: [ template_filter ] --START--
INFO: Run Behavior\ContentReplaceBehavior [ RunTime:0.000047s ]
INFO: [ template_filter ] --END-- [ RunTime:0.000095s ]
NOTIC: [8] Undefined variable: currentPage /opt/www/crap/Runtime/Cache/Admin/53ba6b9177d3b17ee3b89aee36ab9c4d.php 第 10 行.
NOTIC: [8] Use of undefined constant today - assumed 'today' /opt/www/crap/Runtime/Cache/Admin/53ba6b9177d3b17ee3b89aee36ab9c4d.php 第 182 行.
NOTIC: [8] Use of undefined constant yesterday - assumed 'yesterday' /opt/www/crap/Runtime/Cache/Admin/53ba6b9177d3b17ee3b89aee36ab9c4d.php 第 183 行.
NOTIC: [8] Use of undefined constant week - assumed 'week' /opt/www/crap/Runtime/Cache/Admin/53ba6b9177d3b17ee3b89aee36ab9c4d.php 第 184 行.
NOTIC: [8] Use of undefined constant month - assumed 'month' /opt/www/crap/Runtime/Cache/Admin/53ba6b9177d3b17ee3b89aee36ab9c4d.php 第 185 行.
NOTIC: [8] Use of undefined constant all - assumed 'all' /opt/www/crap/Runtime/Cache/Admin/53ba6b9177d3b17ee3b89aee36ab9c4d.php 第 186 行.
INFO: Run Behavior\ParseTemplateBehavior [ RunTime:0.016584s ]
INFO: [ view_parse ] --END-- [ RunTime:0.016615s ]
INFO: [ view_filter ] --START--
INFO: Run Behavior\WriteHtmlCacheBehavior [ RunTime:0.000141s ]
INFO: [ view_filter ] --END-- [ RunTime:0.000170s ]
INFO: [ app_end ] --START--
INFO: Run Behavior\ShowPageTraceBehavior [ RunTime:0.000533s ]
INFO: [ app_end ] --END-- [ RunTime:0.000570s ]

[ 2017-09-15T14:06:52+08:00 ] 192.168.254.1 /Admin/Login/logout
INFO: [ app_init ] --START--
INFO: Run Behavior\BuildLiteBehavior [ RunTime:0.000010s ]
INFO: [ app_init ] --END-- [ RunTime:0.000236s ]
INFO: [ app_begin ] --START--
INFO: Run Behavior\ReadHtmlCacheBehavior [ RunTime:0.000293s ]
INFO: [ app_begin ] --END-- [ RunTime:0.000329s ]
NOTIC: [2] mdecrypt_generic(): An empty string was passed /opt/www/crap/ThinkPHP/Library/Org/Util/AES.class.php 第 51 行.
NOTIC: [2] preg_match(): Null byte in regex /opt/www/crap/ThinkPHP/Library/Org/Util/AES.class.php 第 80 行.
NOTIC: [2048] Declaration of Application\BaseModel::add() should be compatible with Think\Model::add($data = '', $options = Array, $replace = false) /opt/www/crap/Application/BaseModel.class.php 第 12 行.

[ 2017-09-15T14:06:52+08:00 ] 192.168.254.1 /Admin/Login/login
INFO: [ app_init ] --START--
INFO: Run Behavior\BuildLiteBehavior [ RunTime:0.000012s ]
INFO: [ app_init ] --END-- [ RunTime:0.000328s ]
INFO: [ app_begin ] --START--
INFO: Run Behavior\ReadHtmlCacheBehavior [ RunTime:0.000353s ]
INFO: [ app_begin ] --END-- [ RunTime:0.000390s ]
NOTIC: [2] mdecrypt_generic(): An empty string was passed /opt/www/crap/ThinkPHP/Library/Org/Util/AES.class.php 第 51 行.
NOTIC: [2] preg_match(): Null byte in regex /opt/www/crap/ThinkPHP/Library/Org/Util/AES.class.php 第 80 行.
NOTIC: [2048] Declaration of Application\BaseModel::add() should be compatible with Think\Model::add($data = '', $options = Array, $replace = false) /opt/www/crap/Application/BaseModel.class.php 第 12 行.
INFO: [ view_parse ] --START--
INFO: [ template_filter ] --START--
INFO: Run Behavior\ContentReplaceBehavior [ RunTime:0.000062s ]
INFO: [ template_filter ] --END-- [ RunTime:0.000280s ]
INFO: Run Behavior\ParseTemplateBehavior [ RunTime:0.005813s ]
INFO: [ view_parse ] --END-- [ RunTime:0.005867s ]
INFO: [ view_filter ] --START--
INFO: Run Behavior\WriteHtmlCacheBehavior [ RunTime:0.000161s ]
INFO: [ view_filter ] --END-- [ RunTime:0.000194s ]
INFO: [ app_end ] --START--
INFO: Run Behavior\ShowPageTraceBehavior [ RunTime:0.000338s ]
INFO: [ app_end ] --END-- [ RunTime:0.000368s ]

[ 2017-09-15T14:06:56+08:00 ] 192.168.254.1 /Admin/Login/doLogin
INFO: [ app_init ] --START--
INFO: Run Behavior\BuildLiteBehavior [ RunTime:0.000010s ]
INFO: [ app_init ] --END-- [ RunTime:0.000292s ]
INFO: [ app_begin ] --START--
INFO: Run Behavior\ReadHtmlCacheBehavior [ RunTime:0.000474s ]
INFO: [ app_begin ] --END-- [ RunTime:0.000530s ]
NOTIC: [2] mdecrypt_generic(): An empty string was passed /opt/www/crap/ThinkPHP/Library/Org/Util/AES.class.php 第 51 行.
NOTIC: [2] preg_match(): Null byte in regex /opt/www/crap/ThinkPHP/Library/Org/Util/AES.class.php 第 80 行.
NOTIC: [2048] Declaration of Application\BaseModel::add() should be compatible with Think\Model::add($data = '', $options = Array, $replace = false) /opt/www/crap/Application/BaseModel.class.php 第 12 行.
SQL: SELECT * FROM `crap_admin_users` WHERE `name` = 'admin' AND `password` = '2e88327de2f97110f6c5f97be61a25b8' LIMIT 1   [ RunTime:0.0003s ]

[ 2017-09-15T14:06:56+08:00 ] 192.168.254.1 /Admin/index
INFO: [ app_init ] --START--
INFO: Run Behavior\BuildLiteBehavior [ RunTime:0.000013s ]
INFO: [ app_init ] --END-- [ RunTime:0.000310s ]
INFO: [ app_begin ] --START--
INFO: Run Behavior\ReadHtmlCacheBehavior [ RunTime:0.000331s ]
INFO: [ app_begin ] --END-- [ RunTime:0.000376s ]
NOTIC: [2] mdecrypt_generic(): An empty string was passed /opt/www/crap/ThinkPHP/Library/Org/Util/AES.class.php 第 51 行.
NOTIC: [2] preg_match(): Null byte in regex /opt/www/crap/ThinkPHP/Library/Org/Util/AES.class.php 第 80 行.
NOTIC: [2048] Declaration of Application\BaseModel::add() should be compatible with Think\Model::add($data = '', $options = Array, $replace = false) /opt/www/crap/Application/BaseModel.class.php 第 12 行.
NOTIC: [8] Undefined variable: userCount /opt/www/crap/Application/Admin/Controller/IndexController.class.php 第 36 行.
NOTIC: [8] Undefined variable: channelCount /opt/www/crap/Application/Admin/Controller/IndexController.class.php 第 37 行.
NOTIC: [8] Undefined variable: loginCount /opt/www/crap/Application/Admin/Controller/IndexController.class.php 第 41 行.
NOTIC: [8] Undefined variable: recommendJobCount /opt/www/crap/Application/Admin/Controller/IndexController.class.php 第 46 行.
NOTIC: [8] Undefined variable: recommendResumeCount /opt/www/crap/Application/Admin/Controller/IndexController.class.php 第 47 行.
NOTIC: [8] Undefined variable: invitBySmsCount /opt/www/crap/Application/Admin/Controller/IndexController.class.php 第 48 行.
NOTIC: [8] Undefined variable: receiveCount /opt/www/crap/Application/Admin/Controller/IndexController.class.php 第 49 行.
NOTIC: [8] Undefined variable: autoReceiveCount /opt/www/crap/Application/Admin/Controller/IndexController.class.php 第 50 行.
NOTIC: [8] Undefined variable: rejectCount /opt/www/crap/Application/Admin/Controller/IndexController.class.php 第 51 行.
INFO: [ view_parse ] --START--
INFO: [ template_filter ] --START--
INFO: Run Behavior\ContentReplaceBehavior [ RunTime:0.000048s ]
INFO: [ template_filter ] --END-- [ RunTime:0.000093s ]
NOTIC: [8] Undefined variable: currentPage /opt/www/crap/Runtime/Cache/Admin/53ba6b9177d3b17ee3b89aee36ab9c4d.php 第 10 行.
NOTIC: [8] Use of undefined constant today - assumed 'today' /opt/www/crap/Runtime/Cache/Admin/53ba6b9177d3b17ee3b89aee36ab9c4d.php 第 182 行.
NOTIC: [8] Use of undefined constant yesterday - assumed 'yesterday' /opt/www/crap/Runtime/Cache/Admin/53ba6b9177d3b17ee3b89aee36ab9c4d.php 第 183 行.
NOTIC: [8] Use of undefined constant week - assumed 'week' /opt/www/crap/Runtime/Cache/Admin/53ba6b9177d3b17ee3b89aee36ab9c4d.php 第 184 行.
NOTIC: [8] Use of undefined constant month - assumed 'month' /opt/www/crap/Runtime/Cache/Admin/53ba6b9177d3b17ee3b89aee36ab9c4d.php 第 185 行.
NOTIC: [8] Use of undefined constant all - assumed 'all' /opt/www/crap/Runtime/Cache/Admin/53ba6b9177d3b17ee3b89aee36ab9c4d.php 第 186 行.
INFO: Run Behavior\ParseTemplateBehavior [ RunTime:0.012671s ]
INFO: [ view_parse ] --END-- [ RunTime:0.012699s ]
INFO: [ view_filter ] --START--
INFO: Run Behavior\WriteHtmlCacheBehavior [ RunTime:0.000133s ]
INFO: [ view_filter ] --END-- [ RunTime:0.000206s ]
INFO: [ app_end ] --START--
INFO: Run Behavior\ShowPageTraceBehavior [ RunTime:0.000326s ]
INFO: [ app_end ] --END-- [ RunTime:0.000357s ]

[ 2017-09-15T14:08:15+08:00 ] 192.168.254.1 /Admin/index
INFO: [ app_init ] --START--
INFO: Run Behavior\BuildLiteBehavior [ RunTime:0.000023s ]
INFO: [ app_init ] --END-- [ RunTime:0.000574s ]
INFO: [ app_begin ] --START--
INFO: Run Behavior\ReadHtmlCacheBehavior [ RunTime:0.000676s ]
INFO: [ app_begin ] --END-- [ RunTime:0.001001s ]
NOTIC: [2] mdecrypt_generic(): An empty string was passed /opt/www/crap/ThinkPHP/Library/Org/Util/AES.class.php 第 51 行.
NOTIC: [2] preg_match(): Null byte in regex /opt/www/crap/ThinkPHP/Library/Org/Util/AES.class.php 第 80 行.
NOTIC: [2048] Declaration of Application\BaseModel::add() should be compatible with Think\Model::add($data = '', $options = Array, $replace = false) /opt/www/crap/Application/BaseModel.class.php 第 12 行.
NOTIC: [8] Undefined variable: userCount /opt/www/crap/Application/Admin/Controller/IndexController.class.php 第 36 行.
NOTIC: [8] Undefined variable: channelCount /opt/www/crap/Application/Admin/Controller/IndexController.class.php 第 37 行.
NOTIC: [8] Undefined variable: loginCount /opt/www/crap/Application/Admin/Controller/IndexController.class.php 第 41 行.
NOTIC: [8] Undefined variable: recommendJobCount /opt/www/crap/Application/Admin/Controller/IndexController.class.php 第 46 行.
NOTIC: [8] Undefined variable: recommendResumeCount /opt/www/crap/Application/Admin/Controller/IndexController.class.php 第 47 行.
NOTIC: [8] Undefined variable: invitBySmsCount /opt/www/crap/Application/Admin/Controller/IndexController.class.php 第 48 行.
NOTIC: [8] Undefined variable: receiveCount /opt/www/crap/Application/Admin/Controller/IndexController.class.php 第 49 行.
NOTIC: [8] Undefined variable: autoReceiveCount /opt/www/crap/Application/Admin/Controller/IndexController.class.php 第 50 行.
NOTIC: [8] Undefined variable: rejectCount /opt/www/crap/Application/Admin/Controller/IndexController.class.php 第 51 行.
INFO: [ view_parse ] --START--
INFO: [ template_filter ] --START--
INFO: Run Behavior\ContentReplaceBehavior [ RunTime:0.000069s ]
INFO: [ template_filter ] --END-- [ RunTime:0.000120s ]
NOTIC: [8] Undefined variable: currentPage /opt/www/crap/Runtime/Cache/Admin/53ba6b9177d3b17ee3b89aee36ab9c4d.php 第 10 行.
NOTIC: [8] Use of undefined constant today - assumed 'today' /opt/www/crap/Runtime/Cache/Admin/53ba6b9177d3b17ee3b89aee36ab9c4d.php 第 182 行.
NOTIC: [8] Use of undefined constant yesterday - assumed 'yesterday' /opt/www/crap/Runtime/Cache/Admin/53ba6b9177d3b17ee3b89aee36ab9c4d.php 第 183 行.
NOTIC: [8] Use of undefined constant week - assumed 'week' /opt/www/crap/Runtime/Cache/Admin/53ba6b9177d3b17ee3b89aee36ab9c4d.php 第 184 行.
NOTIC: [8] Use of undefined constant month - assumed 'month' /opt/www/crap/Runtime/Cache/Admin/53ba6b9177d3b17ee3b89aee36ab9c4d.php 第 185 行.
NOTIC: [8] Use of undefined constant all - assumed 'all' /opt/www/crap/Runtime/Cache/Admin/53ba6b9177d3b17ee3b89aee36ab9c4d.php 第 186 行.
INFO: Run Behavior\ParseTemplateBehavior [ RunTime:0.015466s ]
INFO: [ view_parse ] --END-- [ RunTime:0.015496s ]
INFO: [ view_filter ] --START--
INFO: Run Behavior\WriteHtmlCacheBehavior [ RunTime:0.000130s ]
INFO: [ view_filter ] --END-- [ RunTime:0.000157s ]
INFO: [ app_end ] --START--
INFO: Run Behavior\ShowPageTraceBehavior [ RunTime:0.000337s ]
INFO: [ app_end ] --END-- [ RunTime:0.000370s ]

[ 2017-09-15T14:08:45+08:00 ] 192.168.254.1 /Admin/Admin
INFO: [ app_init ] --START--
INFO: Run Behavior\BuildLiteBehavior [ RunTime:0.000021s ]
INFO: [ app_init ] --END-- [ RunTime:0.000416s ]
INFO: [ app_begin ] --START--
INFO: Run Behavior\ReadHtmlCacheBehavior [ RunTime:0.000380s ]
INFO: [ app_begin ] --END-- [ RunTime:0.000414s ]
NOTIC: [2] mdecrypt_generic(): An empty string was passed /opt/www/crap/ThinkPHP/Library/Org/Util/AES.class.php 第 51 行.
NOTIC: [2] preg_match(): Null byte in regex /opt/www/crap/ThinkPHP/Library/Org/Util/AES.class.php 第 80 行.
NOTIC: [2048] Declaration of Application\BaseModel::add() should be compatible with Think\Model::add($data = '', $options = Array, $replace = false) /opt/www/crap/Application/BaseModel.class.php 第 12 行.
NOTIC: [2] Missing argument 1 for Common\Service\Crap\AdminUsersService::getCount(), called in /opt/www/crap/Application/Admin/Controller/AdminController.class.php on line 24 and defined /opt/www/crap/Application/Common/Service/Crap/AdminUsersService.class.php 第 80 行.
NOTIC: [8] Undefined variable: where /opt/www/crap/Application/Common/Service/Crap/AdminUsersService.class.php 第 82 行.
SQL: SELECT COUNT(*) AS tp_count FROM `crap_admin_users` LIMIT 1   [ RunTime:0.0003s ]
SQL: SELECT * FROM `crap_admin_users` ORDER BY create_time DESC LIMIT 0,2   [ RunTime:0.0002s ]
INFO: [ view_parse ] --START--
INFO: [ template_filter ] --START--
INFO: Run Behavior\ContentReplaceBehavior [ RunTime:0.000053s ]
INFO: [ template_filter ] --END-- [ RunTime:0.000100s ]
NOTIC: [8] Undefined index: status /opt/www/crap/Runtime/Cache/Admin/d7502419773bd6b49a800162e5dc3227.php 第 192 行.
NOTIC: [8] Undefined index: status /opt/www/crap/Runtime/Cache/Admin/d7502419773bd6b49a800162e5dc3227.php 第 193 行.
INFO: Run Behavior\ParseTemplateBehavior [ RunTime:0.012187s ]
INFO: [ view_parse ] --END-- [ RunTime:0.012219s ]
INFO: [ view_filter ] --START--
INFO: Run Behavior\WriteHtmlCacheBehavior [ RunTime:0.000144s ]
INFO: [ view_filter ] --END-- [ RunTime:0.000170s ]
INFO: [ app_end ] --START--
INFO: Run Behavior\ShowPageTraceBehavior [ RunTime:0.000331s ]
INFO: [ app_end ] --END-- [ RunTime:0.000362s ]

[ 2017-09-15T14:08:52+08:00 ] 192.168.254.1 /Admin/admin/add
INFO: [ app_init ] --START--
INFO: Run Behavior\BuildLiteBehavior [ RunTime:0.000010s ]
INFO: [ app_init ] --END-- [ RunTime:0.000233s ]
INFO: [ app_begin ] --START--
INFO: Run Behavior\ReadHtmlCacheBehavior [ RunTime:0.000291s ]
INFO: [ app_begin ] --END-- [ RunTime:0.000325s ]
NOTIC: [2] mdecrypt_generic(): An empty string was passed /opt/www/crap/ThinkPHP/Library/Org/Util/AES.class.php 第 51 行.
NOTIC: [2] preg_match(): Null byte in regex /opt/www/crap/ThinkPHP/Library/Org/Util/AES.class.php 第 80 行.
NOTIC: [2048] Declaration of Application\BaseModel::add() should be compatible with Think\Model::add($data = '', $options = Array, $replace = false) /opt/www/crap/Application/BaseModel.class.php 第 12 行.
INFO: [ view_parse ] --START--
INFO: [ template_filter ] --START--
INFO: Run Behavior\ContentReplaceBehavior [ RunTime:0.000039s ]
INFO: [ template_filter ] --END-- [ RunTime:0.000100s ]
INFO: Run Behavior\ParseTemplateBehavior [ RunTime:0.010038s ]
INFO: [ view_parse ] --END-- [ RunTime:0.010084s ]
INFO: [ view_filter ] --START--
INFO: Run Behavior\WriteHtmlCacheBehavior [ RunTime:0.000141s ]
INFO: [ view_filter ] --END-- [ RunTime:0.000168s ]
INFO: [ app_end ] --START--
INFO: Run Behavior\ShowPageTraceBehavior [ RunTime:0.000498s ]
INFO: [ app_end ] --END-- [ RunTime:0.000538s ]

[ 2017-09-15T14:09:00+08:00 ] 192.168.254.1 /Admin/Admin/doAdd
INFO: [ app_init ] --START--
INFO: Run Behavior\BuildLiteBehavior [ RunTime:0.000010s ]
INFO: [ app_init ] --END-- [ RunTime:0.000245s ]
INFO: [ app_begin ] --START--
INFO: Run Behavior\ReadHtmlCacheBehavior [ RunTime:0.000351s ]
INFO: [ app_begin ] --END-- [ RunTime:0.000385s ]
NOTIC: [2] mdecrypt_generic(): An empty string was passed /opt/www/crap/ThinkPHP/Library/Org/Util/AES.class.php 第 51 行.
NOTIC: [2] preg_match(): Null byte in regex /opt/www/crap/ThinkPHP/Library/Org/Util/AES.class.php 第 80 行.
NOTIC: [2048] Declaration of Application\BaseModel::add() should be compatible with Think\Model::add($data = '', $options = Array, $replace = false) /opt/www/crap/Application/BaseModel.class.php 第 12 行.
SQL: SELECT * FROM `crap_admin_users` WHERE `name` = 'liuxuchao' LIMIT 1   [ RunTime:0.0002s ]
SQL: INSERT INTO `crap_admin_users` (`name`,`password`,`nickname`,`create_time`) VALUES ('liuxuchao','d85137cca3bebb2b1804aaf61157515b','xuchao','1505455740') [ RunTime:0.1291s ]
INFO: [ view_parse ] --START--
INFO: [ template_filter ] --START--
INFO: Run Behavior\ContentReplaceBehavior [ RunTime:0.000030s ]
INFO: [ template_filter ] --END-- [ RunTime:0.000074s ]
INFO: Run Behavior\ParseTemplateBehavior [ RunTime:0.003921s ]
INFO: [ view_parse ] --END-- [ RunTime:0.003957s ]
INFO: [ view_filter ] --START--
INFO: Run Behavior\WriteHtmlCacheBehavior [ RunTime:0.000120s ]
INFO: [ view_filter ] --END-- [ RunTime:0.000144s ]
INFO: [ app_end ] --START--
INFO: Run Behavior\ShowPageTraceBehavior [ RunTime:0.000363s ]
INFO: [ app_end ] --END-- [ RunTime:0.000391s ]

[ 2017-09-15T14:09:02+08:00 ] 192.168.254.1 /Admin/Admin/index
INFO: [ app_init ] --START--
INFO: Run Behavior\BuildLiteBehavior [ RunTime:0.000013s ]
INFO: [ app_init ] --END-- [ RunTime:0.000390s ]
INFO: [ app_begin ] --START--
INFO: Run Behavior\ReadHtmlCacheBehavior [ RunTime:0.000429s ]
INFO: [ app_begin ] --END-- [ RunTime:0.000471s ]
NOTIC: [2] mdecrypt_generic(): An empty string was passed /opt/www/crap/ThinkPHP/Library/Org/Util/AES.class.php 第 51 行.
NOTIC: [2] preg_match(): Null byte in regex /opt/www/crap/ThinkPHP/Library/Org/Util/AES.class.php 第 80 行.
NOTIC: [2048] Declaration of Application\BaseModel::add() should be compatible with Think\Model::add($data = '', $options = Array, $replace = false) /opt/www/crap/Application/BaseModel.class.php 第 12 行.
NOTIC: [2] Missing argument 1 for Common\Service\Crap\AdminUsersService::getCount(), called in /opt/www/crap/Application/Admin/Controller/AdminController.class.php on line 24 and defined /opt/www/crap/Application/Common/Service/Crap/AdminUsersService.class.php 第 80 行.
NOTIC: [8] Undefined variable: where /opt/www/crap/Application/Common/Service/Crap/AdminUsersService.class.php 第 82 行.
SQL: SELECT COUNT(*) AS tp_count FROM `crap_admin_users` LIMIT 1   [ RunTime:0.0002s ]
SQL: SELECT * FROM `crap_admin_users` ORDER BY create_time DESC LIMIT 0,2   [ RunTime:0.0002s ]
INFO: [ view_parse ] --START--
INFO: [ template_filter ] --START--
INFO: Run Behavior\ContentReplaceBehavior [ RunTime:0.000052s ]
INFO: [ template_filter ] --END-- [ RunTime:0.000103s ]
NOTIC: [8] Undefined index: status /opt/www/crap/Runtime/Cache/Admin/d7502419773bd6b49a800162e5dc3227.php 第 192 行.
NOTIC: [8] Undefined index: status /opt/www/crap/Runtime/Cache/Admin/d7502419773bd6b49a800162e5dc3227.php 第 193 行.
NOTIC: [8] Undefined index: status /opt/www/crap/Runtime/Cache/Admin/d7502419773bd6b49a800162e5dc3227.php 第 192 行.
NOTIC: [8] Undefined index: status /opt/www/crap/Runtime/Cache/Admin/d7502419773bd6b49a800162e5dc3227.php 第 193 行.
INFO: Run Behavior\ParseTemplateBehavior [ RunTime:0.013252s ]
INFO: [ view_parse ] --END-- [ RunTime:0.013284s ]
INFO: [ view_filter ] --START--
INFO: Run Behavior\WriteHtmlCacheBehavior [ RunTime:0.000163s ]
INFO: [ view_filter ] --END-- [ RunTime:0.000191s ]
INFO: [ app_end ] --START--
INFO: Run Behavior\ShowPageTraceBehavior [ RunTime:0.000363s ]
INFO: [ app_end ] --END-- [ RunTime:0.000396s ]

[ 2017-09-15T14:09:34+08:00 ] 192.168.254.1 /Admin/Admin
INFO: [ app_init ] --START--
INFO: Run Behavior\BuildLiteBehavior [ RunTime:0.000011s ]
INFO: [ app_init ] --END-- [ RunTime:0.000232s ]
INFO: [ app_begin ] --START--
INFO: Run Behavior\ReadHtmlCacheBehavior [ RunTime:0.000285s ]
INFO: [ app_begin ] --END-- [ RunTime:0.000317s ]
NOTIC: [2] mdecrypt_generic(): An empty string was passed /opt/www/crap/ThinkPHP/Library/Org/Util/AES.class.php 第 51 行.
NOTIC: [2] preg_match(): Null byte in regex /opt/www/crap/ThinkPHP/Library/Org/Util/AES.class.php 第 80 行.
NOTIC: [2048] Declaration of Application\BaseModel::add() should be compatible with Think\Model::add($data = '', $options = Array, $replace = false) /opt/www/crap/Application/BaseModel.class.php 第 12 行.
NOTIC: [2] Missing argument 1 for Common\Service\Crap\AdminUsersService::getCount(), called in /opt/www/crap/Application/Admin/Controller/AdminController.class.php on line 24 and defined /opt/www/crap/Application/Common/Service/Crap/AdminUsersService.class.php 第 80 行.
NOTIC: [8] Undefined variable: where /opt/www/crap/Application/Common/Service/Crap/AdminUsersService.class.php 第 82 行.
SQL: SELECT COUNT(*) AS tp_count FROM `crap_admin_users` LIMIT 1   [ RunTime:0.0002s ]
SQL: SELECT * FROM `crap_admin_users` ORDER BY create_time DESC LIMIT 0,2   [ RunTime:0.0005s ]
INFO: [ view_parse ] --START--
INFO: [ template_filter ] --START--
INFO: Run Behavior\ContentReplaceBehavior [ RunTime:0.000051s ]
INFO: [ template_filter ] --END-- [ RunTime:0.000099s ]
NOTIC: [8] Undefined index: status /opt/www/crap/Runtime/Cache/Admin/d7502419773bd6b49a800162e5dc3227.php 第 192 行.
NOTIC: [8] Undefined index: status /opt/www/crap/Runtime/Cache/Admin/d7502419773bd6b49a800162e5dc3227.php 第 193 行.
NOTIC: [8] Undefined index: status /opt/www/crap/Runtime/Cache/Admin/d7502419773bd6b49a800162e5dc3227.php 第 192 行.
NOTIC: [8] Undefined index: status /opt/www/crap/Runtime/Cache/Admin/d7502419773bd6b49a800162e5dc3227.php 第 193 行.
INFO: Run Behavior\ParseTemplateBehavior [ RunTime:0.012618s ]
INFO: [ view_parse ] --END-- [ RunTime:0.012653s ]
INFO: [ view_filter ] --START--
INFO: Run Behavior\WriteHtmlCacheBehavior [ RunTime:0.000162s ]
INFO: [ view_filter ] --END-- [ RunTime:0.000191s ]
INFO: [ app_end ] --START--
INFO: Run Behavior\ShowPageTraceBehavior [ RunTime:0.000359s ]
INFO: [ app_end ] --END-- [ RunTime:0.000394s ]

[ 2017-09-15T14:09:35+08:00 ] 192.168.254.1 /Admin/Index
INFO: [ app_init ] --START--
INFO: Run Behavior\BuildLiteBehavior [ RunTime:0.000011s ]
INFO: [ app_init ] --END-- [ RunTime:0.000234s ]
INFO: [ app_begin ] --START--
INFO: Run Behavior\ReadHtmlCacheBehavior [ RunTime:0.000282s ]
INFO: [ app_begin ] --END-- [ RunTime:0.000314s ]
NOTIC: [2] mdecrypt_generic(): An empty string was passed /opt/www/crap/ThinkPHP/Library/Org/Util/AES.class.php 第 51 行.
NOTIC: [2] preg_match(): Null byte in regex /opt/www/crap/ThinkPHP/Library/Org/Util/AES.class.php 第 80 行.
NOTIC: [2048] Declaration of Application\BaseModel::add() should be compatible with Think\Model::add($data = '', $options = Array, $replace = false) /opt/www/crap/Application/BaseModel.class.php 第 12 行.
NOTIC: [8] Undefined variable: userCount /opt/www/crap/Application/Admin/Controller/IndexController.class.php 第 36 行.
NOTIC: [8] Undefined variable: channelCount /opt/www/crap/Application/Admin/Controller/IndexController.class.php 第 37 行.
NOTIC: [8] Undefined variable: loginCount /opt/www/crap/Application/Admin/Controller/IndexController.class.php 第 41 行.
NOTIC: [8] Undefined variable: recommendJobCount /opt/www/crap/Application/Admin/Controller/IndexController.class.php 第 46 行.
NOTIC: [8] Undefined variable: recommendResumeCount /opt/www/crap/Application/Admin/Controller/IndexController.class.php 第 47 行.
NOTIC: [8] Undefined variable: invitBySmsCount /opt/www/crap/Application/Admin/Controller/IndexController.class.php 第 48 行.
NOTIC: [8] Undefined variable: receiveCount /opt/www/crap/Application/Admin/Controller/IndexController.class.php 第 49 行.
NOTIC: [8] Undefined variable: autoReceiveCount /opt/www/crap/Application/Admin/Controller/IndexController.class.php 第 50 行.
NOTIC: [8] Undefined variable: rejectCount /opt/www/crap/Application/Admin/Controller/IndexController.class.php 第 51 行.
INFO: [ view_parse ] --START--
INFO: [ template_filter ] --START--
INFO: Run Behavior\ContentReplaceBehavior [ RunTime:0.000062s ]
INFO: [ template_filter ] --END-- [ RunTime:0.000109s ]
NOTIC: [8] Undefined variable: currentPage /opt/www/crap/Runtime/Cache/Admin/53ba6b9177d3b17ee3b89aee36ab9c4d.php 第 10 行.
NOTIC: [8] Use of undefined constant today - assumed 'today' /opt/www/crap/Runtime/Cache/Admin/53ba6b9177d3b17ee3b89aee36ab9c4d.php 第 182 行.
NOTIC: [8] Use of undefined constant yesterday - assumed 'yesterday' /opt/www/crap/Runtime/Cache/Admin/53ba6b9177d3b17ee3b89aee36ab9c4d.php 第 183 行.
NOTIC: [8] Use of undefined constant week - assumed 'week' /opt/www/crap/Runtime/Cache/Admin/53ba6b9177d3b17ee3b89aee36ab9c4d.php 第 184 行.
NOTIC: [8] Use of undefined constant month - assumed 'month' /opt/www/crap/Runtime/Cache/Admin/53ba6b9177d3b17ee3b89aee36ab9c4d.php 第 185 行.
NOTIC: [8] Use of undefined constant all - assumed 'all' /opt/www/crap/Runtime/Cache/Admin/53ba6b9177d3b17ee3b89aee36ab9c4d.php 第 186 行.
INFO: Run Behavior\ParseTemplateBehavior [ RunTime:0.012554s ]
INFO: [ view_parse ] --END-- [ RunTime:0.012586s ]
INFO: [ view_filter ] --START--
INFO: Run Behavior\WriteHtmlCacheBehavior [ RunTime:0.000125s ]
INFO: [ view_filter ] --END-- [ RunTime:0.000150s ]
INFO: [ app_end ] --START--
INFO: Run Behavior\ShowPageTraceBehavior [ RunTime:0.000689s ]
INFO: [ app_end ] --END-- [ RunTime:0.000986s ]

[ 2017-09-15T14:10:00+08:00 ] 192.168.254.1 /admin/index/index/date/yesterday
INFO: [ app_init ] --START--
INFO: Run Behavior\BuildLiteBehavior [ RunTime:0.000010s ]
INFO: [ app_init ] --END-- [ RunTime:0.000249s ]
INFO: [ app_begin ] --START--
INFO: Run Behavior\ReadHtmlCacheBehavior [ RunTime:0.000366s ]
INFO: [ app_begin ] --END-- [ RunTime:0.000399s ]
NOTIC: [2] mdecrypt_generic(): An empty string was passed /opt/www/crap/ThinkPHP/Library/Org/Util/AES.class.php 第 51 行.
NOTIC: [2] preg_match(): Null byte in regex /opt/www/crap/ThinkPHP/Library/Org/Util/AES.class.php 第 80 行.
NOTIC: [2048] Declaration of Application\BaseModel::add() should be compatible with Think\Model::add($data = '', $options = Array, $replace = false) /opt/www/crap/Application/BaseModel.class.php 第 12 行.
NOTIC: [8] Undefined variable: userCount /opt/www/crap/Application/Admin/Controller/IndexController.class.php 第 36 行.
NOTIC: [8] Undefined variable: channelCount /opt/www/crap/Application/Admin/Controller/IndexController.class.php 第 37 行.
NOTIC: [8] Undefined variable: loginCount /opt/www/crap/Application/Admin/Controller/IndexController.class.php 第 41 行.
NOTIC: [8] Undefined variable: recommendJobCount /opt/www/crap/Application/Admin/Controller/IndexController.class.php 第 46 行.
NOTIC: [8] Undefined variable: recommendResumeCount /opt/www/crap/Application/Admin/Controller/IndexController.class.php 第 47 行.
NOTIC: [8] Undefined variable: invitBySmsCount /opt/www/crap/Application/Admin/Controller/IndexController.class.php 第 48 行.
NOTIC: [8] Undefined variable: receiveCount /opt/www/crap/Application/Admin/Controller/IndexController.class.php 第 49 行.
NOTIC: [8] Undefined variable: autoReceiveCount /opt/www/crap/Application/Admin/Controller/IndexController.class.php 第 50 行.
NOTIC: [8] Undefined variable: rejectCount /opt/www/crap/Application/Admin/Controller/IndexController.class.php 第 51 行.
INFO: [ view_parse ] --START--
INFO: [ template_filter ] --START--
INFO: Run Behavior\ContentReplaceBehavior [ RunTime:0.000047s ]
INFO: [ template_filter ] --END-- [ RunTime:0.000093s ]
NOTIC: [8] Undefined variable: currentPage /opt/www/crap/Runtime/Cache/Admin/53ba6b9177d3b17ee3b89aee36ab9c4d.php 第 10 行.
NOTIC: [8] Use of undefined constant today - assumed 'today' /opt/www/crap/Runtime/Cache/Admin/53ba6b9177d3b17ee3b89aee36ab9c4d.php 第 182 行.
NOTIC: [8] Use of undefined constant yesterday - assumed 'yesterday' /opt/www/crap/Runtime/Cache/Admin/53ba6b9177d3b17ee3b89aee36ab9c4d.php 第 183 行.
NOTIC: [8] Use of undefined constant week - assumed 'week' /opt/www/crap/Runtime/Cache/Admin/53ba6b9177d3b17ee3b89aee36ab9c4d.php 第 184 行.
NOTIC: [8] Use of undefined constant month - assumed 'month' /opt/www/crap/Runtime/Cache/Admin/53ba6b9177d3b17ee3b89aee36ab9c4d.php 第 185 行.
NOTIC: [8] Use of undefined constant all - assumed 'all' /opt/www/crap/Runtime/Cache/Admin/53ba6b9177d3b17ee3b89aee36ab9c4d.php 第 186 行.
INFO: Run Behavior\ParseTemplateBehavior [ RunTime:0.014893s ]
INFO: [ view_parse ] --END-- [ RunTime:0.014925s ]
INFO: [ view_filter ] --START--
INFO: Run Behavior\WriteHtmlCacheBehavior [ RunTime:0.000141s ]
INFO: [ view_filter ] --END-- [ RunTime:0.000169s ]
INFO: [ app_end ] --START--
INFO: Run Behavior\ShowPageTraceBehavior [ RunTime:0.000340s ]
INFO: [ app_end ] --END-- [ RunTime:0.000374s ]

[ 2017-09-15T14:10:00+08:00 ] 192.168.254.1 /admin/index/index/date/week
INFO: [ app_init ] --START--
INFO: Run Behavior\BuildLiteBehavior [ RunTime:0.000010s ]
INFO: [ app_init ] --END-- [ RunTime:0.000235s ]
INFO: [ app_begin ] --START--
INFO: Run Behavior\ReadHtmlCacheBehavior [ RunTime:0.000344s ]
INFO: [ app_begin ] --END-- [ RunTime:0.000376s ]
NOTIC: [2] mdecrypt_generic(): An empty string was passed /opt/www/crap/ThinkPHP/Library/Org/Util/AES.class.php 第 51 行.
NOTIC: [2] preg_match(): Null byte in regex /opt/www/crap/ThinkPHP/Library/Org/Util/AES.class.php 第 80 行.
NOTIC: [2048] Declaration of Application\BaseModel::add() should be compatible with Think\Model::add($data = '', $options = Array, $replace = false) /opt/www/crap/Application/BaseModel.class.php 第 12 行.
NOTIC: [8] Undefined variable: userCount /opt/www/crap/Application/Admin/Controller/IndexController.class.php 第 36 行.
NOTIC: [8] Undefined variable: channelCount /opt/www/crap/Application/Admin/Controller/IndexController.class.php 第 37 行.
NOTIC: [8] Undefined variable: loginCount /opt/www/crap/Application/Admin/Controller/IndexController.class.php 第 41 行.
NOTIC: [8] Undefined variable: recommendJobCount /opt/www/crap/Application/Admin/Controller/IndexController.class.php 第 46 行.
NOTIC: [8] Undefined variable: recommendResumeCount /opt/www/crap/Application/Admin/Controller/IndexController.class.php 第 47 行.
NOTIC: [8] Undefined variable: invitBySmsCount /opt/www/crap/Application/Admin/Controller/IndexController.class.php 第 48 行.
NOTIC: [8] Undefined variable: receiveCount /opt/www/crap/Application/Admin/Controller/IndexController.class.php 第 49 行.
NOTIC: [8] Undefined variable: autoReceiveCount /opt/www/crap/Application/Admin/Controller/IndexController.class.php 第 50 行.
NOTIC: [8] Undefined variable: rejectCount /opt/www/crap/Application/Admin/Controller/IndexController.class.php 第 51 行.
INFO: [ view_parse ] --START--
INFO: [ template_filter ] --START--
INFO: Run Behavior\ContentReplaceBehavior [ RunTime:0.000128s ]
INFO: [ template_filter ] --END-- [ RunTime:0.000177s ]
NOTIC: [8] Undefined variable: currentPage /opt/www/crap/Runtime/Cache/Admin/53ba6b9177d3b17ee3b89aee36ab9c4d.php 第 10 行.
NOTIC: [8] Use of undefined constant today - assumed 'today' /opt/www/crap/Runtime/Cache/Admin/53ba6b9177d3b17ee3b89aee36ab9c4d.php 第 182 行.
NOTIC: [8] Use of undefined constant yesterday - assumed 'yesterday' /opt/www/crap/Runtime/Cache/Admin/53ba6b9177d3b17ee3b89aee36ab9c4d.php 第 183 行.
NOTIC: [8] Use of undefined constant week - assumed 'week' /opt/www/crap/Runtime/Cache/Admin/53ba6b9177d3b17ee3b89aee36ab9c4d.php 第 184 行.
NOTIC: [8] Use of undefined constant month - assumed 'month' /opt/www/crap/Runtime/Cache/Admin/53ba6b9177d3b17ee3b89aee36ab9c4d.php 第 185 行.
NOTIC: [8] Use of undefined constant all - assumed 'all' /opt/www/crap/Runtime/Cache/Admin/53ba6b9177d3b17ee3b89aee36ab9c4d.php 第 186 行.
INFO: Run Behavior\ParseTemplateBehavior [ RunTime:0.013410s ]
INFO: [ view_parse ] --END-- [ RunTime:0.013440s ]
INFO: [ view_filter ] --START--
INFO: Run Behavior\WriteHtmlCacheBehavior [ RunTime:0.000201s ]
INFO: [ view_filter ] --END-- [ RunTime:0.000228s ]
INFO: [ app_end ] --START--
INFO: Run Behavior\ShowPageTraceBehavior [ RunTime:0.000323s ]
INFO: [ app_end ] --END-- [ RunTime:0.000354s ]

[ 2017-09-15T14:10:00+08:00 ] 192.168.254.1 /admin/index/index/date/month
INFO: [ app_init ] --START--
INFO: Run Behavior\BuildLiteBehavior [ RunTime:0.000011s ]
INFO: [ app_init ] --END-- [ RunTime:0.000292s ]
INFO: [ app_begin ] --START--
INFO: Run Behavior\ReadHtmlCacheBehavior [ RunTime:0.000353s ]
INFO: [ app_begin ] --END-- [ RunTime:0.000386s ]
NOTIC: [2] mdecrypt_generic(): An empty string was passed /opt/www/crap/ThinkPHP/Library/Org/Util/AES.class.php 第 51 行.
NOTIC: [2] preg_match(): Null byte in regex /opt/www/crap/ThinkPHP/Library/Org/Util/AES.class.php 第 80 行.
NOTIC: [2048] Declaration of Application\BaseModel::add() should be compatible with Think\Model::add($data = '', $options = Array, $replace = false) /opt/www/crap/Application/BaseModel.class.php 第 12 行.
NOTIC: [8] Undefined variable: userCount /opt/www/crap/Application/Admin/Controller/IndexController.class.php 第 36 行.
NOTIC: [8] Undefined variable: channelCount /opt/www/crap/Application/Admin/Controller/IndexController.class.php 第 37 行.
NOTIC: [8] Undefined variable: loginCount /opt/www/crap/Application/Admin/Controller/IndexController.class.php 第 41 行.
NOTIC: [8] Undefined variable: recommendJobCount /opt/www/crap/Application/Admin/Controller/IndexController.class.php 第 46 行.
NOTIC: [8] Undefined variable: recommendResumeCount /opt/www/crap/Application/Admin/Controller/IndexController.class.php 第 47 行.
NOTIC: [8] Undefined variable: invitBySmsCount /opt/www/crap/Application/Admin/Controller/IndexController.class.php 第 48 行.
NOTIC: [8] Undefined variable: receiveCount /opt/www/crap/Application/Admin/Controller/IndexController.class.php 第 49 行.
NOTIC: [8] Undefined variable: autoReceiveCount /opt/www/crap/Application/Admin/Controller/IndexController.class.php 第 50 行.
NOTIC: [8] Undefined variable: rejectCount /opt/www/crap/Application/Admin/Controller/IndexController.class.php 第 51 行.
INFO: [ view_parse ] --START--
INFO: [ template_filter ] --START--
INFO: Run Behavior\ContentReplaceBehavior [ RunTime:0.000046s ]
INFO: [ template_filter ] --END-- [ RunTime:0.000089s ]
NOTIC: [8] Undefined variable: currentPage /opt/www/crap/Runtime/Cache/Admin/53ba6b9177d3b17ee3b89aee36ab9c4d.php 第 10 行.
NOTIC: [8] Use of undefined constant today - assumed 'today' /opt/www/crap/Runtime/Cache/Admin/53ba6b9177d3b17ee3b89aee36ab9c4d.php 第 182 行.
NOTIC: [8] Use of undefined constant yesterday - assumed 'yesterday' /opt/www/crap/Runtime/Cache/Admin/53ba6b9177d3b17ee3b89aee36ab9c4d.php 第 183 行.
NOTIC: [8] Use of undefined constant week - assumed 'week' /opt/www/crap/Runtime/Cache/Admin/53ba6b9177d3b17ee3b89aee36ab9c4d.php 第 184 行.
NOTIC: [8] Use of undefined constant month - assumed 'month' /opt/www/crap/Runtime/Cache/Admin/53ba6b9177d3b17ee3b89aee36ab9c4d.php 第 185 行.
NOTIC: [8] Use of undefined constant all - assumed 'all' /opt/www/crap/Runtime/Cache/Admin/53ba6b9177d3b17ee3b89aee36ab9c4d.php 第 186 行.
INFO: Run Behavior\ParseTemplateBehavior [ RunTime:0.012257s ]
INFO: [ view_parse ] --END-- [ RunTime:0.012292s ]
INFO: [ view_filter ] --START--
INFO: Run Behavior\WriteHtmlCacheBehavior [ RunTime:0.000259s ]
INFO: [ view_filter ] --END-- [ RunTime:0.000296s ]
INFO: [ app_end ] --START--
INFO: Run Behavior\ShowPageTraceBehavior [ RunTime:0.000357s ]
INFO: [ app_end ] --END-- [ RunTime:0.000394s ]

[ 2017-09-15T14:10:01+08:00 ] 192.168.254.1 /admin/index/index/date/today
INFO: [ app_init ] --START--
INFO: Run Behavior\BuildLiteBehavior [ RunTime:0.000010s ]
INFO: [ app_init ] --END-- [ RunTime:0.000232s ]
INFO: [ app_begin ] --START--
INFO: Run Behavior\ReadHtmlCacheBehavior [ RunTime:0.000337s ]
INFO: [ app_begin ] --END-- [ RunTime:0.000376s ]
NOTIC: [2] mdecrypt_generic(): An empty string was passed /opt/www/crap/ThinkPHP/Library/Org/Util/AES.class.php 第 51 行.
NOTIC: [2] preg_match(): Null byte in regex /opt/www/crap/ThinkPHP/Library/Org/Util/AES.class.php 第 80 行.
NOTIC: [2048] Declaration of Application\BaseModel::add() should be compatible with Think\Model::add($data = '', $options = Array, $replace = false) /opt/www/crap/Application/BaseModel.class.php 第 12 行.
NOTIC: [8] Undefined variable: userCount /opt/www/crap/Application/Admin/Controller/IndexController.class.php 第 36 行.
NOTIC: [8] Undefined variable: channelCount /opt/www/crap/Application/Admin/Controller/IndexController.class.php 第 37 行.
NOTIC: [8] Undefined variable: loginCount /opt/www/crap/Application/Admin/Controller/IndexController.class.php 第 41 行.
NOTIC: [8] Undefined variable: recommendJobCount /opt/www/crap/Application/Admin/Controller/IndexController.class.php 第 46 行.
NOTIC: [8] Undefined variable: recommendResumeCount /opt/www/crap/Application/Admin/Controller/IndexController.class.php 第 47 行.
NOTIC: [8] Undefined variable: invitBySmsCount /opt/www/crap/Application/Admin/Controller/IndexController.class.php 第 48 行.
NOTIC: [8] Undefined variable: receiveCount /opt/www/crap/Application/Admin/Controller/IndexController.class.php 第 49 行.
NOTIC: [8] Undefined variable: autoReceiveCount /opt/www/crap/Application/Admin/Controller/IndexController.class.php 第 50 行.
NOTIC: [8] Undefined variable: rejectCount /opt/www/crap/Application/Admin/Controller/IndexController.class.php 第 51 行.
INFO: [ view_parse ] --START--
INFO: [ template_filter ] --START--
INFO: Run Behavior\ContentReplaceBehavior [ RunTime:0.000063s ]
INFO: [ template_filter ] --END-- [ RunTime:0.000108s ]
NOTIC: [8] Undefined variable: currentPage /opt/www/crap/Runtime/Cache/Admin/53ba6b9177d3b17ee3b89aee36ab9c4d.php 第 10 行.
NOTIC: [8] Use of undefined constant today - assumed 'today' /opt/www/crap/Runtime/Cache/Admin/53ba6b9177d3b17ee3b89aee36ab9c4d.php 第 182 行.
NOTIC: [8] Use of undefined constant yesterday - assumed 'yesterday' /opt/www/crap/Runtime/Cache/Admin/53ba6b9177d3b17ee3b89aee36ab9c4d.php 第 183 行.
NOTIC: [8] Use of undefined constant week - assumed 'week' /opt/www/crap/Runtime/Cache/Admin/53ba6b9177d3b17ee3b89aee36ab9c4d.php 第 184 行.
NOTIC: [8] Use of undefined constant month - assumed 'month' /opt/www/crap/Runtime/Cache/Admin/53ba6b9177d3b17ee3b89aee36ab9c4d.php 第 185 行.
NOTIC: [8] Use of undefined constant all - assumed 'all' /opt/www/crap/Runtime/Cache/Admin/53ba6b9177d3b17ee3b89aee36ab9c4d.php 第 186 行.
INFO: Run Behavior\ParseTemplateBehavior [ RunTime:0.014468s ]
INFO: [ view_parse ] --END-- [ RunTime:0.014496s ]
INFO: [ view_filter ] --START--
INFO: Run Behavior\WriteHtmlCacheBehavior [ RunTime:0.000127s ]
INFO: [ view_filter ] --END-- [ RunTime:0.000151s ]
INFO: [ app_end ] --START--
INFO: Run Behavior\ShowPageTraceBehavior [ RunTime:0.000325s ]
INFO: [ app_end ] --END-- [ RunTime:0.000356s ]

[ 2017-09-15T14:10:59+08:00 ] 192.168.254.1 /admin/index/index/date/today
INFO: [ app_init ] --START--
INFO: Run Behavior\BuildLiteBehavior [ RunTime:0.000017s ]
INFO: [ app_init ] --END-- [ RunTime:0.000493s ]
INFO: [ app_begin ] --START--
INFO: Run Behavior\ReadHtmlCacheBehavior [ RunTime:0.000415s ]
INFO: [ app_begin ] --END-- [ RunTime:0.000480s ]
NOTIC: [2] mdecrypt_generic(): An empty string was passed /opt/www/crap/ThinkPHP/Library/Org/Util/AES.class.php 第 51 行.
NOTIC: [2] preg_match(): Null byte in regex /opt/www/crap/ThinkPHP/Library/Org/Util/AES.class.php 第 80 行.
NOTIC: [2048] Declaration of Application\BaseModel::add() should be compatible with Think\Model::add($data = '', $options = Array, $replace = false) /opt/www/crap/Application/BaseModel.class.php 第 12 行.
NOTIC: [8] Undefined variable: userCount /opt/www/crap/Application/Admin/Controller/IndexController.class.php 第 36 行.
NOTIC: [8] Undefined variable: channelCount /opt/www/crap/Application/Admin/Controller/IndexController.class.php 第 37 行.
NOTIC: [8] Undefined variable: loginCount /opt/www/crap/Application/Admin/Controller/IndexController.class.php 第 41 行.
NOTIC: [8] Undefined variable: recommendJobCount /opt/www/crap/Application/Admin/Controller/IndexController.class.php 第 46 行.
NOTIC: [8] Undefined variable: recommendResumeCount /opt/www/crap/Application/Admin/Controller/IndexController.class.php 第 47 行.
NOTIC: [8] Undefined variable: invitBySmsCount /opt/www/crap/Application/Admin/Controller/IndexController.class.php 第 48 行.
NOTIC: [8] Undefined variable: receiveCount /opt/www/crap/Application/Admin/Controller/IndexController.class.php 第 49 行.
NOTIC: [8] Undefined variable: autoReceiveCount /opt/www/crap/Application/Admin/Controller/IndexController.class.php 第 50 行.
NOTIC: [8] Undefined variable: rejectCount /opt/www/crap/Application/Admin/Controller/IndexController.class.php 第 51 行.
INFO: [ view_parse ] --START--
INFO: [ template_filter ] --START--
INFO: Run Behavior\ContentReplaceBehavior [ RunTime:0.000044s ]
INFO: [ template_filter ] --END-- [ RunTime:0.000084s ]
NOTIC: [8] Undefined variable: currentPage /opt/www/crap/Runtime/Cache/Admin/53ba6b9177d3b17ee3b89aee36ab9c4d.php 第 10 行.
NOTIC: [8] Use of undefined constant today - assumed 'today' /opt/www/crap/Runtime/Cache/Admin/53ba6b9177d3b17ee3b89aee36ab9c4d.php 第 182 行.
NOTIC: [8] Use of undefined constant yesterday - assumed 'yesterday' /opt/www/crap/Runtime/Cache/Admin/53ba6b9177d3b17ee3b89aee36ab9c4d.php 第 183 行.
NOTIC: [8] Use of undefined constant week - assumed 'week' /opt/www/crap/Runtime/Cache/Admin/53ba6b9177d3b17ee3b89aee36ab9c4d.php 第 184 行.
NOTIC: [8] Use of undefined constant month - assumed 'month' /opt/www/crap/Runtime/Cache/Admin/53ba6b9177d3b17ee3b89aee36ab9c4d.php 第 185 行.
NOTIC: [8] Use of undefined constant all - assumed 'all' /opt/www/crap/Runtime/Cache/Admin/53ba6b9177d3b17ee3b89aee36ab9c4d.php 第 186 行.
INFO: Run Behavior\ParseTemplateBehavior [ RunTime:0.011079s ]
INFO: [ view_parse ] --END-- [ RunTime:0.011110s ]
INFO: [ view_filter ] --START--
INFO: Run Behavior\WriteHtmlCacheBehavior [ RunTime:0.000125s ]
INFO: [ view_filter ] --END-- [ RunTime:0.000149s ]
INFO: [ app_end ] --START--
INFO: Run Behavior\ShowPageTraceBehavior [ RunTime:0.000766s ]
INFO: [ app_end ] --END-- [ RunTime:0.000813s ]

[ 2017-09-15T14:11:05+08:00 ] 192.168.254.1 /Admin/Index/index
INFO: [ app_init ] --START--
INFO: Run Behavior\BuildLiteBehavior [ RunTime:0.000010s ]
INFO: [ app_init ] --END-- [ RunTime:0.000233s ]
INFO: [ app_begin ] --START--
INFO: Run Behavior\ReadHtmlCacheBehavior [ RunTime:0.000286s ]
INFO: [ app_begin ] --END-- [ RunTime:0.000318s ]
NOTIC: [2] mdecrypt_generic(): An empty string was passed /opt/www/crap/ThinkPHP/Library/Org/Util/AES.class.php 第 51 行.
NOTIC: [2] preg_match(): Null byte in regex /opt/www/crap/ThinkPHP/Library/Org/Util/AES.class.php 第 80 行.
NOTIC: [2048] Declaration of Application\BaseModel::add() should be compatible with Think\Model::add($data = '', $options = Array, $replace = false) /opt/www/crap/Application/BaseModel.class.php 第 12 行.
NOTIC: [8] Undefined variable: userCount /opt/www/crap/Application/Admin/Controller/IndexController.class.php 第 36 行.
NOTIC: [8] Undefined variable: channelCount /opt/www/crap/Application/Admin/Controller/IndexController.class.php 第 37 行.
NOTIC: [8] Undefined variable: loginCount /opt/www/crap/Application/Admin/Controller/IndexController.class.php 第 41 行.
NOTIC: [8] Undefined variable: recommendJobCount /opt/www/crap/Application/Admin/Controller/IndexController.class.php 第 46 行.
NOTIC: [8] Undefined variable: recommendResumeCount /opt/www/crap/Application/Admin/Controller/IndexController.class.php 第 47 行.
NOTIC: [8] Undefined variable: invitBySmsCount /opt/www/crap/Application/Admin/Controller/IndexController.class.php 第 48 行.
NOTIC: [8] Undefined variable: receiveCount /opt/www/crap/Application/Admin/Controller/IndexController.class.php 第 49 行.
NOTIC: [8] Undefined variable: autoReceiveCount /opt/www/crap/Application/Admin/Controller/IndexController.class.php 第 50 行.
NOTIC: [8] Undefined variable: rejectCount /opt/www/crap/Application/Admin/Controller/IndexController.class.php 第 51 行.
INFO: [ view_parse ] --START--
INFO: [ template_filter ] --START--
INFO: Run Behavior\ContentReplaceBehavior [ RunTime:0.000061s ]
INFO: [ template_filter ] --END-- [ RunTime:0.000150s ]
NOTIC: [8] Undefined variable: currentPage /opt/www/crap/Runtime/Cache/Admin/53ba6b9177d3b17ee3b89aee36ab9c4d.php 第 10 行.
NOTIC: [8] Use of undefined constant today - assumed 'today' /opt/www/crap/Runtime/Cache/Admin/53ba6b9177d3b17ee3b89aee36ab9c4d.php 第 182 行.
NOTIC: [8] Use of undefined constant yesterday - assumed 'yesterday' /opt/www/crap/Runtime/Cache/Admin/53ba6b9177d3b17ee3b89aee36ab9c4d.php 第 183 行.
NOTIC: [8] Use of undefined constant week - assumed 'week' /opt/www/crap/Runtime/Cache/Admin/53ba6b9177d3b17ee3b89aee36ab9c4d.php 第 184 行.
NOTIC: [8] Use of undefined constant month - assumed 'month' /opt/www/crap/Runtime/Cache/Admin/53ba6b9177d3b17ee3b89aee36ab9c4d.php 第 185 行.
NOTIC: [8] Use of undefined constant all - assumed 'all' /opt/www/crap/Runtime/Cache/Admin/53ba6b9177d3b17ee3b89aee36ab9c4d.php 第 186 行.
INFO: Run Behavior\ParseTemplateBehavior [ RunTime:0.012022s ]
INFO: [ view_parse ] --END-- [ RunTime:0.012049s ]
INFO: [ view_filter ] --START--
INFO: Run Behavior\WriteHtmlCacheBehavior [ RunTime:0.000243s ]
INFO: [ view_filter ] --END-- [ RunTime:0.000281s ]
INFO: [ app_end ] --START--
INFO: Run Behavior\ShowPageTraceBehavior [ RunTime:0.000475s ]
INFO: [ app_end ] --END-- [ RunTime:0.000696s ]

[ 2017-09-15T14:11:31+08:00 ] 192.168.254.1 /Admin/Index/index
INFO: [ app_init ] --START--
INFO: Run Behavior\BuildLiteBehavior [ RunTime:0.000011s ]
INFO: [ app_init ] --END-- [ RunTime:0.000251s ]
INFO: [ app_begin ] --START--
INFO: Run Behavior\ReadHtmlCacheBehavior [ RunTime:0.000351s ]
INFO: [ app_begin ] --END-- [ RunTime:0.000385s ]
NOTIC: [2] mdecrypt_generic(): An empty string was passed /opt/www/crap/ThinkPHP/Library/Org/Util/AES.class.php 第 51 行.
NOTIC: [2] preg_match(): Null byte in regex /opt/www/crap/ThinkPHP/Library/Org/Util/AES.class.php 第 80 行.
NOTIC: [2048] Declaration of Application\BaseModel::add() should be compatible with Think\Model::add($data = '', $options = Array, $replace = false) /opt/www/crap/Application/BaseModel.class.php 第 12 行.
NOTIC: [8] Undefined variable: userCount /opt/www/crap/Application/Admin/Controller/IndexController.class.php 第 36 行.
NOTIC: [8] Undefined variable: channelCount /opt/www/crap/Application/Admin/Controller/IndexController.class.php 第 37 行.
NOTIC: [8] Undefined variable: loginCount /opt/www/crap/Application/Admin/Controller/IndexController.class.php 第 41 行.
NOTIC: [8] Undefined variable: recommendJobCount /opt/www/crap/Application/Admin/Controller/IndexController.class.php 第 46 行.
NOTIC: [8] Undefined variable: recommendResumeCount /opt/www/crap/Application/Admin/Controller/IndexController.class.php 第 47 行.
NOTIC: [8] Undefined variable: invitBySmsCount /opt/www/crap/Application/Admin/Controller/IndexController.class.php 第 48 行.
NOTIC: [8] Undefined variable: receiveCount /opt/www/crap/Application/Admin/Controller/IndexController.class.php 第 49 行.
NOTIC: [8] Undefined variable: autoReceiveCount /opt/www/crap/Application/Admin/Controller/IndexController.class.php 第 50 行.
NOTIC: [8] Undefined variable: rejectCount /opt/www/crap/Application/Admin/Controller/IndexController.class.php 第 51 行.
INFO: [ view_parse ] --START--
INFO: [ template_filter ] --START--
INFO: Run Behavior\ContentReplaceBehavior [ RunTime:0.000065s ]
INFO: [ template_filter ] --END-- [ RunTime:0.000133s ]
NOTIC: [8] Undefined variable: currentPage /opt/www/crap/Runtime/Cache/Admin/53ba6b9177d3b17ee3b89aee36ab9c4d.php 第 10 行.
NOTIC: [8] Use of undefined constant today - assumed 'today' /opt/www/crap/Runtime/Cache/Admin/53ba6b9177d3b17ee3b89aee36ab9c4d.php 第 182 行.
NOTIC: [8] Use of undefined constant yesterday - assumed 'yesterday' /opt/www/crap/Runtime/Cache/Admin/53ba6b9177d3b17ee3b89aee36ab9c4d.php 第 183 行.
NOTIC: [8] Use of undefined constant week - assumed 'week' /opt/www/crap/Runtime/Cache/Admin/53ba6b9177d3b17ee3b89aee36ab9c4d.php 第 184 行.
NOTIC: [8] Use of undefined constant month - assumed 'month' /opt/www/crap/Runtime/Cache/Admin/53ba6b9177d3b17ee3b89aee36ab9c4d.php 第 185 行.
NOTIC: [8] Use of undefined constant all - assumed 'all' /opt/www/crap/Runtime/Cache/Admin/53ba6b9177d3b17ee3b89aee36ab9c4d.php 第 186 行.
INFO: Run Behavior\ParseTemplateBehavior [ RunTime:0.013812s ]
INFO: [ view_parse ] --END-- [ RunTime:0.013851s ]
INFO: [ view_filter ] --START--
INFO: Run Behavior\WriteHtmlCacheBehavior [ RunTime:0.000279s ]
INFO: [ view_filter ] --END-- [ RunTime:0.000335s ]
INFO: [ app_end ] --START--
INFO: Run Behavior\ShowPageTraceBehavior [ RunTime:0.000417s ]
INFO: [ app_end ] --END-- [ RunTime:0.000463s ]

[ 2017-09-15T14:11:34+08:00 ] 192.168.254.1 /admin/index/index/date/yesterday
INFO: [ app_init ] --START--
INFO: Run Behavior\BuildLiteBehavior [ RunTime:0.000011s ]
INFO: [ app_init ] --END-- [ RunTime:0.000259s ]
INFO: [ app_begin ] --START--
INFO: Run Behavior\ReadHtmlCacheBehavior [ RunTime:0.000286s ]
INFO: [ app_begin ] --END-- [ RunTime:0.000319s ]
NOTIC: [2] mdecrypt_generic(): An empty string was passed /opt/www/crap/ThinkPHP/Library/Org/Util/AES.class.php 第 51 行.
NOTIC: [2] preg_match(): Null byte in regex /opt/www/crap/ThinkPHP/Library/Org/Util/AES.class.php 第 80 行.
NOTIC: [2048] Declaration of Application\BaseModel::add() should be compatible with Think\Model::add($data = '', $options = Array, $replace = false) /opt/www/crap/Application/BaseModel.class.php 第 12 行.
NOTIC: [8] Undefined variable: userCount /opt/www/crap/Application/Admin/Controller/IndexController.class.php 第 36 行.
NOTIC: [8] Undefined variable: channelCount /opt/www/crap/Application/Admin/Controller/IndexController.class.php 第 37 行.
NOTIC: [8] Undefined variable: loginCount /opt/www/crap/Application/Admin/Controller/IndexController.class.php 第 41 行.
NOTIC: [8] Undefined variable: recommendJobCount /opt/www/crap/Application/Admin/Controller/IndexController.class.php 第 46 行.
NOTIC: [8] Undefined variable: recommendResumeCount /opt/www/crap/Application/Admin/Controller/IndexController.class.php 第 47 行.
NOTIC: [8] Undefined variable: invitBySmsCount /opt/www/crap/Application/Admin/Controller/IndexController.class.php 第 48 行.
NOTIC: [8] Undefined variable: receiveCount /opt/www/crap/Application/Admin/Controller/IndexController.class.php 第 49 行.
NOTIC: [8] Undefined variable: autoReceiveCount /opt/www/crap/Application/Admin/Controller/IndexController.class.php 第 50 行.
NOTIC: [8] Undefined variable: rejectCount /opt/www/crap/Application/Admin/Controller/IndexController.class.php 第 51 行.
INFO: [ view_parse ] --START--
INFO: [ template_filter ] --START--
INFO: Run Behavior\ContentReplaceBehavior [ RunTime:0.000059s ]
INFO: [ template_filter ] --END-- [ RunTime:0.000103s ]
NOTIC: [8] Undefined variable: currentPage /opt/www/crap/Runtime/Cache/Admin/53ba6b9177d3b17ee3b89aee36ab9c4d.php 第 10 行.
NOTIC: [8] Use of undefined constant today - assumed 'today' /opt/www/crap/Runtime/Cache/Admin/53ba6b9177d3b17ee3b89aee36ab9c4d.php 第 182 行.
NOTIC: [8] Use of undefined constant yesterday - assumed 'yesterday' /opt/www/crap/Runtime/Cache/Admin/53ba6b9177d3b17ee3b89aee36ab9c4d.php 第 183 行.
NOTIC: [8] Use of undefined constant week - assumed 'week' /opt/www/crap/Runtime/Cache/Admin/53ba6b9177d3b17ee3b89aee36ab9c4d.php 第 184 行.
NOTIC: [8] Use of undefined constant month - assumed 'month' /opt/www/crap/Runtime/Cache/Admin/53ba6b9177d3b17ee3b89aee36ab9c4d.php 第 185 行.
NOTIC: [8] Use of undefined constant all - assumed 'all' /opt/www/crap/Runtime/Cache/Admin/53ba6b9177d3b17ee3b89aee36ab9c4d.php 第 186 行.
INFO: Run Behavior\ParseTemplateBehavior [ RunTime:0.012059s ]
INFO: [ view_parse ] --END-- [ RunTime:0.012088s ]
INFO: [ view_filter ] --START--
INFO: Run Behavior\WriteHtmlCacheBehavior [ RunTime:0.000124s ]
INFO: [ view_filter ] --END-- [ RunTime:0.000148s ]
INFO: [ app_end ] --START--
INFO: Run Behavior\ShowPageTraceBehavior [ RunTime:0.000383s ]
INFO: [ app_end ] --END-- [ RunTime:0.000415s ]

[ 2017-09-15T14:11:34+08:00 ] 192.168.254.1 /admin/index/index/date/week
INFO: [ app_init ] --START--
INFO: Run Behavior\BuildLiteBehavior [ RunTime:0.000015s ]
INFO: [ app_init ] --END-- [ RunTime:0.000425s ]
INFO: [ app_begin ] --START--
INFO: Run Behavior\ReadHtmlCacheBehavior [ RunTime:0.000399s ]
INFO: [ app_begin ] --END-- [ RunTime:0.000438s ]
NOTIC: [2] mdecrypt_generic(): An empty string was passed /opt/www/crap/ThinkPHP/Library/Org/Util/AES.class.php 第 51 行.
NOTIC: [2] preg_match(): Null byte in regex /opt/www/crap/ThinkPHP/Library/Org/Util/AES.class.php 第 80 行.
NOTIC: [2048] Declaration of Application\BaseModel::add() should be compatible with Think\Model::add($data = '', $options = Array, $replace = false) /opt/www/crap/Application/BaseModel.class.php 第 12 行.
NOTIC: [8] Undefined variable: userCount /opt/www/crap/Application/Admin/Controller/IndexController.class.php 第 36 行.
NOTIC: [8] Undefined variable: channelCount /opt/www/crap/Application/Admin/Controller/IndexController.class.php 第 37 行.
NOTIC: [8] Undefined variable: loginCount /opt/www/crap/Application/Admin/Controller/IndexController.class.php 第 41 行.
NOTIC: [8] Undefined variable: recommendJobCount /opt/www/crap/Application/Admin/Controller/IndexController.class.php 第 46 行.
NOTIC: [8] Undefined variable: recommendResumeCount /opt/www/crap/Application/Admin/Controller/IndexController.class.php 第 47 行.
NOTIC: [8] Undefined variable: invitBySmsCount /opt/www/crap/Application/Admin/Controller/IndexController.class.php 第 48 行.
NOTIC: [8] Undefined variable: receiveCount /opt/www/crap/Application/Admin/Controller/IndexController.class.php 第 49 行.
NOTIC: [8] Undefined variable: autoReceiveCount /opt/www/crap/Application/Admin/Controller/IndexController.class.php 第 50 行.
NOTIC: [8] Undefined variable: rejectCount /opt/www/crap/Application/Admin/Controller/IndexController.class.php 第 51 行.
INFO: [ view_parse ] --START--
INFO: [ template_filter ] --START--
INFO: Run Behavior\ContentReplaceBehavior [ RunTime:0.000044s ]
INFO: [ template_filter ] --END-- [ RunTime:0.000087s ]
NOTIC: [8] Undefined variable: currentPage /opt/www/crap/Runtime/Cache/Admin/53ba6b9177d3b17ee3b89aee36ab9c4d.php 第 10 行.
NOTIC: [8] Use of undefined constant today - assumed 'today' /opt/www/crap/Runtime/Cache/Admin/53ba6b9177d3b17ee3b89aee36ab9c4d.php 第 182 行.
NOTIC: [8] Use of undefined constant yesterday - assumed 'yesterday' /opt/www/crap/Runtime/Cache/Admin/53ba6b9177d3b17ee3b89aee36ab9c4d.php 第 183 行.
NOTIC: [8] Use of undefined constant week - assumed 'week' /opt/www/crap/Runtime/Cache/Admin/53ba6b9177d3b17ee3b89aee36ab9c4d.php 第 184 行.
NOTIC: [8] Use of undefined constant month - assumed 'month' /opt/www/crap/Runtime/Cache/Admin/53ba6b9177d3b17ee3b89aee36ab9c4d.php 第 185 行.
NOTIC: [8] Use of undefined constant all - assumed 'all' /opt/www/crap/Runtime/Cache/Admin/53ba6b9177d3b17ee3b89aee36ab9c4d.php 第 186 行.
INFO: Run Behavior\ParseTemplateBehavior [ RunTime:0.012623s ]
INFO: [ view_parse ] --END-- [ RunTime:0.012657s ]
INFO: [ view_filter ] --START--
INFO: Run Behavior\WriteHtmlCacheBehavior [ RunTime:0.000175s ]
INFO: [ view_filter ] --END-- [ RunTime:0.000205s ]
INFO: [ app_end ] --START--
INFO: Run Behavior\ShowPageTraceBehavior [ RunTime:0.001939s ]
INFO: [ app_end ] --END-- [ RunTime:0.002001s ]

[ 2017-09-15T14:11:35+08:00 ] 192.168.254.1 /admin/index/index/date/month
INFO: [ app_init ] --START--
INFO: Run Behavior\BuildLiteBehavior [ RunTime:0.000010s ]
INFO: [ app_init ] --END-- [ RunTime:0.000230s ]
INFO: [ app_begin ] --START--
INFO: Run Behavior\ReadHtmlCacheBehavior [ RunTime:0.000509s ]
INFO: [ app_begin ] --END-- [ RunTime:0.000565s ]
NOTIC: [2] mdecrypt_generic(): An empty string was passed /opt/www/crap/ThinkPHP/Library/Org/Util/AES.class.php 第 51 行.
NOTIC: [2] preg_match(): Null byte in regex /opt/www/crap/ThinkPHP/Library/Org/Util/AES.class.php 第 80 行.
NOTIC: [2048] Declaration of Application\BaseModel::add() should be compatible with Think\Model::add($data = '', $options = Array, $replace = false) /opt/www/crap/Application/BaseModel.class.php 第 12 行.
NOTIC: [8] Undefined variable: userCount /opt/www/crap/Application/Admin/Controller/IndexController.class.php 第 36 行.
NOTIC: [8] Undefined variable: channelCount /opt/www/crap/Application/Admin/Controller/IndexController.class.php 第 37 行.
NOTIC: [8] Undefined variable: loginCount /opt/www/crap/Application/Admin/Controller/IndexController.class.php 第 41 行.
NOTIC: [8] Undefined variable: recommendJobCount /opt/www/crap/Application/Admin/Controller/IndexController.class.php 第 46 行.
NOTIC: [8] Undefined variable: recommendResumeCount /opt/www/crap/Application/Admin/Controller/IndexController.class.php 第 47 行.
NOTIC: [8] Undefined variable: invitBySmsCount /opt/www/crap/Application/Admin/Controller/IndexController.class.php 第 48 行.
NOTIC: [8] Undefined variable: receiveCount /opt/www/crap/Application/Admin/Controller/IndexController.class.php 第 49 行.
NOTIC: [8] Undefined variable: autoReceiveCount /opt/www/crap/Application/Admin/Controller/IndexController.class.php 第 50 行.
NOTIC: [8] Undefined variable: rejectCount /opt/www/crap/Application/Admin/Controller/IndexController.class.php 第 51 行.
INFO: [ view_parse ] --START--
INFO: [ template_filter ] --START--
INFO: Run Behavior\ContentReplaceBehavior [ RunTime:0.000044s ]
INFO: [ template_filter ] --END-- [ RunTime:0.000088s ]
NOTIC: [8] Undefined variable: currentPage /opt/www/crap/Runtime/Cache/Admin/53ba6b9177d3b17ee3b89aee36ab9c4d.php 第 10 行.
NOTIC: [8] Use of undefined constant today - assumed 'today' /opt/www/crap/Runtime/Cache/Admin/53ba6b9177d3b17ee3b89aee36ab9c4d.php 第 182 行.
NOTIC: [8] Use of undefined constant yesterday - assumed 'yesterday' /opt/www/crap/Runtime/Cache/Admin/53ba6b9177d3b17ee3b89aee36ab9c4d.php 第 183 行.
NOTIC: [8] Use of undefined constant week - assumed 'week' /opt/www/crap/Runtime/Cache/Admin/53ba6b9177d3b17ee3b89aee36ab9c4d.php 第 184 行.
NOTIC: [8] Use of undefined constant month - assumed 'month' /opt/www/crap/Runtime/Cache/Admin/53ba6b9177d3b17ee3b89aee36ab9c4d.php 第 185 行.
NOTIC: [8] Use of undefined constant all - assumed 'all' /opt/www/crap/Runtime/Cache/Admin/53ba6b9177d3b17ee3b89aee36ab9c4d.php 第 186 行.
INFO: Run Behavior\ParseTemplateBehavior [ RunTime:0.013368s ]
INFO: [ view_parse ] --END-- [ RunTime:0.013399s ]
INFO: [ view_filter ] --START--
INFO: Run Behavior\WriteHtmlCacheBehavior [ RunTime:0.000126s ]
INFO: [ view_filter ] --END-- [ RunTime:0.000150s ]
INFO: [ app_end ] --START--
INFO: Run Behavior\ShowPageTraceBehavior [ RunTime:0.000386s ]
INFO: [ app_end ] --END-- [ RunTime:0.000416s ]

[ 2017-09-15T14:11:35+08:00 ] 192.168.254.1 /admin/index/index/date/all
INFO: [ app_init ] --START--
INFO: Run Behavior\BuildLiteBehavior [ RunTime:0.000011s ]
INFO: [ app_init ] --END-- [ RunTime:0.000237s ]
INFO: [ app_begin ] --START--
INFO: Run Behavior\ReadHtmlCacheBehavior [ RunTime:0.000288s ]
INFO: [ app_begin ] --END-- [ RunTime:0.000321s ]
NOTIC: [2] mdecrypt_generic(): An empty string was passed /opt/www/crap/ThinkPHP/Library/Org/Util/AES.class.php 第 51 行.
NOTIC: [2] preg_match(): Null byte in regex /opt/www/crap/ThinkPHP/Library/Org/Util/AES.class.php 第 80 行.
NOTIC: [2048] Declaration of Application\BaseModel::add() should be compatible with Think\Model::add($data = '', $options = Array, $replace = false) /opt/www/crap/Application/BaseModel.class.php 第 12 行.
NOTIC: [8] Undefined variable: userCount /opt/www/crap/Application/Admin/Controller/IndexController.class.php 第 36 行.
NOTIC: [8] Undefined variable: channelCount /opt/www/crap/Application/Admin/Controller/IndexController.class.php 第 37 行.
NOTIC: [8] Undefined variable: loginCount /opt/www/crap/Application/Admin/Controller/IndexController.class.php 第 41 行.
NOTIC: [8] Undefined variable: recommendJobCount /opt/www/crap/Application/Admin/Controller/IndexController.class.php 第 46 行.
NOTIC: [8] Undefined variable: recommendResumeCount /opt/www/crap/Application/Admin/Controller/IndexController.class.php 第 47 行.
NOTIC: [8] Undefined variable: invitBySmsCount /opt/www/crap/Application/Admin/Controller/IndexController.class.php 第 48 行.
NOTIC: [8] Undefined variable: receiveCount /opt/www/crap/Application/Admin/Controller/IndexController.class.php 第 49 行.
NOTIC: [8] Undefined variable: autoReceiveCount /opt/www/crap/Application/Admin/Controller/IndexController.class.php 第 50 行.
NOTIC: [8] Undefined variable: rejectCount /opt/www/crap/Application/Admin/Controller/IndexController.class.php 第 51 行.
INFO: [ view_parse ] --START--
INFO: [ template_filter ] --START--
INFO: Run Behavior\ContentReplaceBehavior [ RunTime:0.000046s ]
INFO: [ template_filter ] --END-- [ RunTime:0.000108s ]
NOTIC: [8] Undefined variable: currentPage /opt/www/crap/Runtime/Cache/Admin/53ba6b9177d3b17ee3b89aee36ab9c4d.php 第 10 行.
NOTIC: [8] Use of undefined constant today - assumed 'today' /opt/www/crap/Runtime/Cache/Admin/53ba6b9177d3b17ee3b89aee36ab9c4d.php 第 182 行.
NOTIC: [8] Use of undefined constant yesterday - assumed 'yesterday' /opt/www/crap/Runtime/Cache/Admin/53ba6b9177d3b17ee3b89aee36ab9c4d.php 第 183 行.
NOTIC: [8] Use of undefined constant week - assumed 'week' /opt/www/crap/Runtime/Cache/Admin/53ba6b9177d3b17ee3b89aee36ab9c4d.php 第 184 行.
NOTIC: [8] Use of undefined constant month - assumed 'month' /opt/www/crap/Runtime/Cache/Admin/53ba6b9177d3b17ee3b89aee36ab9c4d.php 第 185 行.
NOTIC: [8] Use of undefined constant all - assumed 'all' /opt/www/crap/Runtime/Cache/Admin/53ba6b9177d3b17ee3b89aee36ab9c4d.php 第 186 行.
INFO: Run Behavior\ParseTemplateBehavior [ RunTime:0.014284s ]
INFO: [ view_parse ] --END-- [ RunTime:0.014323s ]
INFO: [ view_filter ] --START--
INFO: Run Behavior\WriteHtmlCacheBehavior [ RunTime:0.000154s ]
INFO: [ view_filter ] --END-- [ RunTime:0.000184s ]
INFO: [ app_end ] --START--
INFO: Run Behavior\ShowPageTraceBehavior [ RunTime:0.000362s ]
INFO: [ app_end ] --END-- [ RunTime:0.000402s ]

[ 2017-09-15T14:11:36+08:00 ] 192.168.254.1 /admin/index/index/date/today
INFO: [ app_init ] --START--
INFO: Run Behavior\BuildLiteBehavior [ RunTime:0.000014s ]
INFO: [ app_init ] --END-- [ RunTime:0.000296s ]
INFO: [ app_begin ] --START--
INFO: Run Behavior\ReadHtmlCacheBehavior [ RunTime:0.000666s ]
INFO: [ app_begin ] --END-- [ RunTime:0.000733s ]
NOTIC: [2] mdecrypt_generic(): An empty string was passed /opt/www/crap/ThinkPHP/Library/Org/Util/AES.class.php 第 51 行.
NOTIC: [2] preg_match(): Null byte in regex /opt/www/crap/ThinkPHP/Library/Org/Util/AES.class.php 第 80 行.
NOTIC: [2048] Declaration of Application\BaseModel::add() should be compatible with Think\Model::add($data = '', $options = Array, $replace = false) /opt/www/crap/Application/BaseModel.class.php 第 12 行.
NOTIC: [8] Undefined variable: userCount /opt/www/crap/Application/Admin/Controller/IndexController.class.php 第 36 行.
NOTIC: [8] Undefined variable: channelCount /opt/www/crap/Application/Admin/Controller/IndexController.class.php 第 37 行.
NOTIC: [8] Undefined variable: loginCount /opt/www/crap/Application/Admin/Controller/IndexController.class.php 第 41 行.
NOTIC: [8] Undefined variable: recommendJobCount /opt/www/crap/Application/Admin/Controller/IndexController.class.php 第 46 行.
NOTIC: [8] Undefined variable: recommendResumeCount /opt/www/crap/Application/Admin/Controller/IndexController.class.php 第 47 行.
NOTIC: [8] Undefined variable: invitBySmsCount /opt/www/crap/Application/Admin/Controller/IndexController.class.php 第 48 行.
NOTIC: [8] Undefined variable: receiveCount /opt/www/crap/Application/Admin/Controller/IndexController.class.php 第 49 行.
NOTIC: [8] Undefined variable: autoReceiveCount /opt/www/crap/Application/Admin/Controller/IndexController.class.php 第 50 行.
NOTIC: [8] Undefined variable: rejectCount /opt/www/crap/Application/Admin/Controller/IndexController.class.php 第 51 行.
INFO: [ view_parse ] --START--
INFO: [ template_filter ] --START--
INFO: Run Behavior\ContentReplaceBehavior [ RunTime:0.000137s ]
INFO: [ template_filter ] --END-- [ RunTime:0.000273s ]
NOTIC: [8] Undefined variable: currentPage /opt/www/crap/Runtime/Cache/Admin/53ba6b9177d3b17ee3b89aee36ab9c4d.php 第 10 行.
NOTIC: [8] Use of undefined constant today - assumed 'today' /opt/www/crap/Runtime/Cache/Admin/53ba6b9177d3b17ee3b89aee36ab9c4d.php 第 182 行.
NOTIC: [8] Use of undefined constant yesterday - assumed 'yesterday' /opt/www/crap/Runtime/Cache/Admin/53ba6b9177d3b17ee3b89aee36ab9c4d.php 第 183 行.
NOTIC: [8] Use of undefined constant week - assumed 'week' /opt/www/crap/Runtime/Cache/Admin/53ba6b9177d3b17ee3b89aee36ab9c4d.php 第 184 行.
NOTIC: [8] Use of undefined constant month - assumed 'month' /opt/www/crap/Runtime/Cache/Admin/53ba6b9177d3b17ee3b89aee36ab9c4d.php 第 185 行.
NOTIC: [8] Use of undefined constant all - assumed 'all' /opt/www/crap/Runtime/Cache/Admin/53ba6b9177d3b17ee3b89aee36ab9c4d.php 第 186 行.
INFO: Run Behavior\ParseTemplateBehavior [ RunTime:0.015854s ]
INFO: [ view_parse ] --END-- [ RunTime:0.015883s ]
INFO: [ view_filter ] --START--
INFO: Run Behavior\WriteHtmlCacheBehavior [ RunTime:0.000125s ]
INFO: [ view_filter ] --END-- [ RunTime:0.000149s ]
INFO: [ app_end ] --START--
INFO: Run Behavior\ShowPageTraceBehavior [ RunTime:0.000375s ]
INFO: [ app_end ] --END-- [ RunTime:0.000406s ]

[ 2017-09-15T14:18:52+08:00 ] 192.168.254.1 /Admin/Login/logout
INFO: [ app_init ] --START--
INFO: Run Behavior\BuildLiteBehavior [ RunTime:0.000013s ]
INFO: [ app_init ] --END-- [ RunTime:0.000294s ]
INFO: [ app_begin ] --START--
INFO: Run Behavior\ReadHtmlCacheBehavior [ RunTime:0.000307s ]
INFO: [ app_begin ] --END-- [ RunTime:0.000343s ]
NOTIC: [2] mdecrypt_generic(): An empty string was passed /opt/www/crap/ThinkPHP/Library/Org/Util/AES.class.php 第 51 行.
NOTIC: [2] preg_match(): Null byte in regex /opt/www/crap/ThinkPHP/Library/Org/Util/AES.class.php 第 80 行.
NOTIC: [2048] Declaration of Application\BaseModel::add() should be compatible with Think\Model::add($data = '', $options = Array, $replace = false) /opt/www/crap/Application/BaseModel.class.php 第 12 行.

[ 2017-09-15T14:18:52+08:00 ] 192.168.254.1 /Admin/Login/login
INFO: [ app_init ] --START--
INFO: Run Behavior\BuildLiteBehavior [ RunTime:0.000011s ]
INFO: [ app_init ] --END-- [ RunTime:0.000231s ]
INFO: [ app_begin ] --START--
INFO: Run Behavior\ReadHtmlCacheBehavior [ RunTime:0.000290s ]
INFO: [ app_begin ] --END-- [ RunTime:0.000322s ]
NOTIC: [2] mdecrypt_generic(): An empty string was passed /opt/www/crap/ThinkPHP/Library/Org/Util/AES.class.php 第 51 行.
NOTIC: [2] preg_match(): Null byte in regex /opt/www/crap/ThinkPHP/Library/Org/Util/AES.class.php 第 80 行.
NOTIC: [2048] Declaration of Application\BaseModel::add() should be compatible with Think\Model::add($data = '', $options = Array, $replace = false) /opt/www/crap/Application/BaseModel.class.php 第 12 行.
INFO: [ view_parse ] --START--
INFO: [ template_filter ] --START--
INFO: Run Behavior\ContentReplaceBehavior [ RunTime:0.000029s ]
INFO: [ template_filter ] --END-- [ RunTime:0.000074s ]
INFO: Run Behavior\ParseTemplateBehavior [ RunTime:0.003790s ]
INFO: [ view_parse ] --END-- [ RunTime:0.003827s ]
INFO: [ view_filter ] --START--
INFO: Run Behavior\WriteHtmlCacheBehavior [ RunTime:0.000108s ]
INFO: [ view_filter ] --END-- [ RunTime:0.000133s ]
INFO: [ app_end ] --START--
INFO: Run Behavior\ShowPageTraceBehavior [ RunTime:0.000354s ]
INFO: [ app_end ] --END-- [ RunTime:0.000383s ]

[ 2017-09-15T14:18:59+08:00 ] 192.168.254.1 /Admin/Login/doLogin
INFO: [ app_init ] --START--
INFO: Run Behavior\BuildLiteBehavior [ RunTime:0.000014s ]
INFO: [ app_init ] --END-- [ RunTime:0.000276s ]
INFO: [ app_begin ] --START--
INFO: Run Behavior\ReadHtmlCacheBehavior [ RunTime:0.000364s ]
INFO: [ app_begin ] --END-- [ RunTime:0.000414s ]
NOTIC: [2] mdecrypt_generic(): An empty string was passed /opt/www/crap/ThinkPHP/Library/Org/Util/AES.class.php 第 51 行.
NOTIC: [2] preg_match(): Null byte in regex /opt/www/crap/ThinkPHP/Library/Org/Util/AES.class.php 第 80 行.
NOTIC: [2048] Declaration of Application\BaseModel::add() should be compatible with Think\Model::add($data = '', $options = Array, $replace = false) /opt/www/crap/Application/BaseModel.class.php 第 12 行.
SQL: SELECT * FROM `crap_admin_users` WHERE `name` = 'liuxuchao' AND `password` = '2e88327de2f97110f6c5f97be61a25b8' LIMIT 1   [ RunTime:0.0004s ]
INFO: [ view_parse ] --START--
INFO: [ template_filter ] --START--
INFO: Run Behavior\ContentReplaceBehavior [ RunTime:0.000036s ]
INFO: [ template_filter ] --END-- [ RunTime:0.000089s ]
INFO: Run Behavior\ParseTemplateBehavior [ RunTime:0.005319s ]
INFO: [ view_parse ] --END-- [ RunTime:0.005365s ]
INFO: [ view_filter ] --START--
INFO: Run Behavior\WriteHtmlCacheBehavior [ RunTime:0.000180s ]
INFO: [ view_filter ] --END-- [ RunTime:0.000212s ]

[ 2017-09-15T14:19:01+08:00 ] 192.168.254.1 /Admin/Login/login
INFO: [ app_init ] --START--
INFO: Run Behavior\BuildLiteBehavior [ RunTime:0.000018s ]
INFO: [ app_init ] --END-- [ RunTime:0.000440s ]
INFO: [ app_begin ] --START--
INFO: Run Behavior\ReadHtmlCacheBehavior [ RunTime:0.000567s ]
INFO: [ app_begin ] --END-- [ RunTime:0.000639s ]
NOTIC: [2] mdecrypt_generic(): An empty string was passed /opt/www/crap/ThinkPHP/Library/Org/Util/AES.class.php 第 51 行.
NOTIC: [2] preg_match(): Null byte in regex /opt/www/crap/ThinkPHP/Library/Org/Util/AES.class.php 第 80 行.
NOTIC: [2048] Declaration of Application\BaseModel::add() should be compatible with Think\Model::add($data = '', $options = Array, $replace = false) /opt/www/crap/Application/BaseModel.class.php 第 12 行.
INFO: [ view_parse ] --START--
INFO: [ template_filter ] --START--
INFO: Run Behavior\ContentReplaceBehavior [ RunTime:0.000039s ]
INFO: [ template_filter ] --END-- [ RunTime:0.000094s ]
INFO: Run Behavior\ParseTemplateBehavior [ RunTime:0.004851s ]
INFO: [ view_parse ] --END-- [ RunTime:0.004903s ]
INFO: [ view_filter ] --START--
INFO: Run Behavior\WriteHtmlCacheBehavior [ RunTime:0.000151s ]
INFO: [ view_filter ] --END-- [ RunTime:0.000185s ]
INFO: [ app_end ] --START--
INFO: Run Behavior\ShowPageTraceBehavior [ RunTime:0.000447s ]
INFO: [ app_end ] --END-- [ RunTime:0.000485s ]

[ 2017-09-15T14:19:06+08:00 ] 192.168.254.1 /Admin/Login/doLogin
INFO: [ app_init ] --START--
INFO: Run Behavior\BuildLiteBehavior [ RunTime:0.000011s ]
INFO: [ app_init ] --END-- [ RunTime:0.000237s ]
INFO: [ app_begin ] --START--
INFO: Run Behavior\ReadHtmlCacheBehavior [ RunTime:0.000434s ]
INFO: [ app_begin ] --END-- [ RunTime:0.000484s ]
NOTIC: [2] mdecrypt_generic(): An empty string was passed /opt/www/crap/ThinkPHP/Library/Org/Util/AES.class.php 第 51 行.
NOTIC: [2] preg_match(): Null byte in regex /opt/www/crap/ThinkPHP/Library/Org/Util/AES.class.php 第 80 行.
NOTIC: [2048] Declaration of Application\BaseModel::add() should be compatible with Think\Model::add($data = '', $options = Array, $replace = false) /opt/www/crap/Application/BaseModel.class.php 第 12 行.
SQL: SELECT * FROM `crap_admin_users` WHERE `name` = 'liuxuchao' AND `password` = 'd85137cca3bebb2b1804aaf61157515b' LIMIT 1   [ RunTime:0.0003s ]

[ 2017-09-15T14:19:06+08:00 ] 192.168.254.1 /Admin/index
INFO: [ app_init ] --START--
INFO: Run Behavior\BuildLiteBehavior [ RunTime:0.000011s ]
INFO: [ app_init ] --END-- [ RunTime:0.000234s ]
INFO: [ app_begin ] --START--
INFO: Run Behavior\ReadHtmlCacheBehavior [ RunTime:0.000285s ]
INFO: [ app_begin ] --END-- [ RunTime:0.000318s ]
NOTIC: [2] mdecrypt_generic(): An empty string was passed /opt/www/crap/ThinkPHP/Library/Org/Util/AES.class.php 第 51 行.
NOTIC: [2] preg_match(): Null byte in regex /opt/www/crap/ThinkPHP/Library/Org/Util/AES.class.php 第 80 行.
NOTIC: [2048] Declaration of Application\BaseModel::add() should be compatible with Think\Model::add($data = '', $options = Array, $replace = false) /opt/www/crap/Application/BaseModel.class.php 第 12 行.
NOTIC: [8] Undefined variable: userCount /opt/www/crap/Application/Admin/Controller/IndexController.class.php 第 36 行.
NOTIC: [8] Undefined variable: channelCount /opt/www/crap/Application/Admin/Controller/IndexController.class.php 第 37 行.
NOTIC: [8] Undefined variable: loginCount /opt/www/crap/Application/Admin/Controller/IndexController.class.php 第 41 行.
NOTIC: [8] Undefined variable: recommendJobCount /opt/www/crap/Application/Admin/Controller/IndexController.class.php 第 46 行.
NOTIC: [8] Undefined variable: recommendResumeCount /opt/www/crap/Application/Admin/Controller/IndexController.class.php 第 47 行.
NOTIC: [8] Undefined variable: invitBySmsCount /opt/www/crap/Application/Admin/Controller/IndexController.class.php 第 48 行.
NOTIC: [8] Undefined variable: receiveCount /opt/www/crap/Application/Admin/Controller/IndexController.class.php 第 49 行.
NOTIC: [8] Undefined variable: autoReceiveCount /opt/www/crap/Application/Admin/Controller/IndexController.class.php 第 50 行.
NOTIC: [8] Undefined variable: rejectCount /opt/www/crap/Application/Admin/Controller/IndexController.class.php 第 51 行.
INFO: [ view_parse ] --START--
INFO: [ template_filter ] --START--
INFO: Run Behavior\ContentReplaceBehavior [ RunTime:0.000063s ]
INFO: [ template_filter ] --END-- [ RunTime:0.000106s ]
NOTIC: [8] Undefined variable: currentPage /opt/www/crap/Runtime/Cache/Admin/53ba6b9177d3b17ee3b89aee36ab9c4d.php 第 10 行.
NOTIC: [8] Use of undefined constant today - assumed 'today' /opt/www/crap/Runtime/Cache/Admin/53ba6b9177d3b17ee3b89aee36ab9c4d.php 第 182 行.
NOTIC: [8] Use of undefined constant yesterday - assumed 'yesterday' /opt/www/crap/Runtime/Cache/Admin/53ba6b9177d3b17ee3b89aee36ab9c4d.php 第 183 行.
NOTIC: [8] Use of undefined constant week - assumed 'week' /opt/www/crap/Runtime/Cache/Admin/53ba6b9177d3b17ee3b89aee36ab9c4d.php 第 184 行.
NOTIC: [8] Use of undefined constant month - assumed 'month' /opt/www/crap/Runtime/Cache/Admin/53ba6b9177d3b17ee3b89aee36ab9c4d.php 第 185 行.
NOTIC: [8] Use of undefined constant all - assumed 'all' /opt/www/crap/Runtime/Cache/Admin/53ba6b9177d3b17ee3b89aee36ab9c4d.php 第 186 行.
INFO: Run Behavior\ParseTemplateBehavior [ RunTime:0.011476s ]
INFO: [ view_parse ] --END-- [ RunTime:0.011506s ]
INFO: [ view_filter ] --START--
INFO: Run Behavior\WriteHtmlCacheBehavior [ RunTime:0.000187s ]
INFO: [ view_filter ] --END-- [ RunTime:0.000212s ]
INFO: [ app_end ] --START--
INFO: Run Behavior\ShowPageTraceBehavior [ RunTime:0.000324s ]
INFO: [ app_end ] --END-- [ RunTime:0.000355s ]

[ 2017-09-15T14:19:44+08:00 ] 192.168.254.1 /Admin/Goods
INFO: [ app_init ] --START--
INFO: Run Behavior\BuildLiteBehavior [ RunTime:0.000011s ]
INFO: [ app_init ] --END-- [ RunTime:0.000285s ]
INFO: [ app_begin ] --START--
INFO: Run Behavior\ReadHtmlCacheBehavior [ RunTime:0.000283s ]
INFO: [ app_begin ] --END-- [ RunTime:0.000317s ]

[ 2017-09-15T14:19:47+08:00 ] 192.168.254.1 /Admin/Goods
INFO: [ app_init ] --START--
INFO: Run Behavior\BuildLiteBehavior [ RunTime:0.000011s ]
INFO: [ app_init ] --END-- [ RunTime:0.000234s ]
INFO: [ app_begin ] --START--
INFO: Run Behavior\ReadHtmlCacheBehavior [ RunTime:0.000294s ]
INFO: [ app_begin ] --END-- [ RunTime:0.000328s ]

[ 2017-09-15T14:24:36+08:00 ] 192.168.254.1 /Admin/Login/logout
INFO: [ app_init ] --START--
INFO: Run Behavior\BuildLiteBehavior [ RunTime:0.000013s ]
INFO: [ app_init ] --END-- [ RunTime:0.000286s ]
INFO: [ app_begin ] --START--
INFO: Run Behavior\ReadHtmlCacheBehavior [ RunTime:0.000344s ]
INFO: [ app_begin ] --END-- [ RunTime:0.000387s ]
NOTIC: [2] mdecrypt_generic(): An empty string was passed /opt/www/crap/ThinkPHP/Library/Org/Util/AES.class.php 第 51 行.
NOTIC: [2] preg_match(): Null byte in regex /opt/www/crap/ThinkPHP/Library/Org/Util/AES.class.php 第 80 行.
NOTIC: [2048] Declaration of Application\BaseModel::add() should be compatible with Think\Model::add($data = '', $options = Array, $replace = false) /opt/www/crap/Application/BaseModel.class.php 第 12 行.

[ 2017-09-15T14:24:36+08:00 ] 192.168.254.1 /Admin/Login/login
INFO: [ app_init ] --START--
INFO: Run Behavior\BuildLiteBehavior [ RunTime:0.000017s ]
INFO: [ app_init ] --END-- [ RunTime:0.000413s ]
INFO: [ app_begin ] --START--
INFO: Run Behavior\ReadHtmlCacheBehavior [ RunTime:0.000563s ]
INFO: [ app_begin ] --END-- [ RunTime:0.000621s ]
NOTIC: [2] mdecrypt_generic(): An empty string was passed /opt/www/crap/ThinkPHP/Library/Org/Util/AES.class.php 第 51 行.
NOTIC: [2] preg_match(): Null byte in regex /opt/www/crap/ThinkPHP/Library/Org/Util/AES.class.php 第 80 行.
NOTIC: [2048] Declaration of Application\BaseModel::add() should be compatible with Think\Model::add($data = '', $options = Array, $replace = false) /opt/www/crap/Application/BaseModel.class.php 第 12 行.
INFO: [ view_parse ] --START--
INFO: [ template_filter ] --START--
INFO: Run Behavior\ContentReplaceBehavior [ RunTime:0.000042s ]
INFO: [ template_filter ] --END-- [ RunTime:0.000105s ]
INFO: Run Behavior\ParseTemplateBehavior [ RunTime:0.006489s ]
INFO: [ view_parse ] --END-- [ RunTime:0.006588s ]
INFO: [ view_filter ] --START--
INFO: Run Behavior\WriteHtmlCacheBehavior [ RunTime:0.000161s ]
INFO: [ view_filter ] --END-- [ RunTime:0.000196s ]
INFO: [ app_end ] --START--
INFO: Run Behavior\ShowPageTraceBehavior [ RunTime:0.000385s ]
INFO: [ app_end ] --END-- [ RunTime:0.000422s ]

[ 2017-09-15T14:24:42+08:00 ] 192.168.254.1 /Admin/Login/doLogin
INFO: [ app_init ] --START--
INFO: Run Behavior\BuildLiteBehavior [ RunTime:0.000050s ]
INFO: [ app_init ] --END-- [ RunTime:0.000544s ]
INFO: [ app_begin ] --START--
INFO: Run Behavior\ReadHtmlCacheBehavior [ RunTime:0.000323s ]
INFO: [ app_begin ] --END-- [ RunTime:0.000366s ]
NOTIC: [2] mdecrypt_generic(): An empty string was passed /opt/www/crap/ThinkPHP/Library/Org/Util/AES.class.php 第 51 行.
NOTIC: [2] preg_match(): Null byte in regex /opt/www/crap/ThinkPHP/Library/Org/Util/AES.class.php 第 80 行.
NOTIC: [2048] Declaration of Application\BaseModel::add() should be compatible with Think\Model::add($data = '', $options = Array, $replace = false) /opt/www/crap/Application/BaseModel.class.php 第 12 行.
SQL: SELECT * FROM `crap_admin_users` WHERE `name` = 'admin' AND `password` = '2e88327de2f97110f6c5f97be61a25b8' LIMIT 1   [ RunTime:0.0003s ]

[ 2017-09-15T14:24:42+08:00 ] 192.168.254.1 /Admin/index
INFO: [ app_init ] --START--
INFO: Run Behavior\BuildLiteBehavior [ RunTime:0.000014s ]
INFO: [ app_init ] --END-- [ RunTime:0.000329s ]
INFO: [ app_begin ] --START--
INFO: Run Behavior\ReadHtmlCacheBehavior [ RunTime:0.000288s ]
INFO: [ app_begin ] --END-- [ RunTime:0.000324s ]
NOTIC: [2] mdecrypt_generic(): An empty string was passed /opt/www/crap/ThinkPHP/Library/Org/Util/AES.class.php 第 51 行.
NOTIC: [2] preg_match(): Null byte in regex /opt/www/crap/ThinkPHP/Library/Org/Util/AES.class.php 第 80 行.
NOTIC: [2048] Declaration of Application\BaseModel::add() should be compatible with Think\Model::add($data = '', $options = Array, $replace = false) /opt/www/crap/Application/BaseModel.class.php 第 12 行.
NOTIC: [8] Undefined variable: userCount /opt/www/crap/Application/Admin/Controller/IndexController.class.php 第 36 行.
NOTIC: [8] Undefined variable: channelCount /opt/www/crap/Application/Admin/Controller/IndexController.class.php 第 37 行.
NOTIC: [8] Undefined variable: loginCount /opt/www/crap/Application/Admin/Controller/IndexController.class.php 第 41 行.
NOTIC: [8] Undefined variable: recommendJobCount /opt/www/crap/Application/Admin/Controller/IndexController.class.php 第 46 行.
NOTIC: [8] Undefined variable: recommendResumeCount /opt/www/crap/Application/Admin/Controller/IndexController.class.php 第 47 行.
NOTIC: [8] Undefined variable: invitBySmsCount /opt/www/crap/Application/Admin/Controller/IndexController.class.php 第 48 行.
NOTIC: [8] Undefined variable: receiveCount /opt/www/crap/Application/Admin/Controller/IndexController.class.php 第 49 行.
NOTIC: [8] Undefined variable: autoReceiveCount /opt/www/crap/Application/Admin/Controller/IndexController.class.php 第 50 行.
NOTIC: [8] Undefined variable: rejectCount /opt/www/crap/Application/Admin/Controller/IndexController.class.php 第 51 行.
INFO: [ view_parse ] --START--
INFO: [ template_filter ] --START--
INFO: Run Behavior\ContentReplaceBehavior [ RunTime:0.000081s ]
INFO: [ template_filter ] --END-- [ RunTime:0.000134s ]
NOTIC: [8] Undefined variable: currentPage /opt/www/crap/Runtime/Cache/Admin/53ba6b9177d3b17ee3b89aee36ab9c4d.php 第 10 行.
NOTIC: [8] Use of undefined constant today - assumed 'today' /opt/www/crap/Runtime/Cache/Admin/53ba6b9177d3b17ee3b89aee36ab9c4d.php 第 182 行.
NOTIC: [8] Use of undefined constant yesterday - assumed 'yesterday' /opt/www/crap/Runtime/Cache/Admin/53ba6b9177d3b17ee3b89aee36ab9c4d.php 第 183 行.
NOTIC: [8] Use of undefined constant week - assumed 'week' /opt/www/crap/Runtime/Cache/Admin/53ba6b9177d3b17ee3b89aee36ab9c4d.php 第 184 行.
NOTIC: [8] Use of undefined constant month - assumed 'month' /opt/www/crap/Runtime/Cache/Admin/53ba6b9177d3b17ee3b89aee36ab9c4d.php 第 185 行.
NOTIC: [8] Use of undefined constant all - assumed 'all' /opt/www/crap/Runtime/Cache/Admin/53ba6b9177d3b17ee3b89aee36ab9c4d.php 第 186 行.
INFO: Run Behavior\ParseTemplateBehavior [ RunTime:0.017031s ]
INFO: [ view_parse ] --END-- [ RunTime:0.017068s ]
INFO: [ view_filter ] --START--
INFO: Run Behavior\WriteHtmlCacheBehavior [ RunTime:0.000148s ]
INFO: [ view_filter ] --END-- [ RunTime:0.000177s ]
INFO: [ app_end ] --START--
INFO: Run Behavior\ShowPageTraceBehavior [ RunTime:0.000403s ]
INFO: [ app_end ] --END-- [ RunTime:0.000438s ]

[ 2017-09-15T15:08:17+08:00 ] 192.168.254.1 /Admin/Index/index
INFO: [ app_init ] --START--
INFO: Run Behavior\BuildLiteBehavior [ RunTime:0.000016s ]
INFO: [ app_init ] --END-- [ RunTime:0.000287s ]
INFO: [ app_begin ] --START--
INFO: Run Behavior\ReadHtmlCacheBehavior [ RunTime:0.000320s ]
INFO: [ app_begin ] --END-- [ RunTime:0.000359s ]
NOTIC: [2] mdecrypt_generic(): An empty string was passed /opt/www/crap/ThinkPHP/Library/Org/Util/AES.class.php 第 51 行.
NOTIC: [2] preg_match(): Null byte in regex /opt/www/crap/ThinkPHP/Library/Org/Util/AES.class.php 第 80 行.
INFO: [ view_parse ] --START--
INFO: [ template_filter ] --START--
INFO: Run Behavior\ContentReplaceBehavior [ RunTime:0.000050s ]
INFO: [ template_filter ] --END-- [ RunTime:0.000138s ]
INFO: Run Behavior\ParseTemplateBehavior [ RunTime:0.004083s ]
INFO: [ view_parse ] --END-- [ RunTime:0.004121s ]
INFO: [ view_filter ] --START--
INFO: Run Behavior\WriteHtmlCacheBehavior [ RunTime:0.000122s ]
INFO: [ view_filter ] --END-- [ RunTime:0.000148s ]

[ 2017-09-15T15:08:19+08:00 ] 192.168.254.1 /Admin/Login/login
INFO: [ app_init ] --START--
INFO: Run Behavior\BuildLiteBehavior [ RunTime:0.000025s ]
INFO: [ app_init ] --END-- [ RunTime:0.000300s ]
INFO: [ app_begin ] --START--
INFO: Run Behavior\ReadHtmlCacheBehavior [ RunTime:0.000297s ]
INFO: [ app_begin ] --END-- [ RunTime:0.000335s ]
NOTIC: [2] mdecrypt_generic(): An empty string was passed /opt/www/crap/ThinkPHP/Library/Org/Util/AES.class.php 第 51 行.
NOTIC: [2] preg_match(): Null byte in regex /opt/www/crap/ThinkPHP/Library/Org/Util/AES.class.php 第 80 行.
NOTIC: [2048] Declaration of Application\BaseModel::add() should be compatible with Think\Model::add($data = '', $options = Array, $replace = false) /opt/www/crap/Application/BaseModel.class.php 第 12 行.
INFO: [ view_parse ] --START--
INFO: [ template_filter ] --START--
INFO: Run Behavior\ContentReplaceBehavior [ RunTime:0.000054s ]
INFO: [ template_filter ] --END-- [ RunTime:0.000100s ]
INFO: Run Behavior\ParseTemplateBehavior [ RunTime:0.004143s ]
INFO: [ view_parse ] --END-- [ RunTime:0.004197s ]
INFO: [ view_filter ] --START--
INFO: Run Behavior\WriteHtmlCacheBehavior [ RunTime:0.000109s ]
INFO: [ view_filter ] --END-- [ RunTime:0.000134s ]
INFO: [ app_end ] --START--
INFO: Run Behavior\ShowPageTraceBehavior [ RunTime:0.000340s ]
INFO: [ app_end ] --END-- [ RunTime:0.000727s ]

[ 2017-09-15T15:08:25+08:00 ] 192.168.254.1 /Admin/Login/doLogin
INFO: [ app_init ] --START--
INFO: Run Behavior\BuildLiteBehavior [ RunTime:0.000015s ]
INFO: [ app_init ] --END-- [ RunTime:0.000297s ]
INFO: [ app_begin ] --START--
INFO: Run Behavior\ReadHtmlCacheBehavior [ RunTime:0.000425s ]
INFO: [ app_begin ] --END-- [ RunTime:0.000488s ]
NOTIC: [2] mdecrypt_generic(): An empty string was passed /opt/www/crap/ThinkPHP/Library/Org/Util/AES.class.php 第 51 行.
NOTIC: [2] preg_match(): Null byte in regex /opt/www/crap/ThinkPHP/Library/Org/Util/AES.class.php 第 80 行.
NOTIC: [2048] Declaration of Application\BaseModel::add() should be compatible with Think\Model::add($data = '', $options = Array, $replace = false) /opt/www/crap/Application/BaseModel.class.php 第 12 行.
SQL: SELECT * FROM `crap_admin_users` WHERE `name` = 'admin' AND `password` = '2e88327de2f97110f6c5f97be61a25b8' LIMIT 1   [ RunTime:0.0011s ]

[ 2017-09-15T15:08:26+08:00 ] 192.168.254.1 /Admin/index
INFO: [ app_init ] --START--
INFO: Run Behavior\BuildLiteBehavior [ RunTime:0.000012s ]
INFO: [ app_init ] --END-- [ RunTime:0.000275s ]
INFO: [ app_begin ] --START--
INFO: Run Behavior\ReadHtmlCacheBehavior [ RunTime:0.000417s ]
INFO: [ app_begin ] --END-- [ RunTime:0.000458s ]
NOTIC: [2] mdecrypt_generic(): An empty string was passed /opt/www/crap/ThinkPHP/Library/Org/Util/AES.class.php 第 51 行.
NOTIC: [2] preg_match(): Null byte in regex /opt/www/crap/ThinkPHP/Library/Org/Util/AES.class.php 第 80 行.
NOTIC: [2048] Declaration of Application\BaseModel::add() should be compatible with Think\Model::add($data = '', $options = Array, $replace = false) /opt/www/crap/Application/BaseModel.class.php 第 12 行.
NOTIC: [8] Undefined variable: userCount /opt/www/crap/Application/Admin/Controller/IndexController.class.php 第 36 行.
NOTIC: [8] Undefined variable: channelCount /opt/www/crap/Application/Admin/Controller/IndexController.class.php 第 37 行.
NOTIC: [8] Undefined variable: loginCount /opt/www/crap/Application/Admin/Controller/IndexController.class.php 第 41 行.
NOTIC: [8] Undefined variable: recommendJobCount /opt/www/crap/Application/Admin/Controller/IndexController.class.php 第 46 行.
NOTIC: [8] Undefined variable: recommendResumeCount /opt/www/crap/Application/Admin/Controller/IndexController.class.php 第 47 行.
NOTIC: [8] Undefined variable: invitBySmsCount /opt/www/crap/Application/Admin/Controller/IndexController.class.php 第 48 行.
NOTIC: [8] Undefined variable: receiveCount /opt/www/crap/Application/Admin/Controller/IndexController.class.php 第 49 行.
NOTIC: [8] Undefined variable: autoReceiveCount /opt/www/crap/Application/Admin/Controller/IndexController.class.php 第 50 行.
NOTIC: [8] Undefined variable: rejectCount /opt/www/crap/Application/Admin/Controller/IndexController.class.php 第 51 行.
INFO: [ view_parse ] --START--
INFO: [ template_filter ] --START--
INFO: Run Behavior\ContentReplaceBehavior [ RunTime:0.000171s ]
INFO: [ template_filter ] --END-- [ RunTime:0.000224s ]
NOTIC: [8] Undefined variable: currentPage /opt/www/crap/Runtime/Cache/Admin/53ba6b9177d3b17ee3b89aee36ab9c4d.php 第 10 行.
NOTIC: [8] Use of undefined constant today - assumed 'today' /opt/www/crap/Runtime/Cache/Admin/53ba6b9177d3b17ee3b89aee36ab9c4d.php 第 182 行.
NOTIC: [8] Use of undefined constant yesterday - assumed 'yesterday' /opt/www/crap/Runtime/Cache/Admin/53ba6b9177d3b17ee3b89aee36ab9c4d.php 第 183 行.
NOTIC: [8] Use of undefined constant week - assumed 'week' /opt/www/crap/Runtime/Cache/Admin/53ba6b9177d3b17ee3b89aee36ab9c4d.php 第 184 行.
NOTIC: [8] Use of undefined constant month - assumed 'month' /opt/www/crap/Runtime/Cache/Admin/53ba6b9177d3b17ee3b89aee36ab9c4d.php 第 185 行.
NOTIC: [8] Use of undefined constant all - assumed 'all' /opt/www/crap/Runtime/Cache/Admin/53ba6b9177d3b17ee3b89aee36ab9c4d.php 第 186 行.
INFO: Run Behavior\ParseTemplateBehavior [ RunTime:0.018805s ]
INFO: [ view_parse ] --END-- [ RunTime:0.018851s ]
INFO: [ view_filter ] --START--
INFO: Run Behavior\WriteHtmlCacheBehavior [ RunTime:0.000135s ]
INFO: [ view_filter ] --END-- [ RunTime:0.000160s ]
INFO: [ app_end ] --START--
INFO: Run Behavior\ShowPageTraceBehavior [ RunTime:0.000402s ]
INFO: [ app_end ] --END-- [ RunTime:0.000442s ]

