[ 2017-11-25T22:37:19+08:00 ] 127.0.0.1 /index.php/Admin/Login/login
INFO: [ app_init ] --START--
INFO: Run Behavior\BuildLiteBehavior [ RunTime:0.000067s ]
INFO: [ app_init ] --END-- [ RunTime:0.000402s ]
INFO: [ app_begin ] --START--
INFO: Run Behavior\ReadHtmlCacheBehavior [ RunTime:0.000513s ]
INFO: [ app_begin ] --END-- [ RunTime:0.000551s ]
NOTIC: [2] mdecrypt_generic(): An empty string was passed F:\xampp\htdocs\crap\ThinkPHP\Library\Org\Util\AES.class.php 第 51 行.
NOTIC: [2] preg_match(): Null byte in regex F:\xampp\htdocs\crap\ThinkPHP\Library\Org\Util\AES.class.php 第 80 行.
NOTIC: [2048] Declaration of Application\BaseModel::add() should be compatible with Think\Model::add($data = '', $options = Array, $replace = false) F:\xampp\htdocs\crap\Application\BaseModel.class.php 第 12 行.
INFO: [ view_parse ] --START--
INFO: [ template_filter ] --START--
INFO: Run Behavior\ContentReplaceBehavior [ RunTime:0.000038s ]
INFO: [ template_filter ] --END-- [ RunTime:0.000073s ]
INFO: Run Behavior\ParseTemplateBehavior [ RunTime:0.004503s ]
INFO: [ view_parse ] --END-- [ RunTime:0.004540s ]
INFO: [ view_filter ] --START--
INFO: Run Behavior\WriteHtmlCacheBehavior [ RunTime:0.000341s ]
INFO: [ view_filter ] --END-- [ RunTime:0.000367s ]
INFO: [ app_end ] --START--
INFO: Run Behavior\ShowPageTraceBehavior [ RunTime:0.000467s ]
INFO: [ app_end ] --END-- [ RunTime:0.000495s ]

[ 2017-11-25T22:37:44+08:00 ] 127.0.0.1 /index.php/Admin/admin/index
INFO: [ app_init ] --START--
INFO: Run Behavior\BuildLiteBehavior [ RunTime:0.000010s ]
INFO: [ app_init ] --END-- [ RunTime:0.000341s ]
INFO: [ app_begin ] --START--
INFO: Run Behavior\ReadHtmlCacheBehavior [ RunTime:0.000508s ]
INFO: [ app_begin ] --END-- [ RunTime:0.000545s ]
NOTIC: [2] mdecrypt_generic(): An empty string was passed F:\xampp\htdocs\crap\ThinkPHP\Library\Org\Util\AES.class.php 第 51 行.
NOTIC: [2] preg_match(): Null byte in regex F:\xampp\htdocs\crap\ThinkPHP\Library\Org\Util\AES.class.php 第 80 行.
INFO: [ view_parse ] --START--
INFO: [ template_filter ] --START--
INFO: Run Behavior\ContentReplaceBehavior [ RunTime:0.000025s ]
INFO: [ template_filter ] --END-- [ RunTime:0.000070s ]
INFO: Run Behavior\ParseTemplateBehavior [ RunTime:0.004361s ]
INFO: [ view_parse ] --END-- [ RunTime:0.004397s ]
INFO: [ view_filter ] --START--
INFO: Run Behavior\WriteHtmlCacheBehavior [ RunTime:0.000325s ]
INFO: [ view_filter ] --END-- [ RunTime:0.000351s ]

[ 2017-11-25T22:50:42+08:00 ] 127.0.0.1 /Admin/Login/login
INFO: [ app_init ] --START--
INFO: Run Behavior\BuildLiteBehavior [ RunTime:0.000009s ]
INFO: [ app_init ] --END-- [ RunTime:0.000337s ]
INFO: [ app_begin ] --START--
INFO: Run Behavior\ReadHtmlCacheBehavior [ RunTime:0.000507s ]
INFO: [ app_begin ] --END-- [ RunTime:0.000544s ]
NOTIC: [2] mdecrypt_generic(): An empty string was passed F:\xampp\htdocs\crap\ThinkPHP\Library\Org\Util\AES.class.php 第 51 行.
NOTIC: [2] preg_match(): Null byte in regex F:\xampp\htdocs\crap\ThinkPHP\Library\Org\Util\AES.class.php 第 80 行.
NOTIC: [2048] Declaration of Application\BaseModel::add() should be compatible with Think\Model::add($data = '', $options = Array, $replace = false) F:\xampp\htdocs\crap\Application\BaseModel.class.php 第 12 行.
INFO: [ view_parse ] --START--
INFO: [ template_filter ] --START--
INFO: Run Behavior\ContentReplaceBehavior [ RunTime:0.000039s ]
INFO: [ template_filter ] --END-- [ RunTime:0.000075s ]
INFO: Run Behavior\ParseTemplateBehavior [ RunTime:0.004570s ]
INFO: [ view_parse ] --END-- [ RunTime:0.004608s ]
INFO: [ view_filter ] --START--
INFO: Run Behavior\WriteHtmlCacheBehavior [ RunTime:0.000424s ]
INFO: [ view_filter ] --END-- [ RunTime:0.000451s ]
INFO: [ app_end ] --START--
INFO: Run Behavior\ShowPageTraceBehavior [ RunTime:0.000641s ]
INFO: [ app_end ] --END-- [ RunTime:0.000682s ]

[ 2017-11-25T22:50:47+08:00 ] 127.0.0.1 /Admin/Login/doLogin
INFO: [ app_init ] --START--
INFO: Run Behavior\BuildLiteBehavior [ RunTime:0.000009s ]
INFO: [ app_init ] --END-- [ RunTime:0.000283s ]
INFO: [ app_begin ] --START--
INFO: Run Behavior\ReadHtmlCacheBehavior [ RunTime:0.000347s ]
INFO: [ app_begin ] --END-- [ RunTime:0.000384s ]
NOTIC: [2] mdecrypt_generic(): An empty string was passed F:\xampp\htdocs\crap\ThinkPHP\Library\Org\Util\AES.class.php 第 51 行.
NOTIC: [2] preg_match(): Null byte in regex F:\xampp\htdocs\crap\ThinkPHP\Library\Org\Util\AES.class.php 第 80 行.
NOTIC: [2048] Declaration of Application\BaseModel::add() should be compatible with Think\Model::add($data = '', $options = Array, $replace = false) F:\xampp\htdocs\crap\Application\BaseModel.class.php 第 12 行.
SQL: SELECT * FROM `crap_admin_users` WHERE `name` = 'admin' AND `password` = '2e88327de2f97110f6c5f97be61a25b8' LIMIT 1   [ RunTime:0.0004s ]

[ 2017-11-25T22:50:47+08:00 ] 127.0.0.1 /Admin/index
INFO: [ app_init ] --START--
INFO: Run Behavior\BuildLiteBehavior [ RunTime:0.000011s ]
INFO: [ app_init ] --END-- [ RunTime:0.000449s ]
INFO: [ app_begin ] --START--
INFO: Run Behavior\ReadHtmlCacheBehavior [ RunTime:0.000349s ]
INFO: [ app_begin ] --END-- [ RunTime:0.000383s ]
NOTIC: [2] mdecrypt_generic(): An empty string was passed F:\xampp\htdocs\crap\ThinkPHP\Library\Org\Util\AES.class.php 第 51 行.
NOTIC: [2] preg_match(): Null byte in regex F:\xampp\htdocs\crap\ThinkPHP\Library\Org\Util\AES.class.php 第 80 行.
NOTIC: [2048] Declaration of Application\BaseModel::add() should be compatible with Think\Model::add($data = '', $options = Array, $replace = false) F:\xampp\htdocs\crap\Application\BaseModel.class.php 第 12 行.
NOTIC: [8] Undefined variable: userCount F:\xampp\htdocs\crap\Application\Admin\Controller\IndexController.class.php 第 36 行.
NOTIC: [8] Undefined variable: channelCount F:\xampp\htdocs\crap\Application\Admin\Controller\IndexController.class.php 第 37 行.
NOTIC: [8] Undefined variable: loginCount F:\xampp\htdocs\crap\Application\Admin\Controller\IndexController.class.php 第 41 行.
NOTIC: [8] Undefined variable: recommendJobCount F:\xampp\htdocs\crap\Application\Admin\Controller\IndexController.class.php 第 46 行.
NOTIC: [8] Undefined variable: recommendResumeCount F:\xampp\htdocs\crap\Application\Admin\Controller\IndexController.class.php 第 47 行.
NOTIC: [8] Undefined variable: invitBySmsCount F:\xampp\htdocs\crap\Application\Admin\Controller\IndexController.class.php 第 48 行.
NOTIC: [8] Undefined variable: receiveCount F:\xampp\htdocs\crap\Application\Admin\Controller\IndexController.class.php 第 49 行.
NOTIC: [8] Undefined variable: autoReceiveCount F:\xampp\htdocs\crap\Application\Admin\Controller\IndexController.class.php 第 50 行.
NOTIC: [8] Undefined variable: rejectCount F:\xampp\htdocs\crap\Application\Admin\Controller\IndexController.class.php 第 51 行.
INFO: [ view_parse ] --START--
INFO: [ template_filter ] --START--
INFO: Run Behavior\ContentReplaceBehavior [ RunTime:0.000059s ]
INFO: [ template_filter ] --END-- [ RunTime:0.000098s ]
NOTIC: [8] Undefined variable: currentPage F:\xampp\htdocs\crap\Runtime\Cache\Admin\53ba6b9177d3b17ee3b89aee36ab9c4d.php 第 10 行.
NOTIC: [8] Use of undefined constant today - assumed 'today' F:\xampp\htdocs\crap\Runtime\Cache\Admin\53ba6b9177d3b17ee3b89aee36ab9c4d.php 第 182 行.
NOTIC: [8] Use of undefined constant yesterday - assumed 'yesterday' F:\xampp\htdocs\crap\Runtime\Cache\Admin\53ba6b9177d3b17ee3b89aee36ab9c4d.php 第 183 行.
NOTIC: [8] Use of undefined constant week - assumed 'week' F:\xampp\htdocs\crap\Runtime\Cache\Admin\53ba6b9177d3b17ee3b89aee36ab9c4d.php 第 184 行.
NOTIC: [8] Use of undefined constant month - assumed 'month' F:\xampp\htdocs\crap\Runtime\Cache\Admin\53ba6b9177d3b17ee3b89aee36ab9c4d.php 第 185 行.
NOTIC: [8] Use of undefined constant all - assumed 'all' F:\xampp\htdocs\crap\Runtime\Cache\Admin\53ba6b9177d3b17ee3b89aee36ab9c4d.php 第 186 行.
INFO: Run Behavior\ParseTemplateBehavior [ RunTime:0.011213s ]
INFO: [ view_parse ] --END-- [ RunTime:0.011246s ]
INFO: [ view_filter ] --START--
INFO: Run Behavior\WriteHtmlCacheBehavior [ RunTime:0.000449s ]
INFO: [ view_filter ] --END-- [ RunTime:0.000477s ]
INFO: [ app_end ] --START--
INFO: Run Behavior\ShowPageTraceBehavior [ RunTime:0.000595s ]
INFO: [ app_end ] --END-- [ RunTime:0.000632s ]

[ 2017-11-25T22:50:48+08:00 ] 127.0.0.1 /Admin/img/favicon.png
INFO: [ app_init ] --START--
INFO: Run Behavior\BuildLiteBehavior [ RunTime:0.000013s ]
INFO: [ app_init ] --END-- [ RunTime:0.000453s ]

[ 2017-11-25T22:52:14+08:00 ] 127.0.0.1 /Admin/index
INFO: [ app_init ] --START--
INFO: Run Behavior\BuildLiteBehavior [ RunTime:0.000010s ]
INFO: [ app_init ] --END-- [ RunTime:0.000402s ]
INFO: [ app_begin ] --START--
INFO: Run Behavior\ReadHtmlCacheBehavior [ RunTime:0.000539s ]
INFO: [ app_begin ] --END-- [ RunTime:0.000578s ]
NOTIC: [2] mdecrypt_generic(): An empty string was passed F:\xampp\htdocs\crap\ThinkPHP\Library\Org\Util\AES.class.php 第 51 行.
NOTIC: [2] preg_match(): Null byte in regex F:\xampp\htdocs\crap\ThinkPHP\Library\Org\Util\AES.class.php 第 80 行.
NOTIC: [2048] Declaration of Application\BaseModel::add() should be compatible with Think\Model::add($data = '', $options = Array, $replace = false) F:\xampp\htdocs\crap\Application\BaseModel.class.php 第 12 行.
NOTIC: [8] Undefined variable: userCount F:\xampp\htdocs\crap\Application\Admin\Controller\IndexController.class.php 第 36 行.
NOTIC: [8] Undefined variable: channelCount F:\xampp\htdocs\crap\Application\Admin\Controller\IndexController.class.php 第 37 行.
NOTIC: [8] Undefined variable: loginCount F:\xampp\htdocs\crap\Application\Admin\Controller\IndexController.class.php 第 41 行.
NOTIC: [8] Undefined variable: recommendJobCount F:\xampp\htdocs\crap\Application\Admin\Controller\IndexController.class.php 第 46 行.
NOTIC: [8] Undefined variable: recommendResumeCount F:\xampp\htdocs\crap\Application\Admin\Controller\IndexController.class.php 第 47 行.
NOTIC: [8] Undefined variable: invitBySmsCount F:\xampp\htdocs\crap\Application\Admin\Controller\IndexController.class.php 第 48 行.
NOTIC: [8] Undefined variable: receiveCount F:\xampp\htdocs\crap\Application\Admin\Controller\IndexController.class.php 第 49 行.
NOTIC: [8] Undefined variable: autoReceiveCount F:\xampp\htdocs\crap\Application\Admin\Controller\IndexController.class.php 第 50 行.
NOTIC: [8] Undefined variable: rejectCount F:\xampp\htdocs\crap\Application\Admin\Controller\IndexController.class.php 第 51 行.
INFO: [ view_parse ] --START--
INFO: [ template_filter ] --START--
INFO: Run Behavior\ContentReplaceBehavior [ RunTime:0.000059s ]
INFO: [ template_filter ] --END-- [ RunTime:0.000097s ]
NOTIC: [8] Undefined variable: currentPage F:\xampp\htdocs\crap\Runtime\Cache\Admin\53ba6b9177d3b17ee3b89aee36ab9c4d.php 第 10 行.
NOTIC: [8] Use of undefined constant today - assumed 'today' F:\xampp\htdocs\crap\Runtime\Cache\Admin\53ba6b9177d3b17ee3b89aee36ab9c4d.php 第 182 行.
NOTIC: [8] Use of undefined constant yesterday - assumed 'yesterday' F:\xampp\htdocs\crap\Runtime\Cache\Admin\53ba6b9177d3b17ee3b89aee36ab9c4d.php 第 183 行.
NOTIC: [8] Use of undefined constant week - assumed 'week' F:\xampp\htdocs\crap\Runtime\Cache\Admin\53ba6b9177d3b17ee3b89aee36ab9c4d.php 第 184 行.
NOTIC: [8] Use of undefined constant month - assumed 'month' F:\xampp\htdocs\crap\Runtime\Cache\Admin\53ba6b9177d3b17ee3b89aee36ab9c4d.php 第 185 行.
NOTIC: [8] Use of undefined constant all - assumed 'all' F:\xampp\htdocs\crap\Runtime\Cache\Admin\53ba6b9177d3b17ee3b89aee36ab9c4d.php 第 186 行.
INFO: Run Behavior\ParseTemplateBehavior [ RunTime:0.011730s ]
INFO: [ view_parse ] --END-- [ RunTime:0.011764s ]
INFO: [ view_filter ] --START--
INFO: Run Behavior\WriteHtmlCacheBehavior [ RunTime:0.000446s ]
INFO: [ view_filter ] --END-- [ RunTime:0.000474s ]
INFO: [ app_end ] --START--
INFO: Run Behavior\ShowPageTraceBehavior [ RunTime:0.000593s ]
INFO: [ app_end ] --END-- [ RunTime:0.000626s ]

[ 2017-11-25T22:52:15+08:00 ] 127.0.0.1 /Admin/index
INFO: [ app_init ] --START--
INFO: Run Behavior\BuildLiteBehavior [ RunTime:0.000009s ]
INFO: [ app_init ] --END-- [ RunTime:0.000282s ]
INFO: [ app_begin ] --START--
INFO: Run Behavior\ReadHtmlCacheBehavior [ RunTime:0.000346s ]
INFO: [ app_begin ] --END-- [ RunTime:0.000379s ]
NOTIC: [2] mdecrypt_generic(): An empty string was passed F:\xampp\htdocs\crap\ThinkPHP\Library\Org\Util\AES.class.php 第 51 行.
NOTIC: [2] preg_match(): Null byte in regex F:\xampp\htdocs\crap\ThinkPHP\Library\Org\Util\AES.class.php 第 80 行.
NOTIC: [2048] Declaration of Application\BaseModel::add() should be compatible with Think\Model::add($data = '', $options = Array, $replace = false) F:\xampp\htdocs\crap\Application\BaseModel.class.php 第 12 行.
NOTIC: [8] Undefined variable: userCount F:\xampp\htdocs\crap\Application\Admin\Controller\IndexController.class.php 第 36 行.
NOTIC: [8] Undefined variable: channelCount F:\xampp\htdocs\crap\Application\Admin\Controller\IndexController.class.php 第 37 行.
NOTIC: [8] Undefined variable: loginCount F:\xampp\htdocs\crap\Application\Admin\Controller\IndexController.class.php 第 41 行.
NOTIC: [8] Undefined variable: recommendJobCount F:\xampp\htdocs\crap\Application\Admin\Controller\IndexController.class.php 第 46 行.
NOTIC: [8] Undefined variable: recommendResumeCount F:\xampp\htdocs\crap\Application\Admin\Controller\IndexController.class.php 第 47 行.
NOTIC: [8] Undefined variable: invitBySmsCount F:\xampp\htdocs\crap\Application\Admin\Controller\IndexController.class.php 第 48 行.
NOTIC: [8] Undefined variable: receiveCount F:\xampp\htdocs\crap\Application\Admin\Controller\IndexController.class.php 第 49 行.
NOTIC: [8] Undefined variable: autoReceiveCount F:\xampp\htdocs\crap\Application\Admin\Controller\IndexController.class.php 第 50 行.
NOTIC: [8] Undefined variable: rejectCount F:\xampp\htdocs\crap\Application\Admin\Controller\IndexController.class.php 第 51 行.
INFO: [ view_parse ] --START--
INFO: [ template_filter ] --START--
INFO: Run Behavior\ContentReplaceBehavior [ RunTime:0.000058s ]
INFO: [ template_filter ] --END-- [ RunTime:0.000091s ]
NOTIC: [8] Undefined variable: currentPage F:\xampp\htdocs\crap\Runtime\Cache\Admin\53ba6b9177d3b17ee3b89aee36ab9c4d.php 第 10 行.
NOTIC: [8] Use of undefined constant today - assumed 'today' F:\xampp\htdocs\crap\Runtime\Cache\Admin\53ba6b9177d3b17ee3b89aee36ab9c4d.php 第 182 行.
NOTIC: [8] Use of undefined constant yesterday - assumed 'yesterday' F:\xampp\htdocs\crap\Runtime\Cache\Admin\53ba6b9177d3b17ee3b89aee36ab9c4d.php 第 183 行.
NOTIC: [8] Use of undefined constant week - assumed 'week' F:\xampp\htdocs\crap\Runtime\Cache\Admin\53ba6b9177d3b17ee3b89aee36ab9c4d.php 第 184 行.
NOTIC: [8] Use of undefined constant month - assumed 'month' F:\xampp\htdocs\crap\Runtime\Cache\Admin\53ba6b9177d3b17ee3b89aee36ab9c4d.php 第 185 行.
NOTIC: [8] Use of undefined constant all - assumed 'all' F:\xampp\htdocs\crap\Runtime\Cache\Admin\53ba6b9177d3b17ee3b89aee36ab9c4d.php 第 186 行.
INFO: Run Behavior\ParseTemplateBehavior [ RunTime:0.010862s ]
INFO: [ view_parse ] --END-- [ RunTime:0.010899s ]
INFO: [ view_filter ] --START--
INFO: Run Behavior\WriteHtmlCacheBehavior [ RunTime:0.000450s ]
INFO: [ view_filter ] --END-- [ RunTime:0.000478s ]
INFO: [ app_end ] --START--
INFO: Run Behavior\ShowPageTraceBehavior [ RunTime:0.000594s ]
INFO: [ app_end ] --END-- [ RunTime:0.000630s ]

[ 2017-11-25T22:52:15+08:00 ] 127.0.0.1 /Admin/index
INFO: [ app_init ] --START--
INFO: Run Behavior\BuildLiteBehavior [ RunTime:0.000009s ]
INFO: [ app_init ] --END-- [ RunTime:0.000278s ]
INFO: [ app_begin ] --START--
INFO: Run Behavior\ReadHtmlCacheBehavior [ RunTime:0.000333s ]
INFO: [ app_begin ] --END-- [ RunTime:0.000366s ]
NOTIC: [2] mdecrypt_generic(): An empty string was passed F:\xampp\htdocs\crap\ThinkPHP\Library\Org\Util\AES.class.php 第 51 行.
NOTIC: [2] preg_match(): Null byte in regex F:\xampp\htdocs\crap\ThinkPHP\Library\Org\Util\AES.class.php 第 80 行.
NOTIC: [2048] Declaration of Application\BaseModel::add() should be compatible with Think\Model::add($data = '', $options = Array, $replace = false) F:\xampp\htdocs\crap\Application\BaseModel.class.php 第 12 行.
NOTIC: [8] Undefined variable: userCount F:\xampp\htdocs\crap\Application\Admin\Controller\IndexController.class.php 第 36 行.
NOTIC: [8] Undefined variable: channelCount F:\xampp\htdocs\crap\Application\Admin\Controller\IndexController.class.php 第 37 行.
NOTIC: [8] Undefined variable: loginCount F:\xampp\htdocs\crap\Application\Admin\Controller\IndexController.class.php 第 41 行.
NOTIC: [8] Undefined variable: recommendJobCount F:\xampp\htdocs\crap\Application\Admin\Controller\IndexController.class.php 第 46 行.
NOTIC: [8] Undefined variable: recommendResumeCount F:\xampp\htdocs\crap\Application\Admin\Controller\IndexController.class.php 第 47 行.
NOTIC: [8] Undefined variable: invitBySmsCount F:\xampp\htdocs\crap\Application\Admin\Controller\IndexController.class.php 第 48 行.
NOTIC: [8] Undefined variable: receiveCount F:\xampp\htdocs\crap\Application\Admin\Controller\IndexController.class.php 第 49 行.
NOTIC: [8] Undefined variable: autoReceiveCount F:\xampp\htdocs\crap\Application\Admin\Controller\IndexController.class.php 第 50 行.
NOTIC: [8] Undefined variable: rejectCount F:\xampp\htdocs\crap\Application\Admin\Controller\IndexController.class.php 第 51 行.
INFO: [ view_parse ] --START--
INFO: [ template_filter ] --START--
INFO: Run Behavior\ContentReplaceBehavior [ RunTime:0.000066s ]
INFO: [ template_filter ] --END-- [ RunTime:0.000100s ]
NOTIC: [8] Undefined variable: currentPage F:\xampp\htdocs\crap\Runtime\Cache\Admin\53ba6b9177d3b17ee3b89aee36ab9c4d.php 第 10 行.
NOTIC: [8] Use of undefined constant today - assumed 'today' F:\xampp\htdocs\crap\Runtime\Cache\Admin\53ba6b9177d3b17ee3b89aee36ab9c4d.php 第 182 行.
NOTIC: [8] Use of undefined constant yesterday - assumed 'yesterday' F:\xampp\htdocs\crap\Runtime\Cache\Admin\53ba6b9177d3b17ee3b89aee36ab9c4d.php 第 183 行.
NOTIC: [8] Use of undefined constant week - assumed 'week' F:\xampp\htdocs\crap\Runtime\Cache\Admin\53ba6b9177d3b17ee3b89aee36ab9c4d.php 第 184 行.
NOTIC: [8] Use of undefined constant month - assumed 'month' F:\xampp\htdocs\crap\Runtime\Cache\Admin\53ba6b9177d3b17ee3b89aee36ab9c4d.php 第 185 行.
NOTIC: [8] Use of undefined constant all - assumed 'all' F:\xampp\htdocs\crap\Runtime\Cache\Admin\53ba6b9177d3b17ee3b89aee36ab9c4d.php 第 186 行.
INFO: Run Behavior\ParseTemplateBehavior [ RunTime:0.010537s ]
INFO: [ view_parse ] --END-- [ RunTime:0.010571s ]
INFO: [ view_filter ] --START--
INFO: Run Behavior\WriteHtmlCacheBehavior [ RunTime:0.000487s ]
INFO: [ view_filter ] --END-- [ RunTime:0.000514s ]
INFO: [ app_end ] --START--
INFO: Run Behavior\ShowPageTraceBehavior [ RunTime:0.000787s ]
INFO: [ app_end ] --END-- [ RunTime:0.000830s ]

[ 2017-11-25T22:52:53+08:00 ] 127.0.0.1 /Admin/index
INFO: [ app_init ] --START--
INFO: Run Behavior\BuildLiteBehavior [ RunTime:0.000010s ]
INFO: [ app_init ] --END-- [ RunTime:0.000345s ]
INFO: [ app_begin ] --START--
INFO: Run Behavior\ReadHtmlCacheBehavior [ RunTime:0.000508s ]
INFO: [ app_begin ] --END-- [ RunTime:0.000542s ]
NOTIC: [2] mdecrypt_generic(): An empty string was passed F:\xampp\htdocs\crap\ThinkPHP\Library\Org\Util\AES.class.php 第 51 行.
NOTIC: [2] preg_match(): Null byte in regex F:\xampp\htdocs\crap\ThinkPHP\Library\Org\Util\AES.class.php 第 80 行.
NOTIC: [2048] Declaration of Application\BaseModel::add() should be compatible with Think\Model::add($data = '', $options = Array, $replace = false) F:\xampp\htdocs\crap\Application\BaseModel.class.php 第 12 行.
NOTIC: [8] Undefined variable: userCount F:\xampp\htdocs\crap\Application\Admin\Controller\IndexController.class.php 第 36 行.
NOTIC: [8] Undefined variable: channelCount F:\xampp\htdocs\crap\Application\Admin\Controller\IndexController.class.php 第 37 行.
NOTIC: [8] Undefined variable: loginCount F:\xampp\htdocs\crap\Application\Admin\Controller\IndexController.class.php 第 41 行.
NOTIC: [8] Undefined variable: recommendJobCount F:\xampp\htdocs\crap\Application\Admin\Controller\IndexController.class.php 第 46 行.
NOTIC: [8] Undefined variable: recommendResumeCount F:\xampp\htdocs\crap\Application\Admin\Controller\IndexController.class.php 第 47 行.
NOTIC: [8] Undefined variable: invitBySmsCount F:\xampp\htdocs\crap\Application\Admin\Controller\IndexController.class.php 第 48 行.
NOTIC: [8] Undefined variable: receiveCount F:\xampp\htdocs\crap\Application\Admin\Controller\IndexController.class.php 第 49 行.
NOTIC: [8] Undefined variable: autoReceiveCount F:\xampp\htdocs\crap\Application\Admin\Controller\IndexController.class.php 第 50 行.
NOTIC: [8] Undefined variable: rejectCount F:\xampp\htdocs\crap\Application\Admin\Controller\IndexController.class.php 第 51 行.
INFO: [ view_parse ] --START--
INFO: [ template_filter ] --START--
INFO: Run Behavior\ContentReplaceBehavior [ RunTime:0.000058s ]
INFO: [ template_filter ] --END-- [ RunTime:0.000090s ]
NOTIC: [8] Undefined variable: currentPage F:\xampp\htdocs\crap\Runtime\Cache\Admin\53ba6b9177d3b17ee3b89aee36ab9c4d.php 第 10 行.
NOTIC: [8] Use of undefined constant today - assumed 'today' F:\xampp\htdocs\crap\Runtime\Cache\Admin\53ba6b9177d3b17ee3b89aee36ab9c4d.php 第 182 行.
NOTIC: [8] Use of undefined constant yesterday - assumed 'yesterday' F:\xampp\htdocs\crap\Runtime\Cache\Admin\53ba6b9177d3b17ee3b89aee36ab9c4d.php 第 183 行.
NOTIC: [8] Use of undefined constant week - assumed 'week' F:\xampp\htdocs\crap\Runtime\Cache\Admin\53ba6b9177d3b17ee3b89aee36ab9c4d.php 第 184 行.
NOTIC: [8] Use of undefined constant month - assumed 'month' F:\xampp\htdocs\crap\Runtime\Cache\Admin\53ba6b9177d3b17ee3b89aee36ab9c4d.php 第 185 行.
NOTIC: [8] Use of undefined constant all - assumed 'all' F:\xampp\htdocs\crap\Runtime\Cache\Admin\53ba6b9177d3b17ee3b89aee36ab9c4d.php 第 186 行.
INFO: Run Behavior\ParseTemplateBehavior [ RunTime:0.011480s ]
INFO: [ view_parse ] --END-- [ RunTime:0.011513s ]
INFO: [ view_filter ] --START--
INFO: Run Behavior\WriteHtmlCacheBehavior [ RunTime:0.000447s ]
INFO: [ view_filter ] --END-- [ RunTime:0.000483s ]
INFO: [ app_end ] --START--
INFO: Run Behavior\ShowPageTraceBehavior [ RunTime:0.000666s ]
INFO: [ app_end ] --END-- [ RunTime:0.000702s ]

[ 2017-11-25T22:52:53+08:00 ] 127.0.0.1 /Admin/index
INFO: [ app_init ] --START--
INFO: Run Behavior\BuildLiteBehavior [ RunTime:0.000010s ]
INFO: [ app_init ] --END-- [ RunTime:0.000296s ]
INFO: [ app_begin ] --START--
INFO: Run Behavior\ReadHtmlCacheBehavior [ RunTime:0.000358s ]
INFO: [ app_begin ] --END-- [ RunTime:0.000393s ]
NOTIC: [2] mdecrypt_generic(): An empty string was passed F:\xampp\htdocs\crap\ThinkPHP\Library\Org\Util\AES.class.php 第 51 行.
NOTIC: [2] preg_match(): Null byte in regex F:\xampp\htdocs\crap\ThinkPHP\Library\Org\Util\AES.class.php 第 80 行.
NOTIC: [2048] Declaration of Application\BaseModel::add() should be compatible with Think\Model::add($data = '', $options = Array, $replace = false) F:\xampp\htdocs\crap\Application\BaseModel.class.php 第 12 行.
NOTIC: [8] Undefined variable: userCount F:\xampp\htdocs\crap\Application\Admin\Controller\IndexController.class.php 第 36 行.
NOTIC: [8] Undefined variable: channelCount F:\xampp\htdocs\crap\Application\Admin\Controller\IndexController.class.php 第 37 行.
NOTIC: [8] Undefined variable: loginCount F:\xampp\htdocs\crap\Application\Admin\Controller\IndexController.class.php 第 41 行.
NOTIC: [8] Undefined variable: recommendJobCount F:\xampp\htdocs\crap\Application\Admin\Controller\IndexController.class.php 第 46 行.
NOTIC: [8] Undefined variable: recommendResumeCount F:\xampp\htdocs\crap\Application\Admin\Controller\IndexController.class.php 第 47 行.
NOTIC: [8] Undefined variable: invitBySmsCount F:\xampp\htdocs\crap\Application\Admin\Controller\IndexController.class.php 第 48 行.
NOTIC: [8] Undefined variable: receiveCount F:\xampp\htdocs\crap\Application\Admin\Controller\IndexController.class.php 第 49 行.
NOTIC: [8] Undefined variable: autoReceiveCount F:\xampp\htdocs\crap\Application\Admin\Controller\IndexController.class.php 第 50 行.
NOTIC: [8] Undefined variable: rejectCount F:\xampp\htdocs\crap\Application\Admin\Controller\IndexController.class.php 第 51 行.
INFO: [ view_parse ] --START--
INFO: [ template_filter ] --START--
INFO: Run Behavior\ContentReplaceBehavior [ RunTime:0.000056s ]
INFO: [ template_filter ] --END-- [ RunTime:0.000089s ]
NOTIC: [8] Undefined variable: currentPage F:\xampp\htdocs\crap\Runtime\Cache\Admin\53ba6b9177d3b17ee3b89aee36ab9c4d.php 第 10 行.
NOTIC: [8] Use of undefined constant today - assumed 'today' F:\xampp\htdocs\crap\Runtime\Cache\Admin\53ba6b9177d3b17ee3b89aee36ab9c4d.php 第 182 行.
NOTIC: [8] Use of undefined constant yesterday - assumed 'yesterday' F:\xampp\htdocs\crap\Runtime\Cache\Admin\53ba6b9177d3b17ee3b89aee36ab9c4d.php 第 183 行.
NOTIC: [8] Use of undefined constant week - assumed 'week' F:\xampp\htdocs\crap\Runtime\Cache\Admin\53ba6b9177d3b17ee3b89aee36ab9c4d.php 第 184 行.
NOTIC: [8] Use of undefined constant month - assumed 'month' F:\xampp\htdocs\crap\Runtime\Cache\Admin\53ba6b9177d3b17ee3b89aee36ab9c4d.php 第 185 行.
NOTIC: [8] Use of undefined constant all - assumed 'all' F:\xampp\htdocs\crap\Runtime\Cache\Admin\53ba6b9177d3b17ee3b89aee36ab9c4d.php 第 186 行.
INFO: Run Behavior\ParseTemplateBehavior [ RunTime:0.010884s ]
INFO: [ view_parse ] --END-- [ RunTime:0.010914s ]
INFO: [ view_filter ] --START--
INFO: Run Behavior\WriteHtmlCacheBehavior [ RunTime:0.000539s ]
INFO: [ view_filter ] --END-- [ RunTime:0.000566s ]
INFO: [ app_end ] --START--
INFO: Run Behavior\ShowPageTraceBehavior [ RunTime:0.000664s ]
INFO: [ app_end ] --END-- [ RunTime:0.000706s ]

[ 2017-11-25T22:52:54+08:00 ] 127.0.0.1 /Admin/index
INFO: [ app_init ] --START--
INFO: Run Behavior\BuildLiteBehavior [ RunTime:0.000011s ]
INFO: [ app_init ] --END-- [ RunTime:0.000291s ]
INFO: [ app_begin ] --START--
INFO: Run Behavior\ReadHtmlCacheBehavior [ RunTime:0.000375s ]
INFO: [ app_begin ] --END-- [ RunTime:0.000413s ]
NOTIC: [2] mdecrypt_generic(): An empty string was passed F:\xampp\htdocs\crap\ThinkPHP\Library\Org\Util\AES.class.php 第 51 行.
NOTIC: [2] preg_match(): Null byte in regex F:\xampp\htdocs\crap\ThinkPHP\Library\Org\Util\AES.class.php 第 80 行.
NOTIC: [2048] Declaration of Application\BaseModel::add() should be compatible with Think\Model::add($data = '', $options = Array, $replace = false) F:\xampp\htdocs\crap\Application\BaseModel.class.php 第 12 行.
NOTIC: [8] Undefined variable: userCount F:\xampp\htdocs\crap\Application\Admin\Controller\IndexController.class.php 第 36 行.
NOTIC: [8] Undefined variable: channelCount F:\xampp\htdocs\crap\Application\Admin\Controller\IndexController.class.php 第 37 行.
NOTIC: [8] Undefined variable: loginCount F:\xampp\htdocs\crap\Application\Admin\Controller\IndexController.class.php 第 41 行.
NOTIC: [8] Undefined variable: recommendJobCount F:\xampp\htdocs\crap\Application\Admin\Controller\IndexController.class.php 第 46 行.
NOTIC: [8] Undefined variable: recommendResumeCount F:\xampp\htdocs\crap\Application\Admin\Controller\IndexController.class.php 第 47 行.
NOTIC: [8] Undefined variable: invitBySmsCount F:\xampp\htdocs\crap\Application\Admin\Controller\IndexController.class.php 第 48 行.
NOTIC: [8] Undefined variable: receiveCount F:\xampp\htdocs\crap\Application\Admin\Controller\IndexController.class.php 第 49 行.
NOTIC: [8] Undefined variable: autoReceiveCount F:\xampp\htdocs\crap\Application\Admin\Controller\IndexController.class.php 第 50 行.
NOTIC: [8] Undefined variable: rejectCount F:\xampp\htdocs\crap\Application\Admin\Controller\IndexController.class.php 第 51 行.
INFO: [ view_parse ] --START--
INFO: [ template_filter ] --START--
INFO: Run Behavior\ContentReplaceBehavior [ RunTime:0.000057s ]
INFO: [ template_filter ] --END-- [ RunTime:0.000095s ]
NOTIC: [8] Undefined variable: currentPage F:\xampp\htdocs\crap\Runtime\Cache\Admin\53ba6b9177d3b17ee3b89aee36ab9c4d.php 第 10 行.
NOTIC: [8] Use of undefined constant today - assumed 'today' F:\xampp\htdocs\crap\Runtime\Cache\Admin\53ba6b9177d3b17ee3b89aee36ab9c4d.php 第 182 行.
NOTIC: [8] Use of undefined constant yesterday - assumed 'yesterday' F:\xampp\htdocs\crap\Runtime\Cache\Admin\53ba6b9177d3b17ee3b89aee36ab9c4d.php 第 183 行.
NOTIC: [8] Use of undefined constant week - assumed 'week' F:\xampp\htdocs\crap\Runtime\Cache\Admin\53ba6b9177d3b17ee3b89aee36ab9c4d.php 第 184 行.
NOTIC: [8] Use of undefined constant month - assumed 'month' F:\xampp\htdocs\crap\Runtime\Cache\Admin\53ba6b9177d3b17ee3b89aee36ab9c4d.php 第 185 行.
NOTIC: [8] Use of undefined constant all - assumed 'all' F:\xampp\htdocs\crap\Runtime\Cache\Admin\53ba6b9177d3b17ee3b89aee36ab9c4d.php 第 186 行.
INFO: Run Behavior\ParseTemplateBehavior [ RunTime:0.011355s ]
INFO: [ view_parse ] --END-- [ RunTime:0.011385s ]
INFO: [ view_filter ] --START--
INFO: Run Behavior\WriteHtmlCacheBehavior [ RunTime:0.000422s ]
INFO: [ view_filter ] --END-- [ RunTime:0.000448s ]
INFO: [ app_end ] --START--
INFO: Run Behavior\ShowPageTraceBehavior [ RunTime:0.000716s ]
INFO: [ app_end ] --END-- [ RunTime:0.000759s ]

[ 2017-11-25T22:52:54+08:00 ] 127.0.0.1 /Admin/index
INFO: [ app_init ] --START--
INFO: Run Behavior\BuildLiteBehavior [ RunTime:0.000010s ]
INFO: [ app_init ] --END-- [ RunTime:0.000369s ]
INFO: [ app_begin ] --START--
INFO: Run Behavior\ReadHtmlCacheBehavior [ RunTime:0.000473s ]
INFO: [ app_begin ] --END-- [ RunTime:0.000513s ]
NOTIC: [2] mdecrypt_generic(): An empty string was passed F:\xampp\htdocs\crap\ThinkPHP\Library\Org\Util\AES.class.php 第 51 行.
NOTIC: [2] preg_match(): Null byte in regex F:\xampp\htdocs\crap\ThinkPHP\Library\Org\Util\AES.class.php 第 80 行.
NOTIC: [2048] Declaration of Application\BaseModel::add() should be compatible with Think\Model::add($data = '', $options = Array, $replace = false) F:\xampp\htdocs\crap\Application\BaseModel.class.php 第 12 行.
NOTIC: [8] Undefined variable: userCount F:\xampp\htdocs\crap\Application\Admin\Controller\IndexController.class.php 第 36 行.
NOTIC: [8] Undefined variable: channelCount F:\xampp\htdocs\crap\Application\Admin\Controller\IndexController.class.php 第 37 行.
NOTIC: [8] Undefined variable: loginCount F:\xampp\htdocs\crap\Application\Admin\Controller\IndexController.class.php 第 41 行.
NOTIC: [8] Undefined variable: recommendJobCount F:\xampp\htdocs\crap\Application\Admin\Controller\IndexController.class.php 第 46 行.
NOTIC: [8] Undefined variable: recommendResumeCount F:\xampp\htdocs\crap\Application\Admin\Controller\IndexController.class.php 第 47 行.
NOTIC: [8] Undefined variable: invitBySmsCount F:\xampp\htdocs\crap\Application\Admin\Controller\IndexController.class.php 第 48 行.
NOTIC: [8] Undefined variable: receiveCount F:\xampp\htdocs\crap\Application\Admin\Controller\IndexController.class.php 第 49 行.
NOTIC: [8] Undefined variable: autoReceiveCount F:\xampp\htdocs\crap\Application\Admin\Controller\IndexController.class.php 第 50 行.
NOTIC: [8] Undefined variable: rejectCount F:\xampp\htdocs\crap\Application\Admin\Controller\IndexController.class.php 第 51 行.
INFO: [ view_parse ] --START--
INFO: [ template_filter ] --START--
INFO: Run Behavior\ContentReplaceBehavior [ RunTime:0.000056s ]
INFO: [ template_filter ] --END-- [ RunTime:0.000093s ]
NOTIC: [8] Undefined variable: currentPage F:\xampp\htdocs\crap\Runtime\Cache\Admin\53ba6b9177d3b17ee3b89aee36ab9c4d.php 第 10 行.
NOTIC: [8] Use of undefined constant today - assumed 'today' F:\xampp\htdocs\crap\Runtime\Cache\Admin\53ba6b9177d3b17ee3b89aee36ab9c4d.php 第 182 行.
NOTIC: [8] Use of undefined constant yesterday - assumed 'yesterday' F:\xampp\htdocs\crap\Runtime\Cache\Admin\53ba6b9177d3b17ee3b89aee36ab9c4d.php 第 183 行.
NOTIC: [8] Use of undefined constant week - assumed 'week' F:\xampp\htdocs\crap\Runtime\Cache\Admin\53ba6b9177d3b17ee3b89aee36ab9c4d.php 第 184 行.
NOTIC: [8] Use of undefined constant month - assumed 'month' F:\xampp\htdocs\crap\Runtime\Cache\Admin\53ba6b9177d3b17ee3b89aee36ab9c4d.php 第 185 行.
NOTIC: [8] Use of undefined constant all - assumed 'all' F:\xampp\htdocs\crap\Runtime\Cache\Admin\53ba6b9177d3b17ee3b89aee36ab9c4d.php 第 186 行.
INFO: Run Behavior\ParseTemplateBehavior [ RunTime:0.011491s ]
INFO: [ view_parse ] --END-- [ RunTime:0.011531s ]
INFO: [ view_filter ] --START--
INFO: Run Behavior\WriteHtmlCacheBehavior [ RunTime:0.000467s ]
INFO: [ view_filter ] --END-- [ RunTime:0.000503s ]
INFO: [ app_end ] --START--
INFO: Run Behavior\ShowPageTraceBehavior [ RunTime:0.000704s ]
INFO: [ app_end ] --END-- [ RunTime:0.000743s ]

[ 2017-11-25T22:52:54+08:00 ] 127.0.0.1 /Admin/index
INFO: [ app_init ] --START--
INFO: Run Behavior\BuildLiteBehavior [ RunTime:0.000020s ]
INFO: [ app_init ] --END-- [ RunTime:0.000324s ]
INFO: [ app_begin ] --START--
INFO: Run Behavior\ReadHtmlCacheBehavior [ RunTime:0.000349s ]
INFO: [ app_begin ] --END-- [ RunTime:0.000396s ]
NOTIC: [2] mdecrypt_generic(): An empty string was passed F:\xampp\htdocs\crap\ThinkPHP\Library\Org\Util\AES.class.php 第 51 行.
NOTIC: [2] preg_match(): Null byte in regex F:\xampp\htdocs\crap\ThinkPHP\Library\Org\Util\AES.class.php 第 80 行.
NOTIC: [2048] Declaration of Application\BaseModel::add() should be compatible with Think\Model::add($data = '', $options = Array, $replace = false) F:\xampp\htdocs\crap\Application\BaseModel.class.php 第 12 行.
NOTIC: [8] Undefined variable: userCount F:\xampp\htdocs\crap\Application\Admin\Controller\IndexController.class.php 第 36 行.
NOTIC: [8] Undefined variable: channelCount F:\xampp\htdocs\crap\Application\Admin\Controller\IndexController.class.php 第 37 行.
NOTIC: [8] Undefined variable: loginCount F:\xampp\htdocs\crap\Application\Admin\Controller\IndexController.class.php 第 41 行.
NOTIC: [8] Undefined variable: recommendJobCount F:\xampp\htdocs\crap\Application\Admin\Controller\IndexController.class.php 第 46 行.
NOTIC: [8] Undefined variable: recommendResumeCount F:\xampp\htdocs\crap\Application\Admin\Controller\IndexController.class.php 第 47 行.
NOTIC: [8] Undefined variable: invitBySmsCount F:\xampp\htdocs\crap\Application\Admin\Controller\IndexController.class.php 第 48 行.
NOTIC: [8] Undefined variable: receiveCount F:\xampp\htdocs\crap\Application\Admin\Controller\IndexController.class.php 第 49 行.
NOTIC: [8] Undefined variable: autoReceiveCount F:\xampp\htdocs\crap\Application\Admin\Controller\IndexController.class.php 第 50 行.
NOTIC: [8] Undefined variable: rejectCount F:\xampp\htdocs\crap\Application\Admin\Controller\IndexController.class.php 第 51 行.
INFO: [ view_parse ] --START--
INFO: [ template_filter ] --START--
INFO: Run Behavior\ContentReplaceBehavior [ RunTime:0.000054s ]
INFO: [ template_filter ] --END-- [ RunTime:0.000091s ]
NOTIC: [8] Undefined variable: currentPage F:\xampp\htdocs\crap\Runtime\Cache\Admin\53ba6b9177d3b17ee3b89aee36ab9c4d.php 第 10 行.
NOTIC: [8] Use of undefined constant today - assumed 'today' F:\xampp\htdocs\crap\Runtime\Cache\Admin\53ba6b9177d3b17ee3b89aee36ab9c4d.php 第 182 行.
NOTIC: [8] Use of undefined constant yesterday - assumed 'yesterday' F:\xampp\htdocs\crap\Runtime\Cache\Admin\53ba6b9177d3b17ee3b89aee36ab9c4d.php 第 183 行.
NOTIC: [8] Use of undefined constant week - assumed 'week' F:\xampp\htdocs\crap\Runtime\Cache\Admin\53ba6b9177d3b17ee3b89aee36ab9c4d.php 第 184 行.
NOTIC: [8] Use of undefined constant month - assumed 'month' F:\xampp\htdocs\crap\Runtime\Cache\Admin\53ba6b9177d3b17ee3b89aee36ab9c4d.php 第 185 行.
NOTIC: [8] Use of undefined constant all - assumed 'all' F:\xampp\htdocs\crap\Runtime\Cache\Admin\53ba6b9177d3b17ee3b89aee36ab9c4d.php 第 186 行.
INFO: Run Behavior\ParseTemplateBehavior [ RunTime:0.011729s ]
INFO: [ view_parse ] --END-- [ RunTime:0.011761s ]
INFO: [ view_filter ] --START--
INFO: Run Behavior\WriteHtmlCacheBehavior [ RunTime:0.000565s ]
INFO: [ view_filter ] --END-- [ RunTime:0.000591s ]
INFO: [ app_end ] --START--
INFO: Run Behavior\ShowPageTraceBehavior [ RunTime:0.000674s ]
INFO: [ app_end ] --END-- [ RunTime:0.000718s ]

[ 2017-11-25T22:52:54+08:00 ] 127.0.0.1 /Admin/index
INFO: [ app_init ] --START--
INFO: Run Behavior\BuildLiteBehavior [ RunTime:0.000011s ]
INFO: [ app_init ] --END-- [ RunTime:0.000401s ]
INFO: [ app_begin ] --START--
INFO: Run Behavior\ReadHtmlCacheBehavior [ RunTime:0.000434s ]
INFO: [ app_begin ] --END-- [ RunTime:0.000472s ]
NOTIC: [2] mdecrypt_generic(): An empty string was passed F:\xampp\htdocs\crap\ThinkPHP\Library\Org\Util\AES.class.php 第 51 行.
NOTIC: [2] preg_match(): Null byte in regex F:\xampp\htdocs\crap\ThinkPHP\Library\Org\Util\AES.class.php 第 80 行.
NOTIC: [2048] Declaration of Application\BaseModel::add() should be compatible with Think\Model::add($data = '', $options = Array, $replace = false) F:\xampp\htdocs\crap\Application\BaseModel.class.php 第 12 行.
NOTIC: [8] Undefined variable: userCount F:\xampp\htdocs\crap\Application\Admin\Controller\IndexController.class.php 第 36 行.
NOTIC: [8] Undefined variable: channelCount F:\xampp\htdocs\crap\Application\Admin\Controller\IndexController.class.php 第 37 行.
NOTIC: [8] Undefined variable: loginCount F:\xampp\htdocs\crap\Application\Admin\Controller\IndexController.class.php 第 41 行.
NOTIC: [8] Undefined variable: recommendJobCount F:\xampp\htdocs\crap\Application\Admin\Controller\IndexController.class.php 第 46 行.
NOTIC: [8] Undefined variable: recommendResumeCount F:\xampp\htdocs\crap\Application\Admin\Controller\IndexController.class.php 第 47 行.
NOTIC: [8] Undefined variable: invitBySmsCount F:\xampp\htdocs\crap\Application\Admin\Controller\IndexController.class.php 第 48 行.
NOTIC: [8] Undefined variable: receiveCount F:\xampp\htdocs\crap\Application\Admin\Controller\IndexController.class.php 第 49 行.
NOTIC: [8] Undefined variable: autoReceiveCount F:\xampp\htdocs\crap\Application\Admin\Controller\IndexController.class.php 第 50 行.
NOTIC: [8] Undefined variable: rejectCount F:\xampp\htdocs\crap\Application\Admin\Controller\IndexController.class.php 第 51 行.
INFO: [ view_parse ] --START--
INFO: [ template_filter ] --START--
INFO: Run Behavior\ContentReplaceBehavior [ RunTime:0.000055s ]
INFO: [ template_filter ] --END-- [ RunTime:0.000090s ]
NOTIC: [8] Undefined variable: currentPage F:\xampp\htdocs\crap\Runtime\Cache\Admin\53ba6b9177d3b17ee3b89aee36ab9c4d.php 第 10 行.
NOTIC: [8] Use of undefined constant today - assumed 'today' F:\xampp\htdocs\crap\Runtime\Cache\Admin\53ba6b9177d3b17ee3b89aee36ab9c4d.php 第 182 行.
NOTIC: [8] Use of undefined constant yesterday - assumed 'yesterday' F:\xampp\htdocs\crap\Runtime\Cache\Admin\53ba6b9177d3b17ee3b89aee36ab9c4d.php 第 183 行.
NOTIC: [8] Use of undefined constant week - assumed 'week' F:\xampp\htdocs\crap\Runtime\Cache\Admin\53ba6b9177d3b17ee3b89aee36ab9c4d.php 第 184 行.
NOTIC: [8] Use of undefined constant month - assumed 'month' F:\xampp\htdocs\crap\Runtime\Cache\Admin\53ba6b9177d3b17ee3b89aee36ab9c4d.php 第 185 行.
NOTIC: [8] Use of undefined constant all - assumed 'all' F:\xampp\htdocs\crap\Runtime\Cache\Admin\53ba6b9177d3b17ee3b89aee36ab9c4d.php 第 186 行.
INFO: Run Behavior\ParseTemplateBehavior [ RunTime:0.011475s ]
INFO: [ view_parse ] --END-- [ RunTime:0.011515s ]
INFO: [ view_filter ] --START--
INFO: Run Behavior\WriteHtmlCacheBehavior [ RunTime:0.000414s ]
INFO: [ view_filter ] --END-- [ RunTime:0.000440s ]
INFO: [ app_end ] --START--
INFO: Run Behavior\ShowPageTraceBehavior [ RunTime:0.000755s ]
INFO: [ app_end ] --END-- [ RunTime:0.000799s ]

[ 2017-11-25T22:53:03+08:00 ] 127.0.0.1 /Admin/index
INFO: [ app_init ] --START--
INFO: Run Behavior\BuildLiteBehavior [ RunTime:0.000010s ]
INFO: [ app_init ] --END-- [ RunTime:0.000340s ]
INFO: [ app_begin ] --START--
INFO: Run Behavior\ReadHtmlCacheBehavior [ RunTime:0.000347s ]
INFO: [ app_begin ] --END-- [ RunTime:0.000382s ]
NOTIC: [2] mdecrypt_generic(): An empty string was passed F:\xampp\htdocs\crap\ThinkPHP\Library\Org\Util\AES.class.php 第 51 行.
NOTIC: [2] preg_match(): Null byte in regex F:\xampp\htdocs\crap\ThinkPHP\Library\Org\Util\AES.class.php 第 80 行.
NOTIC: [2048] Declaration of Application\BaseModel::add() should be compatible with Think\Model::add($data = '', $options = Array, $replace = false) F:\xampp\htdocs\crap\Application\BaseModel.class.php 第 12 行.
NOTIC: [8] Undefined variable: userCount F:\xampp\htdocs\crap\Application\Admin\Controller\IndexController.class.php 第 36 行.
NOTIC: [8] Undefined variable: channelCount F:\xampp\htdocs\crap\Application\Admin\Controller\IndexController.class.php 第 37 行.
NOTIC: [8] Undefined variable: loginCount F:\xampp\htdocs\crap\Application\Admin\Controller\IndexController.class.php 第 41 行.
NOTIC: [8] Undefined variable: recommendJobCount F:\xampp\htdocs\crap\Application\Admin\Controller\IndexController.class.php 第 46 行.
NOTIC: [8] Undefined variable: recommendResumeCount F:\xampp\htdocs\crap\Application\Admin\Controller\IndexController.class.php 第 47 行.
NOTIC: [8] Undefined variable: invitBySmsCount F:\xampp\htdocs\crap\Application\Admin\Controller\IndexController.class.php 第 48 行.
NOTIC: [8] Undefined variable: receiveCount F:\xampp\htdocs\crap\Application\Admin\Controller\IndexController.class.php 第 49 行.
NOTIC: [8] Undefined variable: autoReceiveCount F:\xampp\htdocs\crap\Application\Admin\Controller\IndexController.class.php 第 50 行.
NOTIC: [8] Undefined variable: rejectCount F:\xampp\htdocs\crap\Application\Admin\Controller\IndexController.class.php 第 51 行.
INFO: [ view_parse ] --START--
INFO: [ template_filter ] --START--
INFO: Run Behavior\ContentReplaceBehavior [ RunTime:0.000058s ]
INFO: [ template_filter ] --END-- [ RunTime:0.000098s ]
NOTIC: [8] Undefined variable: currentPage F:\xampp\htdocs\crap\Runtime\Cache\Admin\53ba6b9177d3b17ee3b89aee36ab9c4d.php 第 10 行.
NOTIC: [8] Use of undefined constant today - assumed 'today' F:\xampp\htdocs\crap\Runtime\Cache\Admin\53ba6b9177d3b17ee3b89aee36ab9c4d.php 第 182 行.
NOTIC: [8] Use of undefined constant yesterday - assumed 'yesterday' F:\xampp\htdocs\crap\Runtime\Cache\Admin\53ba6b9177d3b17ee3b89aee36ab9c4d.php 第 183 行.
NOTIC: [8] Use of undefined constant week - assumed 'week' F:\xampp\htdocs\crap\Runtime\Cache\Admin\53ba6b9177d3b17ee3b89aee36ab9c4d.php 第 184 行.
NOTIC: [8] Use of undefined constant month - assumed 'month' F:\xampp\htdocs\crap\Runtime\Cache\Admin\53ba6b9177d3b17ee3b89aee36ab9c4d.php 第 185 行.
NOTIC: [8] Use of undefined constant all - assumed 'all' F:\xampp\htdocs\crap\Runtime\Cache\Admin\53ba6b9177d3b17ee3b89aee36ab9c4d.php 第 186 行.
INFO: Run Behavior\ParseTemplateBehavior [ RunTime:0.011117s ]
INFO: [ view_parse ] --END-- [ RunTime:0.011150s ]
INFO: [ view_filter ] --START--
INFO: Run Behavior\WriteHtmlCacheBehavior [ RunTime:0.000493s ]
INFO: [ view_filter ] --END-- [ RunTime:0.000519s ]
INFO: [ app_end ] --START--
INFO: Run Behavior\ShowPageTraceBehavior [ RunTime:0.000730s ]
INFO: [ app_end ] --END-- [ RunTime:0.000774s ]

[ 2017-11-25T22:53:15+08:00 ] 127.0.0.1 /Admin/index
INFO: [ app_init ] --START--
INFO: Run Behavior\BuildLiteBehavior [ RunTime:0.000008s ]
INFO: [ app_init ] --END-- [ RunTime:0.000301s ]
INFO: [ app_begin ] --START--
INFO: Run Behavior\ReadHtmlCacheBehavior [ RunTime:0.000347s ]
INFO: [ app_begin ] --END-- [ RunTime:0.000380s ]
NOTIC: [2] mdecrypt_generic(): An empty string was passed F:\xampp\htdocs\crap\ThinkPHP\Library\Org\Util\AES.class.php 第 51 行.
NOTIC: [2] preg_match(): Null byte in regex F:\xampp\htdocs\crap\ThinkPHP\Library\Org\Util\AES.class.php 第 80 行.
NOTIC: [2048] Declaration of Application\BaseModel::add() should be compatible with Think\Model::add($data = '', $options = Array, $replace = false) F:\xampp\htdocs\crap\Application\BaseModel.class.php 第 12 行.
NOTIC: [8] Undefined variable: userCount F:\xampp\htdocs\crap\Application\Admin\Controller\IndexController.class.php 第 36 行.
NOTIC: [8] Undefined variable: channelCount F:\xampp\htdocs\crap\Application\Admin\Controller\IndexController.class.php 第 37 行.
NOTIC: [8] Undefined variable: loginCount F:\xampp\htdocs\crap\Application\Admin\Controller\IndexController.class.php 第 41 行.
NOTIC: [8] Undefined variable: recommendJobCount F:\xampp\htdocs\crap\Application\Admin\Controller\IndexController.class.php 第 46 行.
NOTIC: [8] Undefined variable: recommendResumeCount F:\xampp\htdocs\crap\Application\Admin\Controller\IndexController.class.php 第 47 行.
NOTIC: [8] Undefined variable: invitBySmsCount F:\xampp\htdocs\crap\Application\Admin\Controller\IndexController.class.php 第 48 行.
NOTIC: [8] Undefined variable: receiveCount F:\xampp\htdocs\crap\Application\Admin\Controller\IndexController.class.php 第 49 行.
NOTIC: [8] Undefined variable: autoReceiveCount F:\xampp\htdocs\crap\Application\Admin\Controller\IndexController.class.php 第 50 行.
NOTIC: [8] Undefined variable: rejectCount F:\xampp\htdocs\crap\Application\Admin\Controller\IndexController.class.php 第 51 行.
INFO: [ view_parse ] --START--
INFO: [ template_filter ] --START--
INFO: Run Behavior\ContentReplaceBehavior [ RunTime:0.000060s ]
INFO: [ template_filter ] --END-- [ RunTime:0.000095s ]
NOTIC: [8] Undefined variable: currentPage F:\xampp\htdocs\crap\Runtime\Cache\Admin\53ba6b9177d3b17ee3b89aee36ab9c4d.php 第 10 行.
NOTIC: [8] Use of undefined constant today - assumed 'today' F:\xampp\htdocs\crap\Runtime\Cache\Admin\53ba6b9177d3b17ee3b89aee36ab9c4d.php 第 182 行.
NOTIC: [8] Use of undefined constant yesterday - assumed 'yesterday' F:\xampp\htdocs\crap\Runtime\Cache\Admin\53ba6b9177d3b17ee3b89aee36ab9c4d.php 第 183 行.
NOTIC: [8] Use of undefined constant week - assumed 'week' F:\xampp\htdocs\crap\Runtime\Cache\Admin\53ba6b9177d3b17ee3b89aee36ab9c4d.php 第 184 行.
NOTIC: [8] Use of undefined constant month - assumed 'month' F:\xampp\htdocs\crap\Runtime\Cache\Admin\53ba6b9177d3b17ee3b89aee36ab9c4d.php 第 185 行.
NOTIC: [8] Use of undefined constant all - assumed 'all' F:\xampp\htdocs\crap\Runtime\Cache\Admin\53ba6b9177d3b17ee3b89aee36ab9c4d.php 第 186 行.
INFO: Run Behavior\ParseTemplateBehavior [ RunTime:0.011266s ]
INFO: [ view_parse ] --END-- [ RunTime:0.011301s ]
INFO: [ view_filter ] --START--
INFO: Run Behavior\WriteHtmlCacheBehavior [ RunTime:0.000620s ]
INFO: [ view_filter ] --END-- [ RunTime:0.000652s ]
INFO: [ app_end ] --START--
INFO: Run Behavior\ShowPageTraceBehavior [ RunTime:0.000566s ]
INFO: [ app_end ] --END-- [ RunTime:0.000603s ]

[ 2017-11-25T22:53:16+08:00 ] 127.0.0.1 /Admin/index
INFO: [ app_init ] --START--
INFO: Run Behavior\BuildLiteBehavior [ RunTime:0.000011s ]
INFO: [ app_init ] --END-- [ RunTime:0.000296s ]
INFO: [ app_begin ] --START--
INFO: Run Behavior\ReadHtmlCacheBehavior [ RunTime:0.000353s ]
INFO: [ app_begin ] --END-- [ RunTime:0.000387s ]
NOTIC: [2] mdecrypt_generic(): An empty string was passed F:\xampp\htdocs\crap\ThinkPHP\Library\Org\Util\AES.class.php 第 51 行.
NOTIC: [2] preg_match(): Null byte in regex F:\xampp\htdocs\crap\ThinkPHP\Library\Org\Util\AES.class.php 第 80 行.
NOTIC: [2048] Declaration of Application\BaseModel::add() should be compatible with Think\Model::add($data = '', $options = Array, $replace = false) F:\xampp\htdocs\crap\Application\BaseModel.class.php 第 12 行.
NOTIC: [8] Undefined variable: userCount F:\xampp\htdocs\crap\Application\Admin\Controller\IndexController.class.php 第 36 行.
NOTIC: [8] Undefined variable: channelCount F:\xampp\htdocs\crap\Application\Admin\Controller\IndexController.class.php 第 37 行.
NOTIC: [8] Undefined variable: loginCount F:\xampp\htdocs\crap\Application\Admin\Controller\IndexController.class.php 第 41 行.
NOTIC: [8] Undefined variable: recommendJobCount F:\xampp\htdocs\crap\Application\Admin\Controller\IndexController.class.php 第 46 行.
NOTIC: [8] Undefined variable: recommendResumeCount F:\xampp\htdocs\crap\Application\Admin\Controller\IndexController.class.php 第 47 行.
NOTIC: [8] Undefined variable: invitBySmsCount F:\xampp\htdocs\crap\Application\Admin\Controller\IndexController.class.php 第 48 行.
NOTIC: [8] Undefined variable: receiveCount F:\xampp\htdocs\crap\Application\Admin\Controller\IndexController.class.php 第 49 行.
NOTIC: [8] Undefined variable: autoReceiveCount F:\xampp\htdocs\crap\Application\Admin\Controller\IndexController.class.php 第 50 行.
NOTIC: [8] Undefined variable: rejectCount F:\xampp\htdocs\crap\Application\Admin\Controller\IndexController.class.php 第 51 行.
INFO: [ view_parse ] --START--
INFO: [ template_filter ] --START--
INFO: Run Behavior\ContentReplaceBehavior [ RunTime:0.000056s ]
INFO: [ template_filter ] --END-- [ RunTime:0.000094s ]
NOTIC: [8] Undefined variable: currentPage F:\xampp\htdocs\crap\Runtime\Cache\Admin\53ba6b9177d3b17ee3b89aee36ab9c4d.php 第 10 行.
NOTIC: [8] Use of undefined constant today - assumed 'today' F:\xampp\htdocs\crap\Runtime\Cache\Admin\53ba6b9177d3b17ee3b89aee36ab9c4d.php 第 182 行.
NOTIC: [8] Use of undefined constant yesterday - assumed 'yesterday' F:\xampp\htdocs\crap\Runtime\Cache\Admin\53ba6b9177d3b17ee3b89aee36ab9c4d.php 第 183 行.
NOTIC: [8] Use of undefined constant week - assumed 'week' F:\xampp\htdocs\crap\Runtime\Cache\Admin\53ba6b9177d3b17ee3b89aee36ab9c4d.php 第 184 行.
NOTIC: [8] Use of undefined constant month - assumed 'month' F:\xampp\htdocs\crap\Runtime\Cache\Admin\53ba6b9177d3b17ee3b89aee36ab9c4d.php 第 185 行.
NOTIC: [8] Use of undefined constant all - assumed 'all' F:\xampp\htdocs\crap\Runtime\Cache\Admin\53ba6b9177d3b17ee3b89aee36ab9c4d.php 第 186 行.
INFO: Run Behavior\ParseTemplateBehavior [ RunTime:0.011489s ]
INFO: [ view_parse ] --END-- [ RunTime:0.011520s ]
INFO: [ view_filter ] --START--
INFO: Run Behavior\WriteHtmlCacheBehavior [ RunTime:0.000429s ]
INFO: [ view_filter ] --END-- [ RunTime:0.000456s ]
INFO: [ app_end ] --START--
INFO: Run Behavior\ShowPageTraceBehavior [ RunTime:0.000582s ]
INFO: [ app_end ] --END-- [ RunTime:0.000617s ]

[ 2017-11-25T22:53:16+08:00 ] 127.0.0.1 /Admin/index
INFO: [ app_init ] --START--
INFO: Run Behavior\BuildLiteBehavior [ RunTime:0.000008s ]
INFO: [ app_init ] --END-- [ RunTime:0.000294s ]
INFO: [ app_begin ] --START--
INFO: Run Behavior\ReadHtmlCacheBehavior [ RunTime:0.000366s ]
INFO: [ app_begin ] --END-- [ RunTime:0.000399s ]
NOTIC: [2] mdecrypt_generic(): An empty string was passed F:\xampp\htdocs\crap\ThinkPHP\Library\Org\Util\AES.class.php 第 51 行.
NOTIC: [2] preg_match(): Null byte in regex F:\xampp\htdocs\crap\ThinkPHP\Library\Org\Util\AES.class.php 第 80 行.
NOTIC: [2048] Declaration of Application\BaseModel::add() should be compatible with Think\Model::add($data = '', $options = Array, $replace = false) F:\xampp\htdocs\crap\Application\BaseModel.class.php 第 12 行.
NOTIC: [8] Undefined variable: userCount F:\xampp\htdocs\crap\Application\Admin\Controller\IndexController.class.php 第 36 行.
NOTIC: [8] Undefined variable: channelCount F:\xampp\htdocs\crap\Application\Admin\Controller\IndexController.class.php 第 37 行.
NOTIC: [8] Undefined variable: loginCount F:\xampp\htdocs\crap\Application\Admin\Controller\IndexController.class.php 第 41 行.
NOTIC: [8] Undefined variable: recommendJobCount F:\xampp\htdocs\crap\Application\Admin\Controller\IndexController.class.php 第 46 行.
NOTIC: [8] Undefined variable: recommendResumeCount F:\xampp\htdocs\crap\Application\Admin\Controller\IndexController.class.php 第 47 行.
NOTIC: [8] Undefined variable: invitBySmsCount F:\xampp\htdocs\crap\Application\Admin\Controller\IndexController.class.php 第 48 行.
NOTIC: [8] Undefined variable: receiveCount F:\xampp\htdocs\crap\Application\Admin\Controller\IndexController.class.php 第 49 行.
NOTIC: [8] Undefined variable: autoReceiveCount F:\xampp\htdocs\crap\Application\Admin\Controller\IndexController.class.php 第 50 行.
NOTIC: [8] Undefined variable: rejectCount F:\xampp\htdocs\crap\Application\Admin\Controller\IndexController.class.php 第 51 行.
INFO: [ view_parse ] --START--
INFO: [ template_filter ] --START--
INFO: Run Behavior\ContentReplaceBehavior [ RunTime:0.000054s ]
INFO: [ template_filter ] --END-- [ RunTime:0.000084s ]
NOTIC: [8] Undefined variable: currentPage F:\xampp\htdocs\crap\Runtime\Cache\Admin\53ba6b9177d3b17ee3b89aee36ab9c4d.php 第 10 行.
NOTIC: [8] Use of undefined constant today - assumed 'today' F:\xampp\htdocs\crap\Runtime\Cache\Admin\53ba6b9177d3b17ee3b89aee36ab9c4d.php 第 182 行.
NOTIC: [8] Use of undefined constant yesterday - assumed 'yesterday' F:\xampp\htdocs\crap\Runtime\Cache\Admin\53ba6b9177d3b17ee3b89aee36ab9c4d.php 第 183 行.
NOTIC: [8] Use of undefined constant week - assumed 'week' F:\xampp\htdocs\crap\Runtime\Cache\Admin\53ba6b9177d3b17ee3b89aee36ab9c4d.php 第 184 行.
NOTIC: [8] Use of undefined constant month - assumed 'month' F:\xampp\htdocs\crap\Runtime\Cache\Admin\53ba6b9177d3b17ee3b89aee36ab9c4d.php 第 185 行.
NOTIC: [8] Use of undefined constant all - assumed 'all' F:\xampp\htdocs\crap\Runtime\Cache\Admin\53ba6b9177d3b17ee3b89aee36ab9c4d.php 第 186 行.
INFO: Run Behavior\ParseTemplateBehavior [ RunTime:0.011000s ]
INFO: [ view_parse ] --END-- [ RunTime:0.011033s ]
INFO: [ view_filter ] --START--
INFO: Run Behavior\WriteHtmlCacheBehavior [ RunTime:0.000566s ]
INFO: [ view_filter ] --END-- [ RunTime:0.000622s ]
INFO: [ app_end ] --START--
INFO: Run Behavior\ShowPageTraceBehavior [ RunTime:0.000916s ]
INFO: [ app_end ] --END-- [ RunTime:0.000972s ]

[ 2017-11-25T22:53:16+08:00 ] 127.0.0.1 /Admin/index
INFO: [ app_init ] --START--
INFO: Run Behavior\BuildLiteBehavior [ RunTime:0.000009s ]
INFO: [ app_init ] --END-- [ RunTime:0.000263s ]
INFO: [ app_begin ] --START--
INFO: Run Behavior\ReadHtmlCacheBehavior [ RunTime:0.000319s ]
INFO: [ app_begin ] --END-- [ RunTime:0.000352s ]
NOTIC: [2] mdecrypt_generic(): An empty string was passed F:\xampp\htdocs\crap\ThinkPHP\Library\Org\Util\AES.class.php 第 51 行.
NOTIC: [2] preg_match(): Null byte in regex F:\xampp\htdocs\crap\ThinkPHP\Library\Org\Util\AES.class.php 第 80 行.
NOTIC: [2048] Declaration of Application\BaseModel::add() should be compatible with Think\Model::add($data = '', $options = Array, $replace = false) F:\xampp\htdocs\crap\Application\BaseModel.class.php 第 12 行.
NOTIC: [8] Undefined variable: userCount F:\xampp\htdocs\crap\Application\Admin\Controller\IndexController.class.php 第 36 行.
NOTIC: [8] Undefined variable: channelCount F:\xampp\htdocs\crap\Application\Admin\Controller\IndexController.class.php 第 37 行.
NOTIC: [8] Undefined variable: loginCount F:\xampp\htdocs\crap\Application\Admin\Controller\IndexController.class.php 第 41 行.
NOTIC: [8] Undefined variable: recommendJobCount F:\xampp\htdocs\crap\Application\Admin\Controller\IndexController.class.php 第 46 行.
NOTIC: [8] Undefined variable: recommendResumeCount F:\xampp\htdocs\crap\Application\Admin\Controller\IndexController.class.php 第 47 行.
NOTIC: [8] Undefined variable: invitBySmsCount F:\xampp\htdocs\crap\Application\Admin\Controller\IndexController.class.php 第 48 行.
NOTIC: [8] Undefined variable: receiveCount F:\xampp\htdocs\crap\Application\Admin\Controller\IndexController.class.php 第 49 行.
NOTIC: [8] Undefined variable: autoReceiveCount F:\xampp\htdocs\crap\Application\Admin\Controller\IndexController.class.php 第 50 行.
NOTIC: [8] Undefined variable: rejectCount F:\xampp\htdocs\crap\Application\Admin\Controller\IndexController.class.php 第 51 行.
INFO: [ view_parse ] --START--
INFO: [ template_filter ] --START--
INFO: Run Behavior\ContentReplaceBehavior [ RunTime:0.000056s ]
INFO: [ template_filter ] --END-- [ RunTime:0.000091s ]
NOTIC: [8] Undefined variable: currentPage F:\xampp\htdocs\crap\Runtime\Cache\Admin\53ba6b9177d3b17ee3b89aee36ab9c4d.php 第 10 行.
NOTIC: [8] Use of undefined constant today - assumed 'today' F:\xampp\htdocs\crap\Runtime\Cache\Admin\53ba6b9177d3b17ee3b89aee36ab9c4d.php 第 182 行.
NOTIC: [8] Use of undefined constant yesterday - assumed 'yesterday' F:\xampp\htdocs\crap\Runtime\Cache\Admin\53ba6b9177d3b17ee3b89aee36ab9c4d.php 第 183 行.
NOTIC: [8] Use of undefined constant week - assumed 'week' F:\xampp\htdocs\crap\Runtime\Cache\Admin\53ba6b9177d3b17ee3b89aee36ab9c4d.php 第 184 行.
NOTIC: [8] Use of undefined constant month - assumed 'month' F:\xampp\htdocs\crap\Runtime\Cache\Admin\53ba6b9177d3b17ee3b89aee36ab9c4d.php 第 185 行.
NOTIC: [8] Use of undefined constant all - assumed 'all' F:\xampp\htdocs\crap\Runtime\Cache\Admin\53ba6b9177d3b17ee3b89aee36ab9c4d.php 第 186 行.
INFO: Run Behavior\ParseTemplateBehavior [ RunTime:0.011403s ]
INFO: [ view_parse ] --END-- [ RunTime:0.011437s ]
INFO: [ view_filter ] --START--
INFO: Run Behavior\WriteHtmlCacheBehavior [ RunTime:0.000503s ]
INFO: [ view_filter ] --END-- [ RunTime:0.000541s ]
INFO: [ app_end ] --START--
INFO: Run Behavior\ShowPageTraceBehavior [ RunTime:0.000639s ]
INFO: [ app_end ] --END-- [ RunTime:0.000673s ]

[ 2017-11-25T22:53:16+08:00 ] 127.0.0.1 /Admin/index
INFO: [ app_init ] --START--
INFO: Run Behavior\BuildLiteBehavior [ RunTime:0.000009s ]
INFO: [ app_init ] --END-- [ RunTime:0.000273s ]
INFO: [ app_begin ] --START--
INFO: Run Behavior\ReadHtmlCacheBehavior [ RunTime:0.000330s ]
INFO: [ app_begin ] --END-- [ RunTime:0.000364s ]
NOTIC: [2] mdecrypt_generic(): An empty string was passed F:\xampp\htdocs\crap\ThinkPHP\Library\Org\Util\AES.class.php 第 51 行.
NOTIC: [2] preg_match(): Null byte in regex F:\xampp\htdocs\crap\ThinkPHP\Library\Org\Util\AES.class.php 第 80 行.
NOTIC: [2048] Declaration of Application\BaseModel::add() should be compatible with Think\Model::add($data = '', $options = Array, $replace = false) F:\xampp\htdocs\crap\Application\BaseModel.class.php 第 12 行.
NOTIC: [8] Undefined variable: userCount F:\xampp\htdocs\crap\Application\Admin\Controller\IndexController.class.php 第 36 行.
NOTIC: [8] Undefined variable: channelCount F:\xampp\htdocs\crap\Application\Admin\Controller\IndexController.class.php 第 37 行.
NOTIC: [8] Undefined variable: loginCount F:\xampp\htdocs\crap\Application\Admin\Controller\IndexController.class.php 第 41 行.
NOTIC: [8] Undefined variable: recommendJobCount F:\xampp\htdocs\crap\Application\Admin\Controller\IndexController.class.php 第 46 行.
NOTIC: [8] Undefined variable: recommendResumeCount F:\xampp\htdocs\crap\Application\Admin\Controller\IndexController.class.php 第 47 行.
NOTIC: [8] Undefined variable: invitBySmsCount F:\xampp\htdocs\crap\Application\Admin\Controller\IndexController.class.php 第 48 行.
NOTIC: [8] Undefined variable: receiveCount F:\xampp\htdocs\crap\Application\Admin\Controller\IndexController.class.php 第 49 行.
NOTIC: [8] Undefined variable: autoReceiveCount F:\xampp\htdocs\crap\Application\Admin\Controller\IndexController.class.php 第 50 行.
NOTIC: [8] Undefined variable: rejectCount F:\xampp\htdocs\crap\Application\Admin\Controller\IndexController.class.php 第 51 行.
INFO: [ view_parse ] --START--
INFO: [ template_filter ] --START--
INFO: Run Behavior\ContentReplaceBehavior [ RunTime:0.000058s ]
INFO: [ template_filter ] --END-- [ RunTime:0.000094s ]
NOTIC: [8] Undefined variable: currentPage F:\xampp\htdocs\crap\Runtime\Cache\Admin\53ba6b9177d3b17ee3b89aee36ab9c4d.php 第 10 行.
NOTIC: [8] Use of undefined constant today - assumed 'today' F:\xampp\htdocs\crap\Runtime\Cache\Admin\53ba6b9177d3b17ee3b89aee36ab9c4d.php 第 182 行.
NOTIC: [8] Use of undefined constant yesterday - assumed 'yesterday' F:\xampp\htdocs\crap\Runtime\Cache\Admin\53ba6b9177d3b17ee3b89aee36ab9c4d.php 第 183 行.
NOTIC: [8] Use of undefined constant week - assumed 'week' F:\xampp\htdocs\crap\Runtime\Cache\Admin\53ba6b9177d3b17ee3b89aee36ab9c4d.php 第 184 行.
NOTIC: [8] Use of undefined constant month - assumed 'month' F:\xampp\htdocs\crap\Runtime\Cache\Admin\53ba6b9177d3b17ee3b89aee36ab9c4d.php 第 185 行.
NOTIC: [8] Use of undefined constant all - assumed 'all' F:\xampp\htdocs\crap\Runtime\Cache\Admin\53ba6b9177d3b17ee3b89aee36ab9c4d.php 第 186 行.
INFO: Run Behavior\ParseTemplateBehavior [ RunTime:0.011074s ]
INFO: [ view_parse ] --END-- [ RunTime:0.011111s ]
INFO: [ view_filter ] --START--
INFO: Run Behavior\WriteHtmlCacheBehavior [ RunTime:0.000743s ]
INFO: [ view_filter ] --END-- [ RunTime:0.000771s ]
INFO: [ app_end ] --START--
INFO: Run Behavior\ShowPageTraceBehavior [ RunTime:0.000854s ]
INFO: [ app_end ] --END-- [ RunTime:0.000889s ]

[ 2017-11-25T22:53:17+08:00 ] 127.0.0.1 /Admin/index
INFO: [ app_init ] --START--
INFO: Run Behavior\BuildLiteBehavior [ RunTime:0.000011s ]
INFO: [ app_init ] --END-- [ RunTime:0.000293s ]
INFO: [ app_begin ] --START--
INFO: Run Behavior\ReadHtmlCacheBehavior [ RunTime:0.000356s ]
INFO: [ app_begin ] --END-- [ RunTime:0.000390s ]
NOTIC: [2] mdecrypt_generic(): An empty string was passed F:\xampp\htdocs\crap\ThinkPHP\Library\Org\Util\AES.class.php 第 51 行.
NOTIC: [2] preg_match(): Null byte in regex F:\xampp\htdocs\crap\ThinkPHP\Library\Org\Util\AES.class.php 第 80 行.
NOTIC: [2048] Declaration of Application\BaseModel::add() should be compatible with Think\Model::add($data = '', $options = Array, $replace = false) F:\xampp\htdocs\crap\Application\BaseModel.class.php 第 12 行.
NOTIC: [8] Undefined variable: userCount F:\xampp\htdocs\crap\Application\Admin\Controller\IndexController.class.php 第 36 行.
NOTIC: [8] Undefined variable: channelCount F:\xampp\htdocs\crap\Application\Admin\Controller\IndexController.class.php 第 37 行.
NOTIC: [8] Undefined variable: loginCount F:\xampp\htdocs\crap\Application\Admin\Controller\IndexController.class.php 第 41 行.
NOTIC: [8] Undefined variable: recommendJobCount F:\xampp\htdocs\crap\Application\Admin\Controller\IndexController.class.php 第 46 行.
NOTIC: [8] Undefined variable: recommendResumeCount F:\xampp\htdocs\crap\Application\Admin\Controller\IndexController.class.php 第 47 行.
NOTIC: [8] Undefined variable: invitBySmsCount F:\xampp\htdocs\crap\Application\Admin\Controller\IndexController.class.php 第 48 行.
NOTIC: [8] Undefined variable: receiveCount F:\xampp\htdocs\crap\Application\Admin\Controller\IndexController.class.php 第 49 行.
NOTIC: [8] Undefined variable: autoReceiveCount F:\xampp\htdocs\crap\Application\Admin\Controller\IndexController.class.php 第 50 行.
NOTIC: [8] Undefined variable: rejectCount F:\xampp\htdocs\crap\Application\Admin\Controller\IndexController.class.php 第 51 行.
INFO: [ view_parse ] --START--
INFO: [ template_filter ] --START--
INFO: Run Behavior\ContentReplaceBehavior [ RunTime:0.000054s ]
INFO: [ template_filter ] --END-- [ RunTime:0.000091s ]
NOTIC: [8] Undefined variable: currentPage F:\xampp\htdocs\crap\Runtime\Cache\Admin\53ba6b9177d3b17ee3b89aee36ab9c4d.php 第 10 行.
NOTIC: [8] Use of undefined constant today - assumed 'today' F:\xampp\htdocs\crap\Runtime\Cache\Admin\53ba6b9177d3b17ee3b89aee36ab9c4d.php 第 182 行.
NOTIC: [8] Use of undefined constant yesterday - assumed 'yesterday' F:\xampp\htdocs\crap\Runtime\Cache\Admin\53ba6b9177d3b17ee3b89aee36ab9c4d.php 第 183 行.
NOTIC: [8] Use of undefined constant week - assumed 'week' F:\xampp\htdocs\crap\Runtime\Cache\Admin\53ba6b9177d3b17ee3b89aee36ab9c4d.php 第 184 行.
NOTIC: [8] Use of undefined constant month - assumed 'month' F:\xampp\htdocs\crap\Runtime\Cache\Admin\53ba6b9177d3b17ee3b89aee36ab9c4d.php 第 185 行.
NOTIC: [8] Use of undefined constant all - assumed 'all' F:\xampp\htdocs\crap\Runtime\Cache\Admin\53ba6b9177d3b17ee3b89aee36ab9c4d.php 第 186 行.
INFO: Run Behavior\ParseTemplateBehavior [ RunTime:0.011900s ]
INFO: [ view_parse ] --END-- [ RunTime:0.011934s ]
INFO: [ view_filter ] --START--
INFO: Run Behavior\WriteHtmlCacheBehavior [ RunTime:0.000433s ]
INFO: [ view_filter ] --END-- [ RunTime:0.000470s ]
INFO: [ app_end ] --START--
INFO: Run Behavior\ShowPageTraceBehavior [ RunTime:0.000716s ]
INFO: [ app_end ] --END-- [ RunTime:0.000749s ]

[ 2017-11-25T22:53:40+08:00 ] 127.0.0.1 /Admin/index
INFO: [ app_init ] --START--
INFO: Run Behavior\BuildLiteBehavior [ RunTime:0.000008s ]
INFO: [ app_init ] --END-- [ RunTime:0.000277s ]
INFO: [ app_begin ] --START--
INFO: Run Behavior\ReadHtmlCacheBehavior [ RunTime:0.000349s ]
INFO: [ app_begin ] --END-- [ RunTime:0.000384s ]
NOTIC: [2] mdecrypt_generic(): An empty string was passed F:\xampp\htdocs\crap\ThinkPHP\Library\Org\Util\AES.class.php 第 51 行.
NOTIC: [2] preg_match(): Null byte in regex F:\xampp\htdocs\crap\ThinkPHP\Library\Org\Util\AES.class.php 第 80 行.
NOTIC: [2048] Declaration of Application\BaseModel::add() should be compatible with Think\Model::add($data = '', $options = Array, $replace = false) F:\xampp\htdocs\crap\Application\BaseModel.class.php 第 12 行.
NOTIC: [8] Undefined variable: userCount F:\xampp\htdocs\crap\Application\Admin\Controller\IndexController.class.php 第 36 行.
NOTIC: [8] Undefined variable: channelCount F:\xampp\htdocs\crap\Application\Admin\Controller\IndexController.class.php 第 37 行.
NOTIC: [8] Undefined variable: loginCount F:\xampp\htdocs\crap\Application\Admin\Controller\IndexController.class.php 第 41 行.
NOTIC: [8] Undefined variable: recommendJobCount F:\xampp\htdocs\crap\Application\Admin\Controller\IndexController.class.php 第 46 行.
NOTIC: [8] Undefined variable: recommendResumeCount F:\xampp\htdocs\crap\Application\Admin\Controller\IndexController.class.php 第 47 行.
NOTIC: [8] Undefined variable: invitBySmsCount F:\xampp\htdocs\crap\Application\Admin\Controller\IndexController.class.php 第 48 行.
NOTIC: [8] Undefined variable: receiveCount F:\xampp\htdocs\crap\Application\Admin\Controller\IndexController.class.php 第 49 行.
NOTIC: [8] Undefined variable: autoReceiveCount F:\xampp\htdocs\crap\Application\Admin\Controller\IndexController.class.php 第 50 行.
NOTIC: [8] Undefined variable: rejectCount F:\xampp\htdocs\crap\Application\Admin\Controller\IndexController.class.php 第 51 行.
INFO: [ view_parse ] --START--
INFO: [ template_filter ] --START--
INFO: Run Behavior\ContentReplaceBehavior [ RunTime:0.000080s ]
INFO: [ template_filter ] --END-- [ RunTime:0.000139s ]
NOTIC: [8] Undefined variable: currentPage F:\xampp\htdocs\crap\Runtime\Cache\Admin\53ba6b9177d3b17ee3b89aee36ab9c4d.php 第 10 行.
NOTIC: [8] Use of undefined constant today - assumed 'today' F:\xampp\htdocs\crap\Runtime\Cache\Admin\53ba6b9177d3b17ee3b89aee36ab9c4d.php 第 182 行.
NOTIC: [8] Use of undefined constant yesterday - assumed 'yesterday' F:\xampp\htdocs\crap\Runtime\Cache\Admin\53ba6b9177d3b17ee3b89aee36ab9c4d.php 第 183 行.
NOTIC: [8] Use of undefined constant week - assumed 'week' F:\xampp\htdocs\crap\Runtime\Cache\Admin\53ba6b9177d3b17ee3b89aee36ab9c4d.php 第 184 行.
NOTIC: [8] Use of undefined constant month - assumed 'month' F:\xampp\htdocs\crap\Runtime\Cache\Admin\53ba6b9177d3b17ee3b89aee36ab9c4d.php 第 185 行.
NOTIC: [8] Use of undefined constant all - assumed 'all' F:\xampp\htdocs\crap\Runtime\Cache\Admin\53ba6b9177d3b17ee3b89aee36ab9c4d.php 第 186 行.
INFO: Run Behavior\ParseTemplateBehavior [ RunTime:0.011641s ]
INFO: [ view_parse ] --END-- [ RunTime:0.011673s ]
INFO: [ view_filter ] --START--
INFO: Run Behavior\WriteHtmlCacheBehavior [ RunTime:0.000436s ]
INFO: [ view_filter ] --END-- [ RunTime:0.000462s ]
INFO: [ app_end ] --START--
INFO: Run Behavior\ShowPageTraceBehavior [ RunTime:0.000735s ]
INFO: [ app_end ] --END-- [ RunTime:0.000789s ]

[ 2017-11-25T22:53:43+08:00 ] 127.0.0.1 /Admin/admin/add
INFO: [ app_init ] --START--
INFO: Run Behavior\BuildLiteBehavior [ RunTime:0.000010s ]
INFO: [ app_init ] --END-- [ RunTime:0.000284s ]
INFO: [ app_begin ] --START--
INFO: Run Behavior\ReadHtmlCacheBehavior [ RunTime:0.000342s ]
INFO: [ app_begin ] --END-- [ RunTime:0.000378s ]
NOTIC: [2] mdecrypt_generic(): An empty string was passed F:\xampp\htdocs\crap\ThinkPHP\Library\Org\Util\AES.class.php 第 51 行.
NOTIC: [2] preg_match(): Null byte in regex F:\xampp\htdocs\crap\ThinkPHP\Library\Org\Util\AES.class.php 第 80 行.
NOTIC: [2048] Declaration of Application\BaseModel::add() should be compatible with Think\Model::add($data = '', $options = Array, $replace = false) F:\xampp\htdocs\crap\Application\BaseModel.class.php 第 12 行.
INFO: [ view_parse ] --START--
INFO: [ template_filter ] --START--
INFO: Run Behavior\ContentReplaceBehavior [ RunTime:0.000051s ]
INFO: [ template_filter ] --END-- [ RunTime:0.000086s ]
INFO: Run Behavior\ParseTemplateBehavior [ RunTime:0.009231s ]
INFO: [ view_parse ] --END-- [ RunTime:0.009269s ]
INFO: [ view_filter ] --START--
INFO: Run Behavior\WriteHtmlCacheBehavior [ RunTime:0.000432s ]
INFO: [ view_filter ] --END-- [ RunTime:0.000460s ]
INFO: [ app_end ] --START--
INFO: Run Behavior\ShowPageTraceBehavior [ RunTime:0.000737s ]
INFO: [ app_end ] --END-- [ RunTime:0.000789s ]

[ 2017-11-25T22:53:43+08:00 ] 127.0.0.1 /Admin/admin/img/favicon.png
INFO: [ app_init ] --START--
INFO: Run Behavior\BuildLiteBehavior [ RunTime:0.000010s ]
INFO: [ app_init ] --END-- [ RunTime:0.000275s ]

[ 2017-11-25T22:53:45+08:00 ] 127.0.0.1 /Admin/Admin
INFO: [ app_init ] --START--
INFO: Run Behavior\BuildLiteBehavior [ RunTime:0.000009s ]
INFO: [ app_init ] --END-- [ RunTime:0.000280s ]
INFO: [ app_begin ] --START--
INFO: Run Behavior\ReadHtmlCacheBehavior [ RunTime:0.000352s ]
INFO: [ app_begin ] --END-- [ RunTime:0.000388s ]
NOTIC: [2] mdecrypt_generic(): An empty string was passed F:\xampp\htdocs\crap\ThinkPHP\Library\Org\Util\AES.class.php 第 51 行.
NOTIC: [2] preg_match(): Null byte in regex F:\xampp\htdocs\crap\ThinkPHP\Library\Org\Util\AES.class.php 第 80 行.
NOTIC: [2048] Declaration of Application\BaseModel::add() should be compatible with Think\Model::add($data = '', $options = Array, $replace = false) F:\xampp\htdocs\crap\Application\BaseModel.class.php 第 12 行.
NOTIC: [2] Missing argument 1 for Common\Service\Crap\AdminUsersService::getCount(), called in F:\xampp\htdocs\crap\Application\Admin\Controller\AdminController.class.php on line 24 and defined F:\xampp\htdocs\crap\Application\Common\Service\Crap\AdminUsersService.class.php 第 80 行.
NOTIC: [8] Undefined variable: where F:\xampp\htdocs\crap\Application\Common\Service\Crap\AdminUsersService.class.php 第 82 行.
SQL: SELECT COUNT(*) AS tp_count FROM `crap_admin_users` LIMIT 1   [ RunTime:0.0003s ]
NOTIC: [8] Undefined index: query F:\xampp\htdocs\crap\Application\BaseController.class.php 第 137 行.
SQL: SELECT * FROM `crap_admin_users` ORDER BY create_time DESC LIMIT 0,2   [ RunTime:0.0002s ]
INFO: [ view_parse ] --START--
INFO: [ template_filter ] --START--
INFO: Run Behavior\ContentReplaceBehavior [ RunTime:0.000068s ]
INFO: [ template_filter ] --END-- [ RunTime:0.000107s ]
NOTIC: [8] Undefined index: status F:\xampp\htdocs\crap\Runtime\Cache\Admin\d7502419773bd6b49a800162e5dc3227.php 第 192 行.
NOTIC: [8] Undefined index: status F:\xampp\htdocs\crap\Runtime\Cache\Admin\d7502419773bd6b49a800162e5dc3227.php 第 193 行.
NOTIC: [8] Undefined index: status F:\xampp\htdocs\crap\Runtime\Cache\Admin\d7502419773bd6b49a800162e5dc3227.php 第 192 行.
NOTIC: [8] Undefined index: status F:\xampp\htdocs\crap\Runtime\Cache\Admin\d7502419773bd6b49a800162e5dc3227.php 第 193 行.
INFO: Run Behavior\ParseTemplateBehavior [ RunTime:0.011359s ]
INFO: [ view_parse ] --END-- [ RunTime:0.011396s ]
INFO: [ view_filter ] --START--
INFO: Run Behavior\WriteHtmlCacheBehavior [ RunTime:0.000477s ]
INFO: [ view_filter ] --END-- [ RunTime:0.000505s ]
INFO: [ app_end ] --START--
INFO: Run Behavior\ShowPageTraceBehavior [ RunTime:0.000615s ]
INFO: [ app_end ] --END-- [ RunTime:0.000672s ]

[ 2017-11-25T22:53:47+08:00 ] 127.0.0.1 /Admin/Admin/index/page/2/
INFO: [ app_init ] --START--
INFO: Run Behavior\BuildLiteBehavior [ RunTime:0.000009s ]
INFO: [ app_init ] --END-- [ RunTime:0.000281s ]
INFO: [ app_begin ] --START--
INFO: Run Behavior\ReadHtmlCacheBehavior [ RunTime:0.000342s ]
INFO: [ app_begin ] --END-- [ RunTime:0.000378s ]
NOTIC: [2] mdecrypt_generic(): An empty string was passed F:\xampp\htdocs\crap\ThinkPHP\Library\Org\Util\AES.class.php 第 51 行.
NOTIC: [2] preg_match(): Null byte in regex F:\xampp\htdocs\crap\ThinkPHP\Library\Org\Util\AES.class.php 第 80 行.
NOTIC: [2048] Declaration of Application\BaseModel::add() should be compatible with Think\Model::add($data = '', $options = Array, $replace = false) F:\xampp\htdocs\crap\Application\BaseModel.class.php 第 12 行.
NOTIC: [2] Missing argument 1 for Common\Service\Crap\AdminUsersService::getCount(), called in F:\xampp\htdocs\crap\Application\Admin\Controller\AdminController.class.php on line 24 and defined F:\xampp\htdocs\crap\Application\Common\Service\Crap\AdminUsersService.class.php 第 80 行.
NOTIC: [8] Undefined variable: where F:\xampp\htdocs\crap\Application\Common\Service\Crap\AdminUsersService.class.php 第 82 行.
SQL: SELECT COUNT(*) AS tp_count FROM `crap_admin_users` LIMIT 1   [ RunTime:0.0002s ]
NOTIC: [8] Undefined index: query F:\xampp\htdocs\crap\Application\BaseController.class.php 第 104 行.
SQL: SELECT * FROM `crap_admin_users` ORDER BY create_time DESC LIMIT 2,2   [ RunTime:0.0002s ]
INFO: [ view_parse ] --START--
INFO: [ template_filter ] --START--
INFO: Run Behavior\ContentReplaceBehavior [ RunTime:0.000064s ]
INFO: [ template_filter ] --END-- [ RunTime:0.000099s ]
NOTIC: [8] Undefined index: status F:\xampp\htdocs\crap\Runtime\Cache\Admin\d7502419773bd6b49a800162e5dc3227.php 第 192 行.
NOTIC: [8] Undefined index: status F:\xampp\htdocs\crap\Runtime\Cache\Admin\d7502419773bd6b49a800162e5dc3227.php 第 193 行.
INFO: Run Behavior\ParseTemplateBehavior [ RunTime:0.010979s ]
INFO: [ view_parse ] --END-- [ RunTime:0.011012s ]
INFO: [ view_filter ] --START--
INFO: Run Behavior\WriteHtmlCacheBehavior [ RunTime:0.000549s ]
INFO: [ view_filter ] --END-- [ RunTime:0.000585s ]
INFO: [ app_end ] --START--
INFO: Run Behavior\ShowPageTraceBehavior [ RunTime:0.000740s ]
INFO: [ app_end ] --END-- [ RunTime:0.000794s ]

[ 2017-11-25T22:53:48+08:00 ] 127.0.0.1 /Admin/Admin/index/page/2/img/favicon.png
INFO: [ app_init ] --START--
INFO: Run Behavior\BuildLiteBehavior [ RunTime:0.000009s ]
INFO: [ app_init ] --END-- [ RunTime:0.000286s ]

[ 2017-11-25T22:53:49+08:00 ] 127.0.0.1 /Admin/img/arrow-up.png
INFO: [ app_init ] --START--
INFO: Run Behavior\BuildLiteBehavior [ RunTime:0.000010s ]
INFO: [ app_init ] --END-- [ RunTime:0.000283s ]

[ 2017-11-25T23:01:51+08:00 ] 127.0.0.1 /Admin/Admin
INFO: [ app_init ] --START--
INFO: Run Behavior\BuildLiteBehavior [ RunTime:0.000010s ]
INFO: [ app_init ] --END-- [ RunTime:0.000357s ]
INFO: [ app_begin ] --START--
INFO: Run Behavior\ReadHtmlCacheBehavior [ RunTime:0.000541s ]
INFO: [ app_begin ] --END-- [ RunTime:0.000577s ]
NOTIC: [2] mdecrypt_generic(): An empty string was passed F:\xampp\htdocs\crap\ThinkPHP\Library\Org\Util\AES.class.php 第 51 行.
NOTIC: [2] preg_match(): Null byte in regex F:\xampp\htdocs\crap\ThinkPHP\Library\Org\Util\AES.class.php 第 80 行.
NOTIC: [2048] Declaration of Application\BaseModel::add() should be compatible with Think\Model::add($data = '', $options = Array, $replace = false) F:\xampp\htdocs\crap\Application\BaseModel.class.php 第 12 行.
NOTIC: [2] Missing argument 1 for Common\Service\Crap\AdminUsersService::getCount(), called in F:\xampp\htdocs\crap\Application\Admin\Controller\AdminController.class.php on line 24 and defined F:\xampp\htdocs\crap\Application\Common\Service\Crap\AdminUsersService.class.php 第 80 行.
NOTIC: [8] Undefined variable: where F:\xampp\htdocs\crap\Application\Common\Service\Crap\AdminUsersService.class.php 第 82 行.
SQL: SELECT COUNT(*) AS tp_count FROM `crap_admin_users` LIMIT 1   [ RunTime:0.0003s ]
NOTIC: [8] Undefined index: query F:\xampp\htdocs\crap\Application\BaseController.class.php 第 137 行.
SQL: SELECT * FROM `crap_admin_users` ORDER BY create_time DESC LIMIT 0,2   [ RunTime:0.0002s ]
INFO: [ view_parse ] --START--
INFO: [ template_filter ] --START--
INFO: Run Behavior\ContentReplaceBehavior [ RunTime:0.000069s ]
INFO: [ template_filter ] --END-- [ RunTime:0.000100s ]
NOTIC: [8] Undefined index: status F:\xampp\htdocs\crap\Runtime\Cache\Admin\d7502419773bd6b49a800162e5dc3227.php 第 192 行.
NOTIC: [8] Undefined index: status F:\xampp\htdocs\crap\Runtime\Cache\Admin\d7502419773bd6b49a800162e5dc3227.php 第 193 行.
NOTIC: [8] Undefined index: status F:\xampp\htdocs\crap\Runtime\Cache\Admin\d7502419773bd6b49a800162e5dc3227.php 第 192 行.
NOTIC: [8] Undefined index: status F:\xampp\htdocs\crap\Runtime\Cache\Admin\d7502419773bd6b49a800162e5dc3227.php 第 193 行.
INFO: Run Behavior\ParseTemplateBehavior [ RunTime:0.011974s ]
INFO: [ view_parse ] --END-- [ RunTime:0.012007s ]
INFO: [ view_filter ] --START--
INFO: Run Behavior\WriteHtmlCacheBehavior [ RunTime:0.000439s ]
INFO: [ view_filter ] --END-- [ RunTime:0.000466s ]
INFO: [ app_end ] --START--
INFO: Run Behavior\ShowPageTraceBehavior [ RunTime:0.000662s ]
INFO: [ app_end ] --END-- [ RunTime:0.000705s ]

[ 2017-11-25T23:01:52+08:00 ] 127.0.0.1 /Admin/Admin
INFO: [ app_init ] --START--
INFO: Run Behavior\BuildLiteBehavior [ RunTime:0.000009s ]
INFO: [ app_init ] --END-- [ RunTime:0.000284s ]
INFO: [ app_begin ] --START--
INFO: Run Behavior\ReadHtmlCacheBehavior [ RunTime:0.000346s ]
INFO: [ app_begin ] --END-- [ RunTime:0.000382s ]
NOTIC: [2] mdecrypt_generic(): An empty string was passed F:\xampp\htdocs\crap\ThinkPHP\Library\Org\Util\AES.class.php 第 51 行.
NOTIC: [2] preg_match(): Null byte in regex F:\xampp\htdocs\crap\ThinkPHP\Library\Org\Util\AES.class.php 第 80 行.
NOTIC: [2048] Declaration of Application\BaseModel::add() should be compatible with Think\Model::add($data = '', $options = Array, $replace = false) F:\xampp\htdocs\crap\Application\BaseModel.class.php 第 12 行.
NOTIC: [2] Missing argument 1 for Common\Service\Crap\AdminUsersService::getCount(), called in F:\xampp\htdocs\crap\Application\Admin\Controller\AdminController.class.php on line 24 and defined F:\xampp\htdocs\crap\Application\Common\Service\Crap\AdminUsersService.class.php 第 80 行.
NOTIC: [8] Undefined variable: where F:\xampp\htdocs\crap\Application\Common\Service\Crap\AdminUsersService.class.php 第 82 行.
SQL: SELECT COUNT(*) AS tp_count FROM `crap_admin_users` LIMIT 1   [ RunTime:0.0002s ]
NOTIC: [8] Undefined index: query F:\xampp\htdocs\crap\Application\BaseController.class.php 第 137 行.
SQL: SELECT * FROM `crap_admin_users` ORDER BY create_time DESC LIMIT 0,2   [ RunTime:0.0002s ]
INFO: [ view_parse ] --START--
INFO: [ template_filter ] --START--
INFO: Run Behavior\ContentReplaceBehavior [ RunTime:0.000067s ]
INFO: [ template_filter ] --END-- [ RunTime:0.000105s ]
NOTIC: [8] Undefined index: status F:\xampp\htdocs\crap\Runtime\Cache\Admin\d7502419773bd6b49a800162e5dc3227.php 第 192 行.
NOTIC: [8] Undefined index: status F:\xampp\htdocs\crap\Runtime\Cache\Admin\d7502419773bd6b49a800162e5dc3227.php 第 193 行.
NOTIC: [8] Undefined index: status F:\xampp\htdocs\crap\Runtime\Cache\Admin\d7502419773bd6b49a800162e5dc3227.php 第 192 行.
NOTIC: [8] Undefined index: status F:\xampp\htdocs\crap\Runtime\Cache\Admin\d7502419773bd6b49a800162e5dc3227.php 第 193 行.
INFO: Run Behavior\ParseTemplateBehavior [ RunTime:0.012243s ]
INFO: [ view_parse ] --END-- [ RunTime:0.012274s ]
INFO: [ view_filter ] --START--
INFO: Run Behavior\WriteHtmlCacheBehavior [ RunTime:0.000437s ]
INFO: [ view_filter ] --END-- [ RunTime:0.000465s ]
INFO: [ app_end ] --START--
INFO: Run Behavior\ShowPageTraceBehavior [ RunTime:0.000643s ]
INFO: [ app_end ] --END-- [ RunTime:0.000700s ]

[ 2017-11-25T23:01:53+08:00 ] 127.0.0.1 /Admin/Admin
INFO: [ app_init ] --START--
INFO: Run Behavior\BuildLiteBehavior [ RunTime:0.000009s ]
INFO: [ app_init ] --END-- [ RunTime:0.000287s ]
INFO: [ app_begin ] --START--
INFO: Run Behavior\ReadHtmlCacheBehavior [ RunTime:0.000350s ]
INFO: [ app_begin ] --END-- [ RunTime:0.000388s ]
NOTIC: [2] mdecrypt_generic(): An empty string was passed F:\xampp\htdocs\crap\ThinkPHP\Library\Org\Util\AES.class.php 第 51 行.
NOTIC: [2] preg_match(): Null byte in regex F:\xampp\htdocs\crap\ThinkPHP\Library\Org\Util\AES.class.php 第 80 行.
NOTIC: [2048] Declaration of Application\BaseModel::add() should be compatible with Think\Model::add($data = '', $options = Array, $replace = false) F:\xampp\htdocs\crap\Application\BaseModel.class.php 第 12 行.
NOTIC: [2] Missing argument 1 for Common\Service\Crap\AdminUsersService::getCount(), called in F:\xampp\htdocs\crap\Application\Admin\Controller\AdminController.class.php on line 24 and defined F:\xampp\htdocs\crap\Application\Common\Service\Crap\AdminUsersService.class.php 第 80 行.
NOTIC: [8] Undefined variable: where F:\xampp\htdocs\crap\Application\Common\Service\Crap\AdminUsersService.class.php 第 82 行.
SQL: SELECT COUNT(*) AS tp_count FROM `crap_admin_users` LIMIT 1   [ RunTime:0.0002s ]
NOTIC: [8] Undefined index: query F:\xampp\htdocs\crap\Application\BaseController.class.php 第 137 行.
SQL: SELECT * FROM `crap_admin_users` ORDER BY create_time DESC LIMIT 0,2   [ RunTime:0.0002s ]
INFO: [ view_parse ] --START--
INFO: [ template_filter ] --START--
INFO: Run Behavior\ContentReplaceBehavior [ RunTime:0.000065s ]
INFO: [ template_filter ] --END-- [ RunTime:0.000096s ]
NOTIC: [8] Undefined index: status F:\xampp\htdocs\crap\Runtime\Cache\Admin\d7502419773bd6b49a800162e5dc3227.php 第 192 行.
NOTIC: [8] Undefined index: status F:\xampp\htdocs\crap\Runtime\Cache\Admin\d7502419773bd6b49a800162e5dc3227.php 第 193 行.
NOTIC: [8] Undefined index: status F:\xampp\htdocs\crap\Runtime\Cache\Admin\d7502419773bd6b49a800162e5dc3227.php 第 192 行.
NOTIC: [8] Undefined index: status F:\xampp\htdocs\crap\Runtime\Cache\Admin\d7502419773bd6b49a800162e5dc3227.php 第 193 行.
INFO: Run Behavior\ParseTemplateBehavior [ RunTime:0.012328s ]
INFO: [ view_parse ] --END-- [ RunTime:0.012363s ]
INFO: [ view_filter ] --START--
INFO: Run Behavior\WriteHtmlCacheBehavior [ RunTime:0.000509s ]
INFO: [ view_filter ] --END-- [ RunTime:0.000536s ]
INFO: [ app_end ] --START--
INFO: Run Behavior\ShowPageTraceBehavior [ RunTime:0.000787s ]
INFO: [ app_end ] --END-- [ RunTime:0.000820s ]

