[ 2017-12-04T19:43:52+08:00 ] 127.0.0.1 /Admin/Login/login
INFO: [ app_init ] --START--
INFO: Run Behavior\BuildLiteBehavior [ RunTime:0.000016s ]
INFO: [ app_init ] --END-- [ RunTime:0.000974s ]
INFO: [ app_begin ] --START--
INFO: Run Behavior\ReadHtmlCacheBehavior [ RunTime:0.001174s ]
INFO: [ app_begin ] --END-- [ RunTime:0.001242s ]
NOTIC: [2] mdecrypt_generic(): An empty string was passed F:\xampp\htdocs\crap\ThinkPHP\Library\Org\Util\AES.class.php 第 51 行.
NOTIC: [2] preg_match(): Null byte in regex F:\xampp\htdocs\crap\ThinkPHP\Library\Org\Util\AES.class.php 第 80 行.
NOTIC: [2048] Declaration of Application\BaseModel::add() should be compatible with Think\Model::add($data = '', $options = Array, $replace = false) F:\xampp\htdocs\crap\Application\BaseModel.class.php 第 12 行.
INFO: [ view_parse ] --START--
INFO: [ template_filter ] --START--
INFO: Run Behavior\ContentReplaceBehavior [ RunTime:0.000062s ]
INFO: [ template_filter ] --END-- [ RunTime:0.000124s ]
INFO: Run Behavior\ParseTemplateBehavior [ RunTime:0.023051s ]
INFO: [ view_parse ] --END-- [ RunTime:0.023130s ]
INFO: [ view_filter ] --START--
INFO: Run Behavior\WriteHtmlCacheBehavior [ RunTime:0.001012s ]
INFO: [ view_filter ] --END-- [ RunTime:0.001059s ]
INFO: [ app_end ] --START--
INFO: Run Behavior\ShowPageTraceBehavior [ RunTime:0.001078s ]
INFO: [ app_end ] --END-- [ RunTime:0.001128s ]

[ 2017-12-04T19:44:08+08:00 ] 127.0.0.1 /Admin/Login/doLogin
INFO: [ app_init ] --START--
INFO: Run Behavior\BuildLiteBehavior [ RunTime:0.000009s ]
INFO: [ app_init ] --END-- [ RunTime:0.000279s ]
INFO: [ app_begin ] --START--
INFO: Run Behavior\ReadHtmlCacheBehavior [ RunTime:0.000508s ]
INFO: [ app_begin ] --END-- [ RunTime:0.000545s ]
NOTIC: [2] mdecrypt_generic(): An empty string was passed F:\xampp\htdocs\crap\ThinkPHP\Library\Org\Util\AES.class.php 第 51 行.
NOTIC: [2] preg_match(): Null byte in regex F:\xampp\htdocs\crap\ThinkPHP\Library\Org\Util\AES.class.php 第 80 行.
NOTIC: [2048] Declaration of Application\BaseModel::add() should be compatible with Think\Model::add($data = '', $options = Array, $replace = false) F:\xampp\htdocs\crap\Application\BaseModel.class.php 第 12 行.
SQL: SELECT * FROM `crap_admin_users` WHERE `name` = 'admin' AND `password` = '5d82ba75740d6a1a290222d83dd5b9ad' LIMIT 1   [ RunTime:0.0077s ]
INFO: [ view_parse ] --START--
INFO: [ template_filter ] --START--
INFO: Run Behavior\ContentReplaceBehavior [ RunTime:0.000027s ]
INFO: [ template_filter ] --END-- [ RunTime:0.000068s ]
INFO: Run Behavior\ParseTemplateBehavior [ RunTime:0.031600s ]
INFO: [ view_parse ] --END-- [ RunTime:0.031651s ]
INFO: [ view_filter ] --START--
INFO: Run Behavior\WriteHtmlCacheBehavior [ RunTime:0.000306s ]
INFO: [ view_filter ] --END-- [ RunTime:0.000334s ]

[ 2017-12-04T19:44:10+08:00 ] 127.0.0.1 /Admin/Login/login
INFO: [ app_init ] --START--
INFO: Run Behavior\BuildLiteBehavior [ RunTime:0.000022s ]
INFO: [ app_init ] --END-- [ RunTime:0.000687s ]
INFO: [ app_begin ] --START--
INFO: Run Behavior\ReadHtmlCacheBehavior [ RunTime:0.000432s ]
INFO: [ app_begin ] --END-- [ RunTime:0.000478s ]
NOTIC: [2] mdecrypt_generic(): An empty string was passed F:\xampp\htdocs\crap\ThinkPHP\Library\Org\Util\AES.class.php 第 51 行.
NOTIC: [2] preg_match(): Null byte in regex F:\xampp\htdocs\crap\ThinkPHP\Library\Org\Util\AES.class.php 第 80 行.
NOTIC: [2048] Declaration of Application\BaseModel::add() should be compatible with Think\Model::add($data = '', $options = Array, $replace = false) F:\xampp\htdocs\crap\Application\BaseModel.class.php 第 12 行.
INFO: [ view_parse ] --START--
INFO: [ template_filter ] --START--
INFO: Run Behavior\ContentReplaceBehavior [ RunTime:0.000037s ]
INFO: [ template_filter ] --END-- [ RunTime:0.000080s ]
INFO: Run Behavior\ParseTemplateBehavior [ RunTime:0.004767s ]
INFO: [ view_parse ] --END-- [ RunTime:0.004810s ]
INFO: [ view_filter ] --START--
INFO: Run Behavior\WriteHtmlCacheBehavior [ RunTime:0.000230s ]
INFO: [ view_filter ] --END-- [ RunTime:0.000262s ]
INFO: [ app_end ] --START--
INFO: Run Behavior\ShowPageTraceBehavior [ RunTime:0.000692s ]
INFO: [ app_end ] --END-- [ RunTime:0.000729s ]

[ 2017-12-04T19:44:16+08:00 ] 127.0.0.1 /Admin/Login/doLogin
INFO: [ app_init ] --START--
INFO: Run Behavior\BuildLiteBehavior [ RunTime:0.000010s ]
INFO: [ app_init ] --END-- [ RunTime:0.000289s ]
INFO: [ app_begin ] --START--
INFO: Run Behavior\ReadHtmlCacheBehavior [ RunTime:0.000348s ]
INFO: [ app_begin ] --END-- [ RunTime:0.000394s ]
NOTIC: [2] mdecrypt_generic(): An empty string was passed F:\xampp\htdocs\crap\ThinkPHP\Library\Org\Util\AES.class.php 第 51 行.
NOTIC: [2] preg_match(): Null byte in regex F:\xampp\htdocs\crap\ThinkPHP\Library\Org\Util\AES.class.php 第 80 行.
NOTIC: [2048] Declaration of Application\BaseModel::add() should be compatible with Think\Model::add($data = '', $options = Array, $replace = false) F:\xampp\htdocs\crap\Application\BaseModel.class.php 第 12 行.
SQL: SELECT * FROM `crap_admin_users` WHERE `name` = 'admin' AND `password` = '2e88327de2f97110f6c5f97be61a25b8' LIMIT 1   [ RunTime:0.0003s ]

[ 2017-12-04T19:44:16+08:00 ] 127.0.0.1 /Admin/index
INFO: [ app_init ] --START--
INFO: Run Behavior\BuildLiteBehavior [ RunTime:0.000008s ]
INFO: [ app_init ] --END-- [ RunTime:0.000278s ]
INFO: [ app_begin ] --START--
INFO: Run Behavior\ReadHtmlCacheBehavior [ RunTime:0.000344s ]
INFO: [ app_begin ] --END-- [ RunTime:0.000378s ]
NOTIC: [2] mdecrypt_generic(): An empty string was passed F:\xampp\htdocs\crap\ThinkPHP\Library\Org\Util\AES.class.php 第 51 行.
NOTIC: [2] preg_match(): Null byte in regex F:\xampp\htdocs\crap\ThinkPHP\Library\Org\Util\AES.class.php 第 80 行.
NOTIC: [2048] Declaration of Application\BaseModel::add() should be compatible with Think\Model::add($data = '', $options = Array, $replace = false) F:\xampp\htdocs\crap\Application\BaseModel.class.php 第 12 行.
NOTIC: [8] Undefined variable: userCount F:\xampp\htdocs\crap\Application\Admin\Controller\IndexController.class.php 第 36 行.
NOTIC: [8] Undefined variable: channelCount F:\xampp\htdocs\crap\Application\Admin\Controller\IndexController.class.php 第 37 行.
NOTIC: [8] Undefined variable: loginCount F:\xampp\htdocs\crap\Application\Admin\Controller\IndexController.class.php 第 41 行.
NOTIC: [8] Undefined variable: recommendJobCount F:\xampp\htdocs\crap\Application\Admin\Controller\IndexController.class.php 第 46 行.
NOTIC: [8] Undefined variable: recommendResumeCount F:\xampp\htdocs\crap\Application\Admin\Controller\IndexController.class.php 第 47 行.
NOTIC: [8] Undefined variable: invitBySmsCount F:\xampp\htdocs\crap\Application\Admin\Controller\IndexController.class.php 第 48 行.
NOTIC: [8] Undefined variable: receiveCount F:\xampp\htdocs\crap\Application\Admin\Controller\IndexController.class.php 第 49 行.
NOTIC: [8] Undefined variable: autoReceiveCount F:\xampp\htdocs\crap\Application\Admin\Controller\IndexController.class.php 第 50 行.
NOTIC: [8] Undefined variable: rejectCount F:\xampp\htdocs\crap\Application\Admin\Controller\IndexController.class.php 第 51 行.
INFO: [ view_parse ] --START--
INFO: [ template_filter ] --START--
INFO: Run Behavior\ContentReplaceBehavior [ RunTime:0.000057s ]
INFO: [ template_filter ] --END-- [ RunTime:0.000097s ]
NOTIC: [8] Undefined variable: currentPage F:\xampp\htdocs\crap\Runtime\Cache\Admin\53ba6b9177d3b17ee3b89aee36ab9c4d.php 第 10 行.
NOTIC: [8] Use of undefined constant today - assumed 'today' F:\xampp\htdocs\crap\Runtime\Cache\Admin\53ba6b9177d3b17ee3b89aee36ab9c4d.php 第 182 行.
NOTIC: [8] Use of undefined constant yesterday - assumed 'yesterday' F:\xampp\htdocs\crap\Runtime\Cache\Admin\53ba6b9177d3b17ee3b89aee36ab9c4d.php 第 183 行.
NOTIC: [8] Use of undefined constant week - assumed 'week' F:\xampp\htdocs\crap\Runtime\Cache\Admin\53ba6b9177d3b17ee3b89aee36ab9c4d.php 第 184 行.
NOTIC: [8] Use of undefined constant month - assumed 'month' F:\xampp\htdocs\crap\Runtime\Cache\Admin\53ba6b9177d3b17ee3b89aee36ab9c4d.php 第 185 行.
NOTIC: [8] Use of undefined constant all - assumed 'all' F:\xampp\htdocs\crap\Runtime\Cache\Admin\53ba6b9177d3b17ee3b89aee36ab9c4d.php 第 186 行.
INFO: Run Behavior\ParseTemplateBehavior [ RunTime:0.042336s ]
INFO: [ view_parse ] --END-- [ RunTime:0.042370s ]
INFO: [ view_filter ] --START--
INFO: Run Behavior\WriteHtmlCacheBehavior [ RunTime:0.000204s ]
INFO: [ view_filter ] --END-- [ RunTime:0.000230s ]
INFO: [ app_end ] --START--
INFO: Run Behavior\ShowPageTraceBehavior [ RunTime:0.000607s ]
INFO: [ app_end ] --END-- [ RunTime:0.000666s ]

[ 2017-12-04T19:44:17+08:00 ] 127.0.0.1 /Admin/img/favicon.png
INFO: [ app_init ] --START--
INFO: Run Behavior\BuildLiteBehavior [ RunTime:0.000016s ]
INFO: [ app_init ] --END-- [ RunTime:0.000617s ]

[ 2017-12-04T19:49:35+08:00 ] 127.0.0.1 /Admin/Admin
INFO: [ app_init ] --START--
INFO: Run Behavior\BuildLiteBehavior [ RunTime:0.000009s ]
INFO: [ app_init ] --END-- [ RunTime:0.000357s ]
INFO: [ app_begin ] --START--
INFO: Run Behavior\ReadHtmlCacheBehavior [ RunTime:0.000547s ]
INFO: [ app_begin ] --END-- [ RunTime:0.000586s ]
NOTIC: [2] mdecrypt_generic(): An empty string was passed F:\xampp\htdocs\crap\ThinkPHP\Library\Org\Util\AES.class.php 第 51 行.
NOTIC: [2] preg_match(): Null byte in regex F:\xampp\htdocs\crap\ThinkPHP\Library\Org\Util\AES.class.php 第 80 行.
NOTIC: [2048] Declaration of Application\BaseModel::add() should be compatible with Think\Model::add($data = '', $options = Array, $replace = false) F:\xampp\htdocs\crap\Application\BaseModel.class.php 第 12 行.
NOTIC: [2] Missing argument 1 for Common\Service\Crap\AdminUsersService::getCount(), called in F:\xampp\htdocs\crap\Application\Admin\Controller\AdminController.class.php on line 24 and defined F:\xampp\htdocs\crap\Application\Common\Service\Crap\AdminUsersService.class.php 第 80 行.
NOTIC: [8] Undefined variable: where F:\xampp\htdocs\crap\Application\Common\Service\Crap\AdminUsersService.class.php 第 82 行.
SQL: SELECT COUNT(*) AS tp_count FROM `crap_admin_users` LIMIT 1   [ RunTime:0.0007s ]
NOTIC: [8] Undefined index: query F:\xampp\htdocs\crap\Application\BaseController.class.php 第 137 行.
SQL: SELECT * FROM `crap_admin_users` ORDER BY create_time DESC LIMIT 0,2   [ RunTime:0.0006s ]
INFO: [ view_parse ] --START--
INFO: [ template_filter ] --START--
INFO: Run Behavior\ContentReplaceBehavior [ RunTime:0.000182s ]
INFO: [ template_filter ] --END-- [ RunTime:0.000280s ]
NOTIC: [8] Undefined index: status F:\xampp\htdocs\crap\Runtime\Cache\Admin\d7502419773bd6b49a800162e5dc3227.php 第 192 行.
NOTIC: [8] Undefined index: status F:\xampp\htdocs\crap\Runtime\Cache\Admin\d7502419773bd6b49a800162e5dc3227.php 第 193 行.
NOTIC: [8] Undefined index: status F:\xampp\htdocs\crap\Runtime\Cache\Admin\d7502419773bd6b49a800162e5dc3227.php 第 192 行.
NOTIC: [8] Undefined index: status F:\xampp\htdocs\crap\Runtime\Cache\Admin\d7502419773bd6b49a800162e5dc3227.php 第 193 行.
INFO: Run Behavior\ParseTemplateBehavior [ RunTime:0.048316s ]
INFO: [ view_parse ] --END-- [ RunTime:0.048421s ]
INFO: [ view_filter ] --START--
INFO: Run Behavior\WriteHtmlCacheBehavior [ RunTime:0.001351s ]
INFO: [ view_filter ] --END-- [ RunTime:0.001432s ]
INFO: [ app_end ] --START--
INFO: Run Behavior\ShowPageTraceBehavior [ RunTime:0.001430s ]
INFO: [ app_end ] --END-- [ RunTime:0.001526s ]

[ 2017-12-04T20:03:23+08:00 ] 127.0.0.1 /Admin/Index
INFO: [ app_init ] --START--
INFO: Run Behavior\BuildLiteBehavior [ RunTime:0.000010s ]
INFO: [ app_init ] --END-- [ RunTime:0.000344s ]
INFO: [ app_begin ] --START--
INFO: Run Behavior\ReadHtmlCacheBehavior [ RunTime:0.000515s ]
INFO: [ app_begin ] --END-- [ RunTime:0.000553s ]
NOTIC: [2] mdecrypt_generic(): An empty string was passed F:\xampp\htdocs\crap\ThinkPHP\Library\Org\Util\AES.class.php 第 51 行.
NOTIC: [2] preg_match(): Null byte in regex F:\xampp\htdocs\crap\ThinkPHP\Library\Org\Util\AES.class.php 第 80 行.
NOTIC: [2048] Declaration of Application\BaseModel::add() should be compatible with Think\Model::add($data = '', $options = Array, $replace = false) F:\xampp\htdocs\crap\Application\BaseModel.class.php 第 12 行.
NOTIC: [8] Undefined variable: userCount F:\xampp\htdocs\crap\Application\Admin\Controller\IndexController.class.php 第 36 行.
NOTIC: [8] Undefined variable: channelCount F:\xampp\htdocs\crap\Application\Admin\Controller\IndexController.class.php 第 37 行.
NOTIC: [8] Undefined variable: loginCount F:\xampp\htdocs\crap\Application\Admin\Controller\IndexController.class.php 第 41 行.
NOTIC: [8] Undefined variable: recommendJobCount F:\xampp\htdocs\crap\Application\Admin\Controller\IndexController.class.php 第 46 行.
NOTIC: [8] Undefined variable: recommendResumeCount F:\xampp\htdocs\crap\Application\Admin\Controller\IndexController.class.php 第 47 行.
NOTIC: [8] Undefined variable: invitBySmsCount F:\xampp\htdocs\crap\Application\Admin\Controller\IndexController.class.php 第 48 行.
NOTIC: [8] Undefined variable: receiveCount F:\xampp\htdocs\crap\Application\Admin\Controller\IndexController.class.php 第 49 行.
NOTIC: [8] Undefined variable: autoReceiveCount F:\xampp\htdocs\crap\Application\Admin\Controller\IndexController.class.php 第 50 行.
NOTIC: [8] Undefined variable: rejectCount F:\xampp\htdocs\crap\Application\Admin\Controller\IndexController.class.php 第 51 行.
INFO: [ view_parse ] --START--
INFO: [ template_filter ] --START--
INFO: Run Behavior\ContentReplaceBehavior [ RunTime:0.000063s ]
INFO: [ template_filter ] --END-- [ RunTime:0.000102s ]
NOTIC: [8] Undefined variable: currentPage F:\xampp\htdocs\crap\Runtime\Cache\Admin\53ba6b9177d3b17ee3b89aee36ab9c4d.php 第 10 行.
NOTIC: [8] Use of undefined constant today - assumed 'today' F:\xampp\htdocs\crap\Runtime\Cache\Admin\53ba6b9177d3b17ee3b89aee36ab9c4d.php 第 182 行.
NOTIC: [8] Use of undefined constant yesterday - assumed 'yesterday' F:\xampp\htdocs\crap\Runtime\Cache\Admin\53ba6b9177d3b17ee3b89aee36ab9c4d.php 第 183 行.
NOTIC: [8] Use of undefined constant week - assumed 'week' F:\xampp\htdocs\crap\Runtime\Cache\Admin\53ba6b9177d3b17ee3b89aee36ab9c4d.php 第 184 行.
NOTIC: [8] Use of undefined constant month - assumed 'month' F:\xampp\htdocs\crap\Runtime\Cache\Admin\53ba6b9177d3b17ee3b89aee36ab9c4d.php 第 185 行.
NOTIC: [8] Use of undefined constant all - assumed 'all' F:\xampp\htdocs\crap\Runtime\Cache\Admin\53ba6b9177d3b17ee3b89aee36ab9c4d.php 第 186 行.
INFO: Run Behavior\ParseTemplateBehavior [ RunTime:0.012252s ]
INFO: [ view_parse ] --END-- [ RunTime:0.012288s ]
INFO: [ view_filter ] --START--
INFO: Run Behavior\WriteHtmlCacheBehavior [ RunTime:0.000876s ]
INFO: [ view_filter ] --END-- [ RunTime:0.000905s ]
INFO: [ app_end ] --START--
INFO: Run Behavior\ShowPageTraceBehavior [ RunTime:0.000566s ]
INFO: [ app_end ] --END-- [ RunTime:0.000606s ]

