[ 2017-11-26T12:44:24+08:00 ] 127.0.0.1 /Admin/Admin/index/page/2/
INFO: [ app_init ] --START--
INFO: Run Behavior\BuildLiteBehavior [ RunTime:0.000020s ]
INFO: [ app_init ] --END-- [ RunTime:0.001400s ]
INFO: [ app_begin ] --START--
INFO: Run Behavior\ReadHtmlCacheBehavior [ RunTime:0.001799s ]
INFO: [ app_begin ] --END-- [ RunTime:0.001889s ]
NOTIC: [2] mdecrypt_generic(): An empty string was passed F:\xampp\htdocs\crap\ThinkPHP\Library\Org\Util\AES.class.php 第 51 行.
NOTIC: [2] preg_match(): Null byte in regex F:\xampp\htdocs\crap\ThinkPHP\Library\Org\Util\AES.class.php 第 80 行.
INFO: [ view_parse ] --START--
INFO: [ template_filter ] --START--
INFO: Run Behavior\ContentReplaceBehavior [ RunTime:0.000076s ]
INFO: [ template_filter ] --END-- [ RunTime:0.000161s ]
INFO: Run Behavior\ParseTemplateBehavior [ RunTime:0.012933s ]
INFO: [ view_parse ] --END-- [ RunTime:0.013022s ]
INFO: [ view_filter ] --START--
INFO: Run Behavior\WriteHtmlCacheBehavior [ RunTime:0.001514s ]
INFO: [ view_filter ] --END-- [ RunTime:0.001575s ]

[ 2017-11-26T12:44:26+08:00 ] 127.0.0.1 /Admin/Login/login
INFO: [ app_init ] --START--
INFO: Run Behavior\BuildLiteBehavior [ RunTime:0.000011s ]
INFO: [ app_init ] --END-- [ RunTime:0.000532s ]
INFO: [ app_begin ] --START--
INFO: Run Behavior\ReadHtmlCacheBehavior [ RunTime:0.000556s ]
INFO: [ app_begin ] --END-- [ RunTime:0.000592s ]
NOTIC: [2] mdecrypt_generic(): An empty string was passed F:\xampp\htdocs\crap\ThinkPHP\Library\Org\Util\AES.class.php 第 51 行.
NOTIC: [2] preg_match(): Null byte in regex F:\xampp\htdocs\crap\ThinkPHP\Library\Org\Util\AES.class.php 第 80 行.
NOTIC: [2048] Declaration of Application\BaseModel::add() should be compatible with Think\Model::add($data = '', $options = Array, $replace = false) F:\xampp\htdocs\crap\Application\BaseModel.class.php 第 12 行.
INFO: [ view_parse ] --START--
INFO: [ template_filter ] --START--
INFO: Run Behavior\ContentReplaceBehavior [ RunTime:0.000036s ]
INFO: [ template_filter ] --END-- [ RunTime:0.000081s ]
INFO: Run Behavior\ParseTemplateBehavior [ RunTime:0.005213s ]
INFO: [ view_parse ] --END-- [ RunTime:0.005258s ]
INFO: [ view_filter ] --START--
INFO: Run Behavior\WriteHtmlCacheBehavior [ RunTime:0.000352s ]
INFO: [ view_filter ] --END-- [ RunTime:0.000382s ]
INFO: [ app_end ] --START--
INFO: Run Behavior\ShowPageTraceBehavior [ RunTime:0.003243s ]
INFO: [ app_end ] --END-- [ RunTime:0.003278s ]

[ 2017-11-26T12:44:35+08:00 ] 127.0.0.1 /Admin/Login/doLogin
INFO: [ app_init ] --START--
INFO: Run Behavior\BuildLiteBehavior [ RunTime:0.000010s ]
INFO: [ app_init ] --END-- [ RunTime:0.000539s ]
INFO: [ app_begin ] --START--
INFO: Run Behavior\ReadHtmlCacheBehavior [ RunTime:0.000702s ]
INFO: [ app_begin ] --END-- [ RunTime:0.000740s ]
NOTIC: [2] mdecrypt_generic(): An empty string was passed F:\xampp\htdocs\crap\ThinkPHP\Library\Org\Util\AES.class.php 第 51 行.
NOTIC: [2] preg_match(): Null byte in regex F:\xampp\htdocs\crap\ThinkPHP\Library\Org\Util\AES.class.php 第 80 行.
NOTIC: [2048] Declaration of Application\BaseModel::add() should be compatible with Think\Model::add($data = '', $options = Array, $replace = false) F:\xampp\htdocs\crap\Application\BaseModel.class.php 第 12 行.
SQL: SELECT * FROM `crap_admin_users` WHERE `name` = 'admin' AND `password` = 'd85137cca3bebb2b1804aaf61157515b' LIMIT 1   [ RunTime:0.1407s ]
INFO: [ view_parse ] --START--
INFO: [ template_filter ] --START--
INFO: Run Behavior\ContentReplaceBehavior [ RunTime:0.000100s ]
INFO: [ template_filter ] --END-- [ RunTime:0.000246s ]
INFO: Run Behavior\ParseTemplateBehavior [ RunTime:0.021371s ]
INFO: [ view_parse ] --END-- [ RunTime:0.021571s ]
INFO: [ view_filter ] --START--
INFO: Run Behavior\WriteHtmlCacheBehavior [ RunTime:0.002034s ]
INFO: [ view_filter ] --END-- [ RunTime:0.002159s ]

[ 2017-11-26T12:44:38+08:00 ] 127.0.0.1 /Admin/Login/login
INFO: [ app_init ] --START--
INFO: Run Behavior\BuildLiteBehavior [ RunTime:0.000011s ]
INFO: [ app_init ] --END-- [ RunTime:0.000476s ]
INFO: [ app_begin ] --START--
INFO: Run Behavior\ReadHtmlCacheBehavior [ RunTime:0.000525s ]
INFO: [ app_begin ] --END-- [ RunTime:0.000562s ]
NOTIC: [2] mdecrypt_generic(): An empty string was passed F:\xampp\htdocs\crap\ThinkPHP\Library\Org\Util\AES.class.php 第 51 行.
NOTIC: [2] preg_match(): Null byte in regex F:\xampp\htdocs\crap\ThinkPHP\Library\Org\Util\AES.class.php 第 80 行.
NOTIC: [2048] Declaration of Application\BaseModel::add() should be compatible with Think\Model::add($data = '', $options = Array, $replace = false) F:\xampp\htdocs\crap\Application\BaseModel.class.php 第 12 行.
INFO: [ view_parse ] --START--
INFO: [ template_filter ] --START--
INFO: Run Behavior\ContentReplaceBehavior [ RunTime:0.000032s ]
INFO: [ template_filter ] --END-- [ RunTime:0.000068s ]
INFO: Run Behavior\ParseTemplateBehavior [ RunTime:0.004938s ]
INFO: [ view_parse ] --END-- [ RunTime:0.004978s ]
INFO: [ view_filter ] --START--
INFO: Run Behavior\WriteHtmlCacheBehavior [ RunTime:0.000396s ]
INFO: [ view_filter ] --END-- [ RunTime:0.000432s ]
INFO: [ app_end ] --START--
INFO: Run Behavior\ShowPageTraceBehavior [ RunTime:0.000784s ]
INFO: [ app_end ] --END-- [ RunTime:0.000824s ]

[ 2017-11-26T12:44:45+08:00 ] 127.0.0.1 /Admin/Login/doLogin
INFO: [ app_init ] --START--
INFO: Run Behavior\BuildLiteBehavior [ RunTime:0.000010s ]
INFO: [ app_init ] --END-- [ RunTime:0.000485s ]
INFO: [ app_begin ] --START--
INFO: Run Behavior\ReadHtmlCacheBehavior [ RunTime:0.000562s ]
INFO: [ app_begin ] --END-- [ RunTime:0.000604s ]
NOTIC: [2] mdecrypt_generic(): An empty string was passed F:\xampp\htdocs\crap\ThinkPHP\Library\Org\Util\AES.class.php 第 51 行.
NOTIC: [2] preg_match(): Null byte in regex F:\xampp\htdocs\crap\ThinkPHP\Library\Org\Util\AES.class.php 第 80 行.
NOTIC: [2048] Declaration of Application\BaseModel::add() should be compatible with Think\Model::add($data = '', $options = Array, $replace = false) F:\xampp\htdocs\crap\Application\BaseModel.class.php 第 12 行.
SQL: SELECT * FROM `crap_admin_users` WHERE `name` = 'admin' AND `password` = 'f0dbfce9a60bd9361dcbdc4d9fb34edd' LIMIT 1   [ RunTime:0.0004s ]
INFO: [ view_parse ] --START--
INFO: [ template_filter ] --START--
INFO: Run Behavior\ContentReplaceBehavior [ RunTime:0.000027s ]
INFO: [ template_filter ] --END-- [ RunTime:0.000058s ]
INFO: Run Behavior\ParseTemplateBehavior [ RunTime:0.004484s ]
INFO: [ view_parse ] --END-- [ RunTime:0.004527s ]
INFO: [ view_filter ] --START--
INFO: Run Behavior\WriteHtmlCacheBehavior [ RunTime:0.000382s ]
INFO: [ view_filter ] --END-- [ RunTime:0.000410s ]

[ 2017-11-26T12:44:47+08:00 ] 127.0.0.1 /Admin/Login/login
INFO: [ app_init ] --START--
INFO: Run Behavior\BuildLiteBehavior [ RunTime:0.000019s ]
INFO: [ app_init ] --END-- [ RunTime:0.001013s ]
INFO: [ app_begin ] --START--
INFO: Run Behavior\ReadHtmlCacheBehavior [ RunTime:0.001145s ]
INFO: [ app_begin ] --END-- [ RunTime:0.001226s ]
NOTIC: [2] mdecrypt_generic(): An empty string was passed F:\xampp\htdocs\crap\ThinkPHP\Library\Org\Util\AES.class.php 第 51 行.
NOTIC: [2] preg_match(): Null byte in regex F:\xampp\htdocs\crap\ThinkPHP\Library\Org\Util\AES.class.php 第 80 行.
NOTIC: [2048] Declaration of Application\BaseModel::add() should be compatible with Think\Model::add($data = '', $options = Array, $replace = false) F:\xampp\htdocs\crap\Application\BaseModel.class.php 第 12 行.
INFO: [ view_parse ] --START--
INFO: [ template_filter ] --START--
INFO: Run Behavior\ContentReplaceBehavior [ RunTime:0.000065s ]
INFO: [ template_filter ] --END-- [ RunTime:0.000145s ]
INFO: Run Behavior\ParseTemplateBehavior [ RunTime:0.010402s ]
INFO: [ view_parse ] --END-- [ RunTime:0.010485s ]
INFO: [ view_filter ] --START--
INFO: Run Behavior\WriteHtmlCacheBehavior [ RunTime:0.001093s ]
INFO: [ view_filter ] --END-- [ RunTime:0.001161s ]
INFO: [ app_end ] --START--
INFO: Run Behavior\ShowPageTraceBehavior [ RunTime:0.001744s ]
INFO: [ app_end ] --END-- [ RunTime:0.001814s ]

[ 2017-11-26T12:44:55+08:00 ] 127.0.0.1 /Admin/Login/doLogin
INFO: [ app_init ] --START--
INFO: Run Behavior\BuildLiteBehavior [ RunTime:0.000009s ]
INFO: [ app_init ] --END-- [ RunTime:0.000607s ]
INFO: [ app_begin ] --START--
INFO: Run Behavior\ReadHtmlCacheBehavior [ RunTime:0.000573s ]
INFO: [ app_begin ] --END-- [ RunTime:0.000609s ]
NOTIC: [2] mdecrypt_generic(): An empty string was passed F:\xampp\htdocs\crap\ThinkPHP\Library\Org\Util\AES.class.php 第 51 行.
NOTIC: [2] preg_match(): Null byte in regex F:\xampp\htdocs\crap\ThinkPHP\Library\Org\Util\AES.class.php 第 80 行.
NOTIC: [2048] Declaration of Application\BaseModel::add() should be compatible with Think\Model::add($data = '', $options = Array, $replace = false) F:\xampp\htdocs\crap\Application\BaseModel.class.php 第 12 行.
SQL: SELECT * FROM `crap_admin_users` WHERE `name` = 'admin' AND `password` = '1fb0096bd1b706ad535b4a4c5b9c5cc8' LIMIT 1   [ RunTime:0.0003s ]
INFO: [ view_parse ] --START--
INFO: [ template_filter ] --START--
INFO: Run Behavior\ContentReplaceBehavior [ RunTime:0.000027s ]
INFO: [ template_filter ] --END-- [ RunTime:0.000059s ]
INFO: Run Behavior\ParseTemplateBehavior [ RunTime:0.004610s ]
INFO: [ view_parse ] --END-- [ RunTime:0.004654s ]
INFO: [ view_filter ] --START--
INFO: Run Behavior\WriteHtmlCacheBehavior [ RunTime:0.000452s ]
INFO: [ view_filter ] --END-- [ RunTime:0.000481s ]

[ 2017-11-26T12:44:57+08:00 ] 127.0.0.1 /Admin/Login/login
INFO: [ app_init ] --START--
INFO: Run Behavior\BuildLiteBehavior [ RunTime:0.000020s ]
INFO: [ app_init ] --END-- [ RunTime:0.001015s ]
INFO: [ app_begin ] --START--
INFO: Run Behavior\ReadHtmlCacheBehavior [ RunTime:0.001132s ]
INFO: [ app_begin ] --END-- [ RunTime:0.001214s ]
NOTIC: [2] mdecrypt_generic(): An empty string was passed F:\xampp\htdocs\crap\ThinkPHP\Library\Org\Util\AES.class.php 第 51 行.
NOTIC: [2] preg_match(): Null byte in regex F:\xampp\htdocs\crap\ThinkPHP\Library\Org\Util\AES.class.php 第 80 行.
NOTIC: [2048] Declaration of Application\BaseModel::add() should be compatible with Think\Model::add($data = '', $options = Array, $replace = false) F:\xampp\htdocs\crap\Application\BaseModel.class.php 第 12 行.
INFO: [ view_parse ] --START--
INFO: [ template_filter ] --START--
INFO: Run Behavior\ContentReplaceBehavior [ RunTime:0.000043s ]
INFO: [ template_filter ] --END-- [ RunTime:0.000092s ]
INFO: Run Behavior\ParseTemplateBehavior [ RunTime:0.006401s ]
INFO: [ view_parse ] --END-- [ RunTime:0.006452s ]
INFO: [ view_filter ] --START--
INFO: Run Behavior\WriteHtmlCacheBehavior [ RunTime:0.000546s ]
INFO: [ view_filter ] --END-- [ RunTime:0.000585s ]
INFO: [ app_end ] --START--
INFO: Run Behavior\ShowPageTraceBehavior [ RunTime:0.001046s ]
INFO: [ app_end ] --END-- [ RunTime:0.001086s ]

[ 2017-11-26T12:45:36+08:00 ] 127.0.0.1 /Admin/Login/doLogin
INFO: [ app_init ] --START--
INFO: Run Behavior\BuildLiteBehavior [ RunTime:0.000010s ]
INFO: [ app_init ] --END-- [ RunTime:0.000443s ]
INFO: [ app_begin ] --START--
INFO: Run Behavior\ReadHtmlCacheBehavior [ RunTime:0.000502s ]
INFO: [ app_begin ] --END-- [ RunTime:0.000541s ]
NOTIC: [2] mdecrypt_generic(): An empty string was passed F:\xampp\htdocs\crap\ThinkPHP\Library\Org\Util\AES.class.php 第 51 行.
NOTIC: [2] preg_match(): Null byte in regex F:\xampp\htdocs\crap\ThinkPHP\Library\Org\Util\AES.class.php 第 80 行.
NOTIC: [2048] Declaration of Application\BaseModel::add() should be compatible with Think\Model::add($data = '', $options = Array, $replace = false) F:\xampp\htdocs\crap\Application\BaseModel.class.php 第 12 行.
SQL: SELECT * FROM `crap_admin_users` WHERE `name` = 'liuxuchao' AND `password` = 'd85137cca3bebb2b1804aaf61157515b' LIMIT 1   [ RunTime:0.0003s ]

[ 2017-11-26T12:45:36+08:00 ] 127.0.0.1 /Admin/index
INFO: [ app_init ] --START--
INFO: Run Behavior\BuildLiteBehavior [ RunTime:0.000010s ]
INFO: [ app_init ] --END-- [ RunTime:0.000431s ]
INFO: [ app_begin ] --START--
INFO: Run Behavior\ReadHtmlCacheBehavior [ RunTime:0.000497s ]
INFO: [ app_begin ] --END-- [ RunTime:0.000532s ]
NOTIC: [2] mdecrypt_generic(): An empty string was passed F:\xampp\htdocs\crap\ThinkPHP\Library\Org\Util\AES.class.php 第 51 行.
NOTIC: [2] preg_match(): Null byte in regex F:\xampp\htdocs\crap\ThinkPHP\Library\Org\Util\AES.class.php 第 80 行.
NOTIC: [2048] Declaration of Application\BaseModel::add() should be compatible with Think\Model::add($data = '', $options = Array, $replace = false) F:\xampp\htdocs\crap\Application\BaseModel.class.php 第 12 行.
NOTIC: [8] Undefined variable: userCount F:\xampp\htdocs\crap\Application\Admin\Controller\IndexController.class.php 第 36 行.
NOTIC: [8] Undefined variable: channelCount F:\xampp\htdocs\crap\Application\Admin\Controller\IndexController.class.php 第 37 行.
NOTIC: [8] Undefined variable: loginCount F:\xampp\htdocs\crap\Application\Admin\Controller\IndexController.class.php 第 41 行.
NOTIC: [8] Undefined variable: recommendJobCount F:\xampp\htdocs\crap\Application\Admin\Controller\IndexController.class.php 第 46 行.
NOTIC: [8] Undefined variable: recommendResumeCount F:\xampp\htdocs\crap\Application\Admin\Controller\IndexController.class.php 第 47 行.
NOTIC: [8] Undefined variable: invitBySmsCount F:\xampp\htdocs\crap\Application\Admin\Controller\IndexController.class.php 第 48 行.
NOTIC: [8] Undefined variable: receiveCount F:\xampp\htdocs\crap\Application\Admin\Controller\IndexController.class.php 第 49 行.
NOTIC: [8] Undefined variable: autoReceiveCount F:\xampp\htdocs\crap\Application\Admin\Controller\IndexController.class.php 第 50 行.
NOTIC: [8] Undefined variable: rejectCount F:\xampp\htdocs\crap\Application\Admin\Controller\IndexController.class.php 第 51 行.
INFO: [ view_parse ] --START--
INFO: [ template_filter ] --START--
INFO: Run Behavior\ContentReplaceBehavior [ RunTime:0.000057s ]
INFO: [ template_filter ] --END-- [ RunTime:0.000094s ]
NOTIC: [8] Undefined variable: currentPage F:\xampp\htdocs\crap\Runtime\Cache\Admin\53ba6b9177d3b17ee3b89aee36ab9c4d.php 第 10 行.
NOTIC: [8] Use of undefined constant today - assumed 'today' F:\xampp\htdocs\crap\Runtime\Cache\Admin\53ba6b9177d3b17ee3b89aee36ab9c4d.php 第 182 行.
NOTIC: [8] Use of undefined constant yesterday - assumed 'yesterday' F:\xampp\htdocs\crap\Runtime\Cache\Admin\53ba6b9177d3b17ee3b89aee36ab9c4d.php 第 183 行.
NOTIC: [8] Use of undefined constant week - assumed 'week' F:\xampp\htdocs\crap\Runtime\Cache\Admin\53ba6b9177d3b17ee3b89aee36ab9c4d.php 第 184 行.
NOTIC: [8] Use of undefined constant month - assumed 'month' F:\xampp\htdocs\crap\Runtime\Cache\Admin\53ba6b9177d3b17ee3b89aee36ab9c4d.php 第 185 行.
NOTIC: [8] Use of undefined constant all - assumed 'all' F:\xampp\htdocs\crap\Runtime\Cache\Admin\53ba6b9177d3b17ee3b89aee36ab9c4d.php 第 186 行.
INFO: Run Behavior\ParseTemplateBehavior [ RunTime:0.024774s ]
INFO: [ view_parse ] --END-- [ RunTime:0.024809s ]
INFO: [ view_filter ] --START--
INFO: Run Behavior\WriteHtmlCacheBehavior [ RunTime:0.000513s ]
INFO: [ view_filter ] --END-- [ RunTime:0.000543s ]
INFO: [ app_end ] --START--
INFO: Run Behavior\ShowPageTraceBehavior [ RunTime:0.001122s ]
INFO: [ app_end ] --END-- [ RunTime:0.001165s ]

[ 2017-11-26T12:45:36+08:00 ] 127.0.0.1 /Admin/img/favicon.png
INFO: [ app_init ] --START--
INFO: Run Behavior\BuildLiteBehavior [ RunTime:0.000011s ]
INFO: [ app_init ] --END-- [ RunTime:0.000453s ]

[ 2017-11-26T12:50:06+08:00 ] 127.0.0.1 /Admin/Index
INFO: [ app_init ] --START--
INFO: Run Behavior\BuildLiteBehavior [ RunTime:0.000008s ]
INFO: [ app_init ] --END-- [ RunTime:0.000338s ]
INFO: [ app_begin ] --START--
INFO: Run Behavior\ReadHtmlCacheBehavior [ RunTime:0.000529s ]
INFO: [ app_begin ] --END-- [ RunTime:0.000567s ]
NOTIC: [2] mdecrypt_generic(): An empty string was passed F:\xampp\htdocs\crap\ThinkPHP\Library\Org\Util\AES.class.php 第 51 行.
NOTIC: [2] preg_match(): Null byte in regex F:\xampp\htdocs\crap\ThinkPHP\Library\Org\Util\AES.class.php 第 80 行.
NOTIC: [2048] Declaration of Application\BaseModel::add() should be compatible with Think\Model::add($data = '', $options = Array, $replace = false) F:\xampp\htdocs\crap\Application\BaseModel.class.php 第 12 行.
NOTIC: [8] Undefined variable: userCount F:\xampp\htdocs\crap\Application\Admin\Controller\IndexController.class.php 第 36 行.
NOTIC: [8] Undefined variable: channelCount F:\xampp\htdocs\crap\Application\Admin\Controller\IndexController.class.php 第 37 行.
NOTIC: [8] Undefined variable: loginCount F:\xampp\htdocs\crap\Application\Admin\Controller\IndexController.class.php 第 41 行.
NOTIC: [8] Undefined variable: recommendJobCount F:\xampp\htdocs\crap\Application\Admin\Controller\IndexController.class.php 第 46 行.
NOTIC: [8] Undefined variable: recommendResumeCount F:\xampp\htdocs\crap\Application\Admin\Controller\IndexController.class.php 第 47 行.
NOTIC: [8] Undefined variable: invitBySmsCount F:\xampp\htdocs\crap\Application\Admin\Controller\IndexController.class.php 第 48 行.
NOTIC: [8] Undefined variable: receiveCount F:\xampp\htdocs\crap\Application\Admin\Controller\IndexController.class.php 第 49 行.
NOTIC: [8] Undefined variable: autoReceiveCount F:\xampp\htdocs\crap\Application\Admin\Controller\IndexController.class.php 第 50 行.
NOTIC: [8] Undefined variable: rejectCount F:\xampp\htdocs\crap\Application\Admin\Controller\IndexController.class.php 第 51 行.
INFO: [ view_parse ] --START--
INFO: [ template_filter ] --START--
INFO: Run Behavior\ContentReplaceBehavior [ RunTime:0.000060s ]
INFO: [ template_filter ] --END-- [ RunTime:0.000098s ]
NOTIC: [8] Undefined variable: currentPage F:\xampp\htdocs\crap\Runtime\Cache\Admin\53ba6b9177d3b17ee3b89aee36ab9c4d.php 第 10 行.
NOTIC: [8] Use of undefined constant today - assumed 'today' F:\xampp\htdocs\crap\Runtime\Cache\Admin\53ba6b9177d3b17ee3b89aee36ab9c4d.php 第 182 行.
NOTIC: [8] Use of undefined constant yesterday - assumed 'yesterday' F:\xampp\htdocs\crap\Runtime\Cache\Admin\53ba6b9177d3b17ee3b89aee36ab9c4d.php 第 183 行.
NOTIC: [8] Use of undefined constant week - assumed 'week' F:\xampp\htdocs\crap\Runtime\Cache\Admin\53ba6b9177d3b17ee3b89aee36ab9c4d.php 第 184 行.
NOTIC: [8] Use of undefined constant month - assumed 'month' F:\xampp\htdocs\crap\Runtime\Cache\Admin\53ba6b9177d3b17ee3b89aee36ab9c4d.php 第 185 行.
NOTIC: [8] Use of undefined constant all - assumed 'all' F:\xampp\htdocs\crap\Runtime\Cache\Admin\53ba6b9177d3b17ee3b89aee36ab9c4d.php 第 186 行.
INFO: Run Behavior\ParseTemplateBehavior [ RunTime:0.011870s ]
INFO: [ view_parse ] --END-- [ RunTime:0.011902s ]
INFO: [ view_filter ] --START--
INFO: Run Behavior\WriteHtmlCacheBehavior [ RunTime:0.000476s ]
INFO: [ view_filter ] --END-- [ RunTime:0.000502s ]
INFO: [ app_end ] --START--
INFO: Run Behavior\ShowPageTraceBehavior [ RunTime:0.000735s ]
INFO: [ app_end ] --END-- [ RunTime:0.000769s ]

[ 2017-11-26T12:50:10+08:00 ] 127.0.0.1 /Admin/admin/add
INFO: [ app_init ] --START--
INFO: Run Behavior\BuildLiteBehavior [ RunTime:0.000009s ]
INFO: [ app_init ] --END-- [ RunTime:0.000286s ]
INFO: [ app_begin ] --START--
INFO: Run Behavior\ReadHtmlCacheBehavior [ RunTime:0.000343s ]
INFO: [ app_begin ] --END-- [ RunTime:0.000378s ]
NOTIC: [2] mdecrypt_generic(): An empty string was passed F:\xampp\htdocs\crap\ThinkPHP\Library\Org\Util\AES.class.php 第 51 行.
NOTIC: [2] preg_match(): Null byte in regex F:\xampp\htdocs\crap\ThinkPHP\Library\Org\Util\AES.class.php 第 80 行.
NOTIC: [2048] Declaration of Application\BaseModel::add() should be compatible with Think\Model::add($data = '', $options = Array, $replace = false) F:\xampp\htdocs\crap\Application\BaseModel.class.php 第 12 行.
INFO: [ view_parse ] --START--
INFO: [ template_filter ] --START--
INFO: Run Behavior\ContentReplaceBehavior [ RunTime:0.000045s ]
INFO: [ template_filter ] --END-- [ RunTime:0.000081s ]
INFO: Run Behavior\ParseTemplateBehavior [ RunTime:0.026565s ]
INFO: [ view_parse ] --END-- [ RunTime:0.026600s ]
INFO: [ view_filter ] --START--
INFO: Run Behavior\WriteHtmlCacheBehavior [ RunTime:0.000364s ]
INFO: [ view_filter ] --END-- [ RunTime:0.000390s ]
INFO: [ app_end ] --START--
INFO: Run Behavior\ShowPageTraceBehavior [ RunTime:0.000774s ]
INFO: [ app_end ] --END-- [ RunTime:0.000827s ]

[ 2017-11-26T12:50:10+08:00 ] 127.0.0.1 /Admin/admin/img/favicon.png
INFO: [ app_init ] --START--
INFO: Run Behavior\BuildLiteBehavior [ RunTime:0.000014s ]
INFO: [ app_init ] --END-- [ RunTime:0.000308s ]

[ 2017-11-26T12:50:11+08:00 ] 127.0.0.1 /Admin/Admin
INFO: [ app_init ] --START--
INFO: Run Behavior\BuildLiteBehavior [ RunTime:0.000009s ]
INFO: [ app_init ] --END-- [ RunTime:0.000277s ]
INFO: [ app_begin ] --START--
INFO: Run Behavior\ReadHtmlCacheBehavior [ RunTime:0.000343s ]
INFO: [ app_begin ] --END-- [ RunTime:0.000378s ]
NOTIC: [2] mdecrypt_generic(): An empty string was passed F:\xampp\htdocs\crap\ThinkPHP\Library\Org\Util\AES.class.php 第 51 行.
NOTIC: [2] preg_match(): Null byte in regex F:\xampp\htdocs\crap\ThinkPHP\Library\Org\Util\AES.class.php 第 80 行.
NOTIC: [2048] Declaration of Application\BaseModel::add() should be compatible with Think\Model::add($data = '', $options = Array, $replace = false) F:\xampp\htdocs\crap\Application\BaseModel.class.php 第 12 行.
NOTIC: [2] Missing argument 1 for Common\Service\Crap\AdminUsersService::getCount(), called in F:\xampp\htdocs\crap\Application\Admin\Controller\AdminController.class.php on line 24 and defined F:\xampp\htdocs\crap\Application\Common\Service\Crap\AdminUsersService.class.php 第 80 行.
NOTIC: [8] Undefined variable: where F:\xampp\htdocs\crap\Application\Common\Service\Crap\AdminUsersService.class.php 第 82 行.
SQL: SELECT COUNT(*) AS tp_count FROM `crap_admin_users` LIMIT 1   [ RunTime:0.0003s ]
NOTIC: [8] Undefined index: query F:\xampp\htdocs\crap\Application\BaseController.class.php 第 137 行.
SQL: SELECT * FROM `crap_admin_users` ORDER BY create_time DESC LIMIT 0,2   [ RunTime:0.0002s ]
INFO: [ view_parse ] --START--
INFO: [ template_filter ] --START--
INFO: Run Behavior\ContentReplaceBehavior [ RunTime:0.000062s ]
INFO: [ template_filter ] --END-- [ RunTime:0.000096s ]
NOTIC: [8] Undefined index: status F:\xampp\htdocs\crap\Runtime\Cache\Admin\d7502419773bd6b49a800162e5dc3227.php 第 192 行.
NOTIC: [8] Undefined index: status F:\xampp\htdocs\crap\Runtime\Cache\Admin\d7502419773bd6b49a800162e5dc3227.php 第 193 行.
NOTIC: [8] Undefined index: status F:\xampp\htdocs\crap\Runtime\Cache\Admin\d7502419773bd6b49a800162e5dc3227.php 第 192 行.
NOTIC: [8] Undefined index: status F:\xampp\htdocs\crap\Runtime\Cache\Admin\d7502419773bd6b49a800162e5dc3227.php 第 193 行.
INFO: Run Behavior\ParseTemplateBehavior [ RunTime:0.011274s ]
INFO: [ view_parse ] --END-- [ RunTime:0.011307s ]
INFO: [ view_filter ] --START--
INFO: Run Behavior\WriteHtmlCacheBehavior [ RunTime:0.000415s ]
INFO: [ view_filter ] --END-- [ RunTime:0.000441s ]
INFO: [ app_end ] --START--
INFO: Run Behavior\ShowPageTraceBehavior [ RunTime:0.000832s ]
INFO: [ app_end ] --END-- [ RunTime:0.000864s ]

[ 2017-11-26T12:51:01+08:00 ] 127.0.0.1 /Admin/Index
INFO: [ app_init ] --START--
INFO: Run Behavior\BuildLiteBehavior [ RunTime:0.000009s ]
INFO: [ app_init ] --END-- [ RunTime:0.000281s ]
INFO: [ app_begin ] --START--
INFO: Run Behavior\ReadHtmlCacheBehavior [ RunTime:0.000345s ]
INFO: [ app_begin ] --END-- [ RunTime:0.000380s ]
NOTIC: [2] mdecrypt_generic(): An empty string was passed F:\xampp\htdocs\crap\ThinkPHP\Library\Org\Util\AES.class.php 第 51 行.
NOTIC: [2] preg_match(): Null byte in regex F:\xampp\htdocs\crap\ThinkPHP\Library\Org\Util\AES.class.php 第 80 行.
NOTIC: [2048] Declaration of Application\BaseModel::add() should be compatible with Think\Model::add($data = '', $options = Array, $replace = false) F:\xampp\htdocs\crap\Application\BaseModel.class.php 第 12 行.
NOTIC: [8] Undefined variable: userCount F:\xampp\htdocs\crap\Application\Admin\Controller\IndexController.class.php 第 36 行.
NOTIC: [8] Undefined variable: channelCount F:\xampp\htdocs\crap\Application\Admin\Controller\IndexController.class.php 第 37 行.
NOTIC: [8] Undefined variable: loginCount F:\xampp\htdocs\crap\Application\Admin\Controller\IndexController.class.php 第 41 行.
NOTIC: [8] Undefined variable: recommendJobCount F:\xampp\htdocs\crap\Application\Admin\Controller\IndexController.class.php 第 46 行.
NOTIC: [8] Undefined variable: recommendResumeCount F:\xampp\htdocs\crap\Application\Admin\Controller\IndexController.class.php 第 47 行.
NOTIC: [8] Undefined variable: invitBySmsCount F:\xampp\htdocs\crap\Application\Admin\Controller\IndexController.class.php 第 48 行.
NOTIC: [8] Undefined variable: receiveCount F:\xampp\htdocs\crap\Application\Admin\Controller\IndexController.class.php 第 49 行.
NOTIC: [8] Undefined variable: autoReceiveCount F:\xampp\htdocs\crap\Application\Admin\Controller\IndexController.class.php 第 50 行.
NOTIC: [8] Undefined variable: rejectCount F:\xampp\htdocs\crap\Application\Admin\Controller\IndexController.class.php 第 51 行.
INFO: [ view_parse ] --START--
INFO: [ template_filter ] --START--
INFO: Run Behavior\ContentReplaceBehavior [ RunTime:0.000063s ]
INFO: [ template_filter ] --END-- [ RunTime:0.000103s ]
NOTIC: [8] Undefined variable: currentPage F:\xampp\htdocs\crap\Runtime\Cache\Admin\53ba6b9177d3b17ee3b89aee36ab9c4d.php 第 10 行.
NOTIC: [8] Use of undefined constant today - assumed 'today' F:\xampp\htdocs\crap\Runtime\Cache\Admin\53ba6b9177d3b17ee3b89aee36ab9c4d.php 第 182 行.
NOTIC: [8] Use of undefined constant yesterday - assumed 'yesterday' F:\xampp\htdocs\crap\Runtime\Cache\Admin\53ba6b9177d3b17ee3b89aee36ab9c4d.php 第 183 行.
NOTIC: [8] Use of undefined constant week - assumed 'week' F:\xampp\htdocs\crap\Runtime\Cache\Admin\53ba6b9177d3b17ee3b89aee36ab9c4d.php 第 184 行.
NOTIC: [8] Use of undefined constant month - assumed 'month' F:\xampp\htdocs\crap\Runtime\Cache\Admin\53ba6b9177d3b17ee3b89aee36ab9c4d.php 第 185 行.
NOTIC: [8] Use of undefined constant all - assumed 'all' F:\xampp\htdocs\crap\Runtime\Cache\Admin\53ba6b9177d3b17ee3b89aee36ab9c4d.php 第 186 行.
INFO: Run Behavior\ParseTemplateBehavior [ RunTime:0.011968s ]
INFO: [ view_parse ] --END-- [ RunTime:0.012000s ]
INFO: [ view_filter ] --START--
INFO: Run Behavior\WriteHtmlCacheBehavior [ RunTime:0.000385s ]
INFO: [ view_filter ] --END-- [ RunTime:0.000411s ]
INFO: [ app_end ] --START--
INFO: Run Behavior\ShowPageTraceBehavior [ RunTime:0.001029s ]
INFO: [ app_end ] --END-- [ RunTime:0.001077s ]

[ 2017-11-26T12:51:06+08:00 ] 127.0.0.1 /Admin/admin/add
INFO: [ app_init ] --START--
INFO: Run Behavior\BuildLiteBehavior [ RunTime:0.000009s ]
INFO: [ app_init ] --END-- [ RunTime:0.000282s ]
INFO: [ app_begin ] --START--
INFO: Run Behavior\ReadHtmlCacheBehavior [ RunTime:0.000341s ]
INFO: [ app_begin ] --END-- [ RunTime:0.000378s ]
NOTIC: [2] mdecrypt_generic(): An empty string was passed F:\xampp\htdocs\crap\ThinkPHP\Library\Org\Util\AES.class.php 第 51 行.
NOTIC: [2] preg_match(): Null byte in regex F:\xampp\htdocs\crap\ThinkPHP\Library\Org\Util\AES.class.php 第 80 行.
NOTIC: [2048] Declaration of Application\BaseModel::add() should be compatible with Think\Model::add($data = '', $options = Array, $replace = false) F:\xampp\htdocs\crap\Application\BaseModel.class.php 第 12 行.
INFO: [ view_parse ] --START--
INFO: [ template_filter ] --START--
INFO: Run Behavior\ContentReplaceBehavior [ RunTime:0.000048s ]
INFO: [ template_filter ] --END-- [ RunTime:0.000081s ]
INFO: Run Behavior\ParseTemplateBehavior [ RunTime:0.009267s ]
INFO: [ view_parse ] --END-- [ RunTime:0.009304s ]
INFO: [ view_filter ] --START--
INFO: Run Behavior\WriteHtmlCacheBehavior [ RunTime:0.000393s ]
INFO: [ view_filter ] --END-- [ RunTime:0.000422s ]
INFO: [ app_end ] --START--
INFO: Run Behavior\ShowPageTraceBehavior [ RunTime:0.000594s ]
INFO: [ app_end ] --END-- [ RunTime:0.000628s ]

[ 2017-11-26T12:51:08+08:00 ] 127.0.0.1 /Admin/admin/add
INFO: [ app_init ] --START--
INFO: Run Behavior\BuildLiteBehavior [ RunTime:0.000009s ]
INFO: [ app_init ] --END-- [ RunTime:0.000267s ]
INFO: [ app_begin ] --START--
INFO: Run Behavior\ReadHtmlCacheBehavior [ RunTime:0.000333s ]
INFO: [ app_begin ] --END-- [ RunTime:0.000368s ]
NOTIC: [2] mdecrypt_generic(): An empty string was passed F:\xampp\htdocs\crap\ThinkPHP\Library\Org\Util\AES.class.php 第 51 行.
NOTIC: [2] preg_match(): Null byte in regex F:\xampp\htdocs\crap\ThinkPHP\Library\Org\Util\AES.class.php 第 80 行.
NOTIC: [2048] Declaration of Application\BaseModel::add() should be compatible with Think\Model::add($data = '', $options = Array, $replace = false) F:\xampp\htdocs\crap\Application\BaseModel.class.php 第 12 行.
INFO: [ view_parse ] --START--
INFO: [ template_filter ] --START--
INFO: Run Behavior\ContentReplaceBehavior [ RunTime:0.000047s ]
INFO: [ template_filter ] --END-- [ RunTime:0.000084s ]
INFO: Run Behavior\ParseTemplateBehavior [ RunTime:0.009642s ]
INFO: [ view_parse ] --END-- [ RunTime:0.009678s ]
INFO: [ view_filter ] --START--
INFO: Run Behavior\WriteHtmlCacheBehavior [ RunTime:0.000380s ]
INFO: [ view_filter ] --END-- [ RunTime:0.000408s ]
INFO: [ app_end ] --START--
INFO: Run Behavior\ShowPageTraceBehavior [ RunTime:0.000848s ]
INFO: [ app_end ] --END-- [ RunTime:0.000883s ]

[ 2017-11-26T12:54:58+08:00 ] 127.0.0.1 /Admin/img/arrow-up.png
INFO: [ app_init ] --START--
INFO: Run Behavior\BuildLiteBehavior [ RunTime:0.000010s ]
INFO: [ app_init ] --END-- [ RunTime:0.000340s ]

[ 2017-11-26T12:55:05+08:00 ] 127.0.0.1 /Admin/Admin/changepwd
INFO: [ app_init ] --START--
INFO: Run Behavior\BuildLiteBehavior [ RunTime:0.000009s ]
INFO: [ app_init ] --END-- [ RunTime:0.000279s ]
INFO: [ app_begin ] --START--
INFO: Run Behavior\ReadHtmlCacheBehavior [ RunTime:0.000507s ]
INFO: [ app_begin ] --END-- [ RunTime:0.000543s ]
NOTIC: [2] mdecrypt_generic(): An empty string was passed F:\xampp\htdocs\crap\ThinkPHP\Library\Org\Util\AES.class.php 第 51 行.
NOTIC: [2] preg_match(): Null byte in regex F:\xampp\htdocs\crap\ThinkPHP\Library\Org\Util\AES.class.php 第 80 行.
NOTIC: [2048] Declaration of Application\BaseModel::add() should be compatible with Think\Model::add($data = '', $options = Array, $replace = false) F:\xampp\htdocs\crap\Application\BaseModel.class.php 第 12 行.
INFO: [ view_parse ] --START--
INFO: [ template_filter ] --START--
INFO: Run Behavior\ContentReplaceBehavior [ RunTime:0.000050s ]
INFO: [ template_filter ] --END-- [ RunTime:0.000087s ]
INFO: Run Behavior\ParseTemplateBehavior [ RunTime:0.031132s ]
INFO: [ view_parse ] --END-- [ RunTime:0.031169s ]
INFO: [ view_filter ] --START--
INFO: Run Behavior\WriteHtmlCacheBehavior [ RunTime:0.000452s ]
INFO: [ view_filter ] --END-- [ RunTime:0.000480s ]
INFO: [ app_end ] --START--
INFO: Run Behavior\ShowPageTraceBehavior [ RunTime:0.000819s ]
INFO: [ app_end ] --END-- [ RunTime:0.000861s ]

[ 2017-11-26T12:55:05+08:00 ] 127.0.0.1 /Admin/Admin/img/favicon.png
INFO: [ app_init ] --START--
INFO: Run Behavior\BuildLiteBehavior [ RunTime:0.000011s ]
INFO: [ app_init ] --END-- [ RunTime:0.000520s ]

[ 2017-11-26T12:55:07+08:00 ] 127.0.0.1 /Admin/Admin
INFO: [ app_init ] --START--
INFO: Run Behavior\BuildLiteBehavior [ RunTime:0.000009s ]
INFO: [ app_init ] --END-- [ RunTime:0.000282s ]
INFO: [ app_begin ] --START--
INFO: Run Behavior\ReadHtmlCacheBehavior [ RunTime:0.000355s ]
INFO: [ app_begin ] --END-- [ RunTime:0.000392s ]
NOTIC: [2] mdecrypt_generic(): An empty string was passed F:\xampp\htdocs\crap\ThinkPHP\Library\Org\Util\AES.class.php 第 51 行.
NOTIC: [2] preg_match(): Null byte in regex F:\xampp\htdocs\crap\ThinkPHP\Library\Org\Util\AES.class.php 第 80 行.
NOTIC: [2048] Declaration of Application\BaseModel::add() should be compatible with Think\Model::add($data = '', $options = Array, $replace = false) F:\xampp\htdocs\crap\Application\BaseModel.class.php 第 12 行.
NOTIC: [2] Missing argument 1 for Common\Service\Crap\AdminUsersService::getCount(), called in F:\xampp\htdocs\crap\Application\Admin\Controller\AdminController.class.php on line 24 and defined F:\xampp\htdocs\crap\Application\Common\Service\Crap\AdminUsersService.class.php 第 80 行.
NOTIC: [8] Undefined variable: where F:\xampp\htdocs\crap\Application\Common\Service\Crap\AdminUsersService.class.php 第 82 行.
SQL: SELECT COUNT(*) AS tp_count FROM `crap_admin_users` LIMIT 1   [ RunTime:0.0003s ]
NOTIC: [8] Undefined index: query F:\xampp\htdocs\crap\Application\BaseController.class.php 第 137 行.
SQL: SELECT * FROM `crap_admin_users` ORDER BY create_time DESC LIMIT 0,2   [ RunTime:0.0002s ]
INFO: [ view_parse ] --START--
INFO: [ template_filter ] --START--
INFO: Run Behavior\ContentReplaceBehavior [ RunTime:0.000070s ]
INFO: [ template_filter ] --END-- [ RunTime:0.000109s ]
NOTIC: [8] Undefined index: status F:\xampp\htdocs\crap\Runtime\Cache\Admin\d7502419773bd6b49a800162e5dc3227.php 第 192 行.
NOTIC: [8] Undefined index: status F:\xampp\htdocs\crap\Runtime\Cache\Admin\d7502419773bd6b49a800162e5dc3227.php 第 193 行.
NOTIC: [8] Undefined index: status F:\xampp\htdocs\crap\Runtime\Cache\Admin\d7502419773bd6b49a800162e5dc3227.php 第 192 行.
NOTIC: [8] Undefined index: status F:\xampp\htdocs\crap\Runtime\Cache\Admin\d7502419773bd6b49a800162e5dc3227.php 第 193 行.
INFO: Run Behavior\ParseTemplateBehavior [ RunTime:0.011259s ]
INFO: [ view_parse ] --END-- [ RunTime:0.011296s ]
INFO: [ view_filter ] --START--
INFO: Run Behavior\WriteHtmlCacheBehavior [ RunTime:0.000413s ]
INFO: [ view_filter ] --END-- [ RunTime:0.000441s ]
INFO: [ app_end ] --START--
INFO: Run Behavior\ShowPageTraceBehavior [ RunTime:0.000600s ]
INFO: [ app_end ] --END-- [ RunTime:0.000632s ]

[ 2017-11-26T13:16:10+08:00 ] 127.0.0.1 /Admin/Goods
INFO: [ app_init ] --START--
INFO: Run Behavior\BuildLiteBehavior [ RunTime:0.000009s ]
INFO: [ app_init ] --END-- [ RunTime:0.000340s ]
INFO: [ app_begin ] --START--
INFO: Run Behavior\ReadHtmlCacheBehavior [ RunTime:0.000505s ]
INFO: [ app_begin ] --END-- [ RunTime:0.000542s ]

